Log Entry : 2016年12月23日 00:00:01
2016/12/23 上午 12:00:01,開始導入資料...
------------------------------------
Log Entry : 2016年12月23日 00:00:01
2016/12/23 上午 12:00:01,資料導入結束
------------------------------------
Log Entry : 2016年12月23日 01:00:01
2016/12/23 上午 01:00:01,開始導入資料...
------------------------------------
Log Entry : 2016年12月23日 01:00:01
2016/12/23 上午 01:00:01,資料導入結束
------------------------------------
Log Entry : 2016年12月23日 02:00:01
2016/12/23 上午 02:00:01,開始導入資料...
------------------------------------
Log Entry : 2016年12月23日 02:00:01
2016/12/23 上午 02:00:01,資料導入結束
------------------------------------
Log Entry : 2016年12月23日 03:00:01
2016/12/23 上午 03:00:01,開始導入資料...
------------------------------------
Log Entry : 2016年12月23日 03:00:01
2016/12/23 上午 03:00:01,資料導入結束
------------------------------------
Log Entry : 2016年12月23日 04:00:01
2016/12/23 上午 04:00:01,開始導入資料...
------------------------------------
Log Entry : 2016年12月23日 04:00:01
2016/12/23 上午 04:00:01,資料導入結束
------------------------------------
Log Entry : 2016年12月23日 05:00:01
2016/12/23 上午 05:00:01,開始導入資料...
------------------------------------
Log Entry : 2016年12月23日 05:00:01
2016/12/23 上午 05:00:01,資料導入結束
------------------------------------
Log Entry : 2016年12月23日 06:00:01
2016/12/23 上午 06:00:01,開始導入資料...
------------------------------------
Log Entry : 2016年12月23日 06:00:01
2016/12/23 上午 06:00:01,資料導入結束
------------------------------------
Log Entry : 2016年12月23日 07:00:01
2016/12/23 上午 07:00:01,開始導入資料...
------------------------------------
Log Entry : 2016年12月23日 07:00:01
2016/12/23 上午 07:00:01,資料導入結束
------------------------------------
Log Entry : 2016年12月23日 08:00:01
2016/12/23 上午 08:00:01,開始導入資料...
------------------------------------
Log Entry : 2016年12月23日 08:00:01
2016/12/23 上午 08:00:01,資料導入結束
------------------------------------
Log Entry : 2016年12月23日 08:30:35
时间:2016/12/23 上午 08:29:23, Service Start...
------------------------------------
Log Entry : 2016年12月23日 09:00:09
2016/12/23 上午 09:00:09,開始導入資料...
------------------------------------
Log Entry : 2016年12月23日 09:00:09
2016/12/23 上午 09:00:09,資料導入結束
------------------------------------
Log Entry : 2016年12月23日 10:00:02
2016/12/23 上午 10:00:02,開始導入資料...
------------------------------------
Log Entry : 2016年12月23日 10:00:02
2016/12/23 上午 10:00:02,資料導入結束
------------------------------------
Log Entry : 2016年12月23日 11:00:09
2016/12/23 上午 11:00:09,開始導入資料...
------------------------------------
Log Entry : 2016年12月23日 11:00:23
行更新成功。

------------------------------------
Log Entry : 2016年12月23日 11:00:23
第：1行 DN:369852 導入成功！.

------------------------------------
Log Entry : 2016年12月23日 11:00:23
行更新成功。

------------------------------------
Log Entry : 2016年12月23日 11:00:23
第：2行 DN:369852 導入成功！.

------------------------------------
Log Entry : 2016年12月23日 11:00:24
行更新成功。

------------------------------------
Log Entry : 2016年12月23日 11:00:24
第：3行 DN:369852 導入成功！.

------------------------------------
Log Entry : 2016年12月23日 11:00:24
行更新成功。

------------------------------------
Log Entry : 2016年12月23日 11:00:24
第：4行 DN:369852 導入成功！.

------------------------------------
Log Entry : 2016年12月23日 11:00:24
行更新成功。

------------------------------------
Log Entry : 2016年12月23日 11:00:24
第：5行 DN:369852 導入成功！.

------------------------------------
Log Entry : 2016年12月23日 11:00:25
行更新成功。

------------------------------------
Log Entry : 2016年12月23日 11:00:25
第：6行 DN:369852 導入成功！.

------------------------------------
Log Entry : 2016年12月23日 11:00:25
行更新成功。

------------------------------------
Log Entry : 2016年12月23日 11:00:25
第：7行 DN:369852 導入成功！.

------------------------------------
Log Entry : 2016年12月23日 11:00:25
行更新成功。

------------------------------------
Log Entry : 2016年12月23日 11:00:25
第：8行 DN:369852 導入成功！.

------------------------------------
Log Entry : 2016年12月23日 11:00:26
行更新成功。

------------------------------------
Log Entry : 2016年12月23日 11:00:26
第：9行 DN:369852 導入成功！.

------------------------------------
Log Entry : 2016年12月23日 11:00:26
行更新成功。

------------------------------------
Log Entry : 2016年12月23日 11:00:26
第：10行 DN:369852 導入成功！.

------------------------------------
Log Entry : 2016年12月23日 11:00:26
行更新成功。

------------------------------------
Log Entry : 2016年12月23日 11:00:26
第：11行 DN:369852 導入成功！.

------------------------------------
Log Entry : 2016年12月23日 11:00:27
行更新成功。

------------------------------------
Log Entry : 2016年12月23日 11:00:27
第：12行 DN:369852 導入成功！.

------------------------------------
Log Entry : 2016年12月23日 11:00:27
行更新成功。

------------------------------------
Log Entry : 2016年12月23日 11:00:27
第：13行 DN:369852 導入成功！.

------------------------------------
Log Entry : 2016年12月23日 11:00:27
行更新成功。

------------------------------------
Log Entry : 2016年12月23日 11:00:27
第：14行 DN:369852 導入成功！.

------------------------------------
Log Entry : 2016年12月23日 11:00:27
行更新成功。

------------------------------------
Log Entry : 2016年12月23日 11:00:27
第：15行 DN:369852 導入成功！.

------------------------------------
Log Entry : 2016年12月23日 11:00:27
行更新成功。

------------------------------------
Log Entry : 2016年12月23日 11:00:27
第：16行 DN:369852 導入成功！.

------------------------------------
Log Entry : 2016年12月23日 11:00:27
行更新成功。

------------------------------------
Log Entry : 2016年12月23日 11:00:27
第：17行 DN:369852 導入成功！.

------------------------------------
Log Entry : 2016年12月23日 11:00:28
行更新成功。

------------------------------------
Log Entry : 2016年12月23日 11:00:28
第：18行 DN:369852 導入成功！.

------------------------------------
Log Entry : 2016年12月23日 11:00:28
行更新成功。

------------------------------------
Log Entry : 2016年12月23日 11:00:28
第：19行 DN:369852 導入成功！.

------------------------------------
Log Entry : 2016年12月23日 11:00:28
行更新成功。

------------------------------------
Log Entry : 2016年12月23日 11:00:28
第：20行 DN:369852 導入成功！.

------------------------------------
Log Entry : 2016年12月23日 11:00:28
行更新成功。

------------------------------------
Log Entry : 2016年12月23日 11:00:28
第：21行 DN:369852 導入成功！.

------------------------------------
Log Entry : 2016年12月23日 11:00:28
行更新成功。

------------------------------------
Log Entry : 2016年12月23日 11:00:28
第：22行 DN:369852 導入成功！.

------------------------------------
Log Entry : 2016年12月23日 11:00:28
行更新成功。

------------------------------------
Log Entry : 2016年12月23日 11:00:28
第：23行 DN:369852 導入成功！.

------------------------------------
Log Entry : 2016年12月23日 11:00:28
行更新成功。

------------------------------------
Log Entry : 2016年12月23日 11:00:28
第：24行 DN:369852 導入成功！.

------------------------------------
Log Entry : 2016年12月23日 11:00:28
行更新成功。

------------------------------------
Log Entry : 2016年12月23日 11:00:28
第：25行 DN:369852 導入成功！.

------------------------------------
Log Entry : 2016年12月23日 11:00:28
行更新成功。

------------------------------------
Log Entry : 2016年12月23日 11:00:28
第：26行 DN:369852 導入成功！.

------------------------------------
Log Entry : 2016年12月23日 11:00:29
行更新成功。

------------------------------------
Log Entry : 2016年12月23日 11:00:29
第：27行 DN:369852 導入成功！.

------------------------------------
Log Entry : 2016年12月23日 11:00:29
行更新成功。

------------------------------------
Log Entry : 2016年12月23日 11:00:29
第：28行 DN:369852 導入成功！.

------------------------------------
Log Entry : 2016年12月23日 11:00:30
行更新成功。

------------------------------------
Log Entry : 2016年12月23日 11:00:30
第：29行 DN:369852 導入成功！.

------------------------------------
Log Entry : 2016年12月23日 11:00:30
行更新成功。

------------------------------------
Log Entry : 2016年12月23日 11:00:30
第：30行 DN:369852 導入成功！.

------------------------------------
Log Entry : 2016年12月23日 11:00:30
行更新成功。

------------------------------------
Log Entry : 2016年12月23日 11:00:30
第：31行 DN:369852 導入成功！.

------------------------------------
Log Entry : 2016年12月23日 11:00:30
行更新成功。

------------------------------------
Log Entry : 2016年12月23日 11:00:30
第：32行 DN:369852 導入成功！.

------------------------------------
Log Entry : 2016年12月23日 11:00:30
行更新成功。

------------------------------------
Log Entry : 2016年12月23日 11:00:30
第：33行 DN:369852 導入成功！.

------------------------------------
Log Entry : 2016年12月23日 11:00:30
行更新成功。

------------------------------------
Log Entry : 2016年12月23日 11:00:30
第：34行 DN:369852 導入成功！.

------------------------------------
Log Entry : 2016年12月23日 11:00:30
行更新成功。

------------------------------------
Log Entry : 2016年12月23日 11:00:30
第：35行 DN:369852 導入成功！.

------------------------------------
Log Entry : 2016年12月23日 11:00:30
行更新成功。

------------------------------------
Log Entry : 2016年12月23日 11:00:30
第：36行 DN:369852 導入成功！.

------------------------------------
Log Entry : 2016年12月23日 11:00:30
行更新成功。

------------------------------------
Log Entry : 2016年12月23日 11:00:30
第：37行 DN:369852 導入成功！.

------------------------------------
Log Entry : 2016年12月23日 11:00:30
行更新成功。

------------------------------------
Log Entry : 2016年12月23日 11:00:30
第：38行 DN:369852 導入成功！.

------------------------------------
Log Entry : 2016年12月23日 11:00:31
行更新成功。

------------------------------------
Log Entry : 2016年12月23日 11:00:31
第：39行 DN:369852 導入成功！.

------------------------------------
Log Entry : 2016年12月23日 11:00:31
行更新成功。

------------------------------------
Log Entry : 2016年12月23日 11:00:31
第：40行 DN:369852 導入成功！.

------------------------------------
Log Entry : 2016年12月23日 11:00:31
行更新成功。

------------------------------------
Log Entry : 2016年12月23日 11:00:31
第：41行 DN:369852 導入成功！.

------------------------------------
Log Entry : 2016年12月23日 11:00:31
行更新成功。

------------------------------------
Log Entry : 2016年12月23日 11:00:31
第：42行 DN:369852 導入成功！.

------------------------------------
Log Entry : 2016年12月23日 11:00:31
行更新成功。

------------------------------------
Log Entry : 2016年12月23日 11:00:31
第：43行 DN:369852 導入成功！.

------------------------------------
Log Entry : 2016年12月23日 11:00:31
行更新成功。

------------------------------------
Log Entry : 2016年12月23日 11:00:31
第：44行 DN:369852 導入成功！.

------------------------------------
Log Entry : 2016年12月23日 11:00:31
行更新成功。

------------------------------------
Log Entry : 2016年12月23日 11:00:31
第：45行 DN:369852 導入成功！.

------------------------------------
Log Entry : 2016年12月23日 11:00:31
行更新成功。

------------------------------------
Log Entry : 2016年12月23日 11:00:31
第：46行 DN:369852 導入成功！.

------------------------------------
Log Entry : 2016年12月23日 11:00:31
行更新成功。

------------------------------------
Log Entry : 2016年12月23日 11:00:31
第：47行 DN:369852 導入成功！.

------------------------------------
Log Entry : 2016年12月23日 11:00:31
行更新成功。

------------------------------------
Log Entry : 2016年12月23日 11:00:31
第：48行 DN:369852 導入成功！.

------------------------------------
Log Entry : 2016年12月23日 11:00:31
行更新成功。

------------------------------------
Log Entry : 2016年12月23日 11:00:31
第：49行 DN:369852 導入成功！.

------------------------------------
Log Entry : 2016年12月23日 11:00:31
行更新成功。

------------------------------------
Log Entry : 2016年12月23日 11:00:31
第：50行 DN:369852 導入成功！.

------------------------------------
Log Entry : 2016年12月23日 11:00:31
行更新成功。

------------------------------------
Log Entry : 2016年12月23日 11:00:31
第：51行 DN:369852 導入成功！.

------------------------------------
Log Entry : 2016年12月23日 11:00:31
行更新成功。

------------------------------------
Log Entry : 2016年12月23日 11:00:31
第：52行 DN:369852 導入成功！.

------------------------------------
Log Entry : 2016年12月23日 11:00:31
行更新成功。

------------------------------------
Log Entry : 2016年12月23日 11:00:31
第：53行 DN:369852 導入成功！.

------------------------------------
Log Entry : 2016年12月23日 11:00:31
行更新成功。

------------------------------------
Log Entry : 2016年12月23日 11:00:31
第：54行 DN:369852 導入成功！.

------------------------------------
Log Entry : 2016年12月23日 11:00:31
行更新成功。

------------------------------------
Log Entry : 2016年12月23日 11:00:31
第：55行 DN:369852 導入成功！.

------------------------------------
Log Entry : 2016年12月23日 11:00:31
行更新成功。

------------------------------------
Log Entry : 2016年12月23日 11:00:31
第：56行 DN:369852 導入成功！.

------------------------------------
Log Entry : 2016年12月23日 11:00:31
行更新成功。

------------------------------------
Log Entry : 2016年12月23日 11:00:31
第：57行 DN:369852 導入成功！.

------------------------------------
Log Entry : 2016年12月23日 11:00:31
行更新成功。

------------------------------------
Log Entry : 2016年12月23日 11:00:31
第：58行 DN:369852 導入成功！.

------------------------------------
Log Entry : 2016年12月23日 11:00:31
行更新成功。

------------------------------------
Log Entry : 2016年12月23日 11:00:31
第：59行 DN:369852 導入成功！.

------------------------------------
Log Entry : 2016年12月23日 11:00:31
行更新成功。

------------------------------------
Log Entry : 2016年12月23日 11:00:31
第：60行 DN:369852 導入成功！.

------------------------------------
Log Entry : 2016年12月23日 11:00:31
行更新成功。

------------------------------------
Log Entry : 2016年12月23日 11:00:31
第：61行 DN:369852 導入成功！.

------------------------------------
Log Entry : 2016年12月23日 11:00:31
行更新成功。

------------------------------------
Log Entry : 2016年12月23日 11:00:31
第：62行 DN:369852 導入成功！.

------------------------------------
Log Entry : 2016年12月23日 11:00:31
行更新成功。

------------------------------------
Log Entry : 2016年12月23日 11:00:31
第：63行 DN:369852 導入成功！.

------------------------------------
Log Entry : 2016年12月23日 11:00:31
行更新成功。

------------------------------------
Log Entry : 2016年12月23日 11:00:31
第：64行 DN:369852 導入成功！.

------------------------------------
Log Entry : 2016年12月23日 11:00:31
行更新成功。

------------------------------------
Log Entry : 2016年12月23日 11:00:31
第：65行 DN:369852 導入成功！.

------------------------------------
Log Entry : 2016年12月23日 11:00:31
行更新成功。

------------------------------------
Log Entry : 2016年12月23日 11:00:31
第：66行 DN:369852 導入成功！.

------------------------------------
Log Entry : 2016年12月23日 11:00:31
行更新成功。

------------------------------------
Log Entry : 2016年12月23日 11:00:31
第：67行 DN:369852 導入成功！.

------------------------------------
Log Entry : 2016年12月23日 11:00:31
行更新成功。

------------------------------------
Log Entry : 2016年12月23日 11:00:31
第：68行 DN:369852 導入成功！.

------------------------------------
Log Entry : 2016年12月23日 11:00:31
行更新成功。

------------------------------------
Log Entry : 2016年12月23日 11:00:31
第：69行 DN:369852 導入成功！.

------------------------------------
Log Entry : 2016年12月23日 11:00:31
行更新成功。

------------------------------------
Log Entry : 2016年12月23日 11:00:31
第：70行 DN:369852 導入成功！.

------------------------------------
Log Entry : 2016年12月23日 11:00:31
行更新成功。

------------------------------------
Log Entry : 2016年12月23日 11:00:31
第：71行 DN:369852 導入成功！.

------------------------------------
Log Entry : 2016年12月23日 11:00:31
行更新成功。

------------------------------------
Log Entry : 2016年12月23日 11:00:31
第：72行 DN:369852 導入成功！.

------------------------------------
Log Entry : 2016年12月23日 11:00:31
行更新成功。

------------------------------------
Log Entry : 2016年12月23日 11:00:31
第：73行 DN:369852 導入成功！.

------------------------------------
Log Entry : 2016年12月23日 11:00:32
行更新成功。

------------------------------------
Log Entry : 2016年12月23日 11:00:32
第：74行 DN:369852 導入成功！.

------------------------------------
Log Entry : 2016年12月23日 11:00:32
行更新成功。

------------------------------------
Log Entry : 2016年12月23日 11:00:32
第：75行 DN:369852 導入成功！.

------------------------------------
Log Entry : 2016年12月23日 11:00:32
行更新成功。

------------------------------------
Log Entry : 2016年12月23日 11:00:32
第：76行 DN:369852 導入成功！.

------------------------------------
Log Entry : 2016年12月23日 11:00:32
行更新成功。

------------------------------------
Log Entry : 2016年12月23日 11:00:32
第：77行 DN:369852 導入成功！.

------------------------------------
Log Entry : 2016年12月23日 11:00:32
行更新成功。

------------------------------------
Log Entry : 2016年12月23日 11:00:32
第：78行 DN:369852 導入成功！.

------------------------------------
Log Entry : 2016年12月23日 11:00:32
行更新成功。

------------------------------------
Log Entry : 2016年12月23日 11:00:32
第：79行 DN:369852 導入成功！.

------------------------------------
Log Entry : 2016年12月23日 11:00:33
行更新成功。

------------------------------------
Log Entry : 2016年12月23日 11:00:33
第：80行 DN:369852 導入成功！.

------------------------------------
Log Entry : 2016年12月23日 11:00:33
行更新成功。

------------------------------------
Log Entry : 2016年12月23日 11:00:33
第：81行 DN:369852 導入成功！.

------------------------------------
Log Entry : 2016年12月23日 11:00:33
行更新成功。

------------------------------------
Log Entry : 2016年12月23日 11:00:33
第：82行 DN:369852 導入成功！.

------------------------------------
Log Entry : 2016年12月23日 11:00:33
行更新成功。

------------------------------------
Log Entry : 2016年12月23日 11:00:33
第：83行 DN:369852 導入成功！.

------------------------------------
Log Entry : 2016年12月23日 11:00:33
行更新成功。

------------------------------------
Log Entry : 2016年12月23日 11:00:33
第：84行 DN:369852 導入成功！.

------------------------------------
Log Entry : 2016年12月23日 11:00:34
行更新成功。

------------------------------------
Log Entry : 2016年12月23日 11:00:34
第：85行 DN:369852 導入成功！.

------------------------------------
Log Entry : 2016年12月23日 11:00:34
行更新成功。

------------------------------------
Log Entry : 2016年12月23日 11:00:34
第：86行 DN:369852 導入成功！.

------------------------------------
Log Entry : 2016年12月23日 11:00:34
行更新成功。

------------------------------------
Log Entry : 2016年12月23日 11:00:34
第：87行 DN:369852 導入成功！.

------------------------------------
Log Entry : 2016年12月23日 11:00:34
行更新成功。

------------------------------------
Log Entry : 2016年12月23日 11:00:34
第：88行 DN:369852 導入成功！.

------------------------------------
Log Entry : 2016年12月23日 11:00:34
行更新成功。

------------------------------------
Log Entry : 2016年12月23日 11:00:34
第：89行 DN:369852 導入成功！.

------------------------------------
Log Entry : 2016年12月23日 11:00:34
行更新成功。

------------------------------------
Log Entry : 2016年12月23日 11:00:34
第：90行 DN:369852 導入成功！.

------------------------------------
Log Entry : 2016年12月23日 11:00:34
行更新成功。

------------------------------------
Log Entry : 2016年12月23日 11:00:34
第：91行 DN:369852 導入成功！.

------------------------------------
Log Entry : 2016年12月23日 11:00:34
行更新成功。

------------------------------------
Log Entry : 2016年12月23日 11:00:34
第：92行 DN:369852 導入成功！.

------------------------------------
Log Entry : 2016年12月23日 11:00:34
行更新成功。

------------------------------------
Log Entry : 2016年12月23日 11:00:34
第：93行 DN:369852 導入成功！.

------------------------------------
Log Entry : 2016年12月23日 11:00:34
行更新成功。

------------------------------------
Log Entry : 2016年12月23日 11:00:34
第：94行 DN:369852 導入成功！.

------------------------------------
Log Entry : 2016年12月23日 11:00:35
行更新成功。

------------------------------------
Log Entry : 2016年12月23日 11:00:35
第：95行 DN:369852 導入成功！.

------------------------------------
Log Entry : 2016年12月23日 11:00:35
行更新成功。

------------------------------------
Log Entry : 2016年12月23日 11:00:35
第：96行 DN:369852 導入成功！.

------------------------------------
Log Entry : 2016年12月23日 11:00:35
行更新成功。

------------------------------------
Log Entry : 2016年12月23日 11:00:35
第：97行 DN:369852 導入成功！.

------------------------------------
Log Entry : 2016年12月23日 11:00:35
行更新成功。

------------------------------------
Log Entry : 2016年12月23日 11:00:35
第：98行 DN:369852 導入成功！.

------------------------------------
Log Entry : 2016年12月23日 11:00:35
行更新成功。

------------------------------------
Log Entry : 2016年12月23日 11:00:35
第：99行 DN:369852 導入成功！.

------------------------------------
Log Entry : 2016年12月23日 11:00:35
行更新成功。

------------------------------------
Log Entry : 2016年12月23日 11:00:35
第：100行 DN:369852 導入成功！.

------------------------------------
Log Entry : 2016年12月23日 11:00:35
行更新成功。

------------------------------------
Log Entry : 2016年12月23日 11:00:35
第：101行 DN:369852 導入成功！.

------------------------------------
Log Entry : 2016年12月23日 11:00:35
行更新成功。

------------------------------------
Log Entry : 2016年12月23日 11:00:35
第：102行 DN:369852 導入成功！.

------------------------------------
Log Entry : 2016年12月23日 11:00:35
行更新成功。

------------------------------------
Log Entry : 2016年12月23日 11:00:35
第：103行 DN:369852 導入成功！.

------------------------------------
Log Entry : 2016年12月23日 11:00:36
行更新成功。

------------------------------------
Log Entry : 2016年12月23日 11:00:36
第：104行 DN:369852 導入成功！.

------------------------------------
Log Entry : 2016年12月23日 11:00:36
行更新成功。

------------------------------------
Log Entry : 2016年12月23日 11:00:36
第：105行 DN:369852 導入成功！.

------------------------------------
Log Entry : 2016年12月23日 11:00:36
行更新成功。

------------------------------------
Log Entry : 2016年12月23日 11:00:36
第：106行 DN:369852 導入成功！.

------------------------------------
Log Entry : 2016年12月23日 11:00:37
行更新成功。

------------------------------------
Log Entry : 2016年12月23日 11:00:37
第：107行 DN:369852 導入成功！.

------------------------------------
Log Entry : 2016年12月23日 11:00:37
行更新成功。

------------------------------------
Log Entry : 2016年12月23日 11:00:37
第：108行 DN:369852 導入成功！.

------------------------------------
Log Entry : 2016年12月23日 11:00:37
行更新成功。

------------------------------------
Log Entry : 2016年12月23日 11:00:37
第：109行 DN:369852 導入成功！.

------------------------------------
Log Entry : 2016年12月23日 11:00:37
行更新成功。

------------------------------------
Log Entry : 2016年12月23日 11:00:37
第：110行 DN:369852 導入成功！.

------------------------------------
Log Entry : 2016年12月23日 11:00:37
行更新成功。

------------------------------------
Log Entry : 2016年12月23日 11:00:37
第：111行 DN:369852 導入成功！.

------------------------------------
Log Entry : 2016年12月23日 11:00:37
行更新成功。

------------------------------------
Log Entry : 2016年12月23日 11:00:37
第：112行 DN:369852 導入成功！.

------------------------------------
Log Entry : 2016年12月23日 11:00:37
行更新成功。

------------------------------------
Log Entry : 2016年12月23日 11:00:37
第：113行 DN:369852 導入成功！.

------------------------------------
Log Entry : 2016年12月23日 11:00:37
行更新成功。

------------------------------------
Log Entry : 2016年12月23日 11:00:37
第：114行 DN:369852 導入成功！.

------------------------------------
Log Entry : 2016年12月23日 11:00:37
行更新成功。

------------------------------------
Log Entry : 2016年12月23日 11:00:37
第：115行 DN:369852 導入成功！.

------------------------------------
Log Entry : 2016年12月23日 11:00:37
行更新成功。

------------------------------------
Log Entry : 2016年12月23日 11:00:37
第：116行 DN:369852 導入成功！.

------------------------------------
Log Entry : 2016年12月23日 11:00:38
行更新成功。

------------------------------------
Log Entry : 2016年12月23日 11:00:38
第：117行 DN:369852 導入成功！.

------------------------------------
Log Entry : 2016年12月23日 11:00:38
行更新成功。

------------------------------------
Log Entry : 2016年12月23日 11:00:38
第：118行 DN:369852 導入成功！.

------------------------------------
Log Entry : 2016年12月23日 11:00:38
行更新成功。

------------------------------------
Log Entry : 2016年12月23日 11:00:38
第：119行 DN:369852 導入成功！.

------------------------------------
Log Entry : 2016年12月23日 11:00:39
行更新成功。

------------------------------------
Log Entry : 2016年12月23日 11:00:39
第：120行 DN:369852 導入成功！.

------------------------------------
Log Entry : 2016年12月23日 11:00:39
行更新成功。

------------------------------------
Log Entry : 2016年12月23日 11:00:39
第：121行 DN:369852 導入成功！.

------------------------------------
Log Entry : 2016年12月23日 11:00:39
行更新成功。

------------------------------------
Log Entry : 2016年12月23日 11:00:39
第：122行 DN:369852 導入成功！.

------------------------------------
Log Entry : 2016年12月23日 11:00:40
行更新成功。

------------------------------------
Log Entry : 2016年12月23日 11:00:40
第：123行 DN:369852 導入成功！.

------------------------------------
Log Entry : 2016年12月23日 11:00:40
行更新成功。

------------------------------------
Log Entry : 2016年12月23日 11:00:40
第：124行 DN:369852 導入成功！.

------------------------------------
Log Entry : 2016年12月23日 11:00:40
行更新成功。

------------------------------------
Log Entry : 2016年12月23日 11:00:40
第：125行 DN:369852 導入成功！.

------------------------------------
Log Entry : 2016年12月23日 11:00:40
行更新成功。

------------------------------------
Log Entry : 2016年12月23日 11:00:40
第：126行 DN:369852 導入成功！.

------------------------------------
Log Entry : 2016年12月23日 11:00:41
行更新成功。

------------------------------------
Log Entry : 2016年12月23日 11:00:41
第：127行 DN:369852 導入成功！.

------------------------------------
Log Entry : 2016年12月23日 11:00:41
行更新成功。

------------------------------------
Log Entry : 2016年12月23日 11:00:41
第：128行 DN:369852 導入成功！.

------------------------------------
Log Entry : 2016年12月23日 11:00:41
行更新成功。

------------------------------------
Log Entry : 2016年12月23日 11:00:41
第：129行 DN:369852 導入成功！.

------------------------------------
Log Entry : 2016年12月23日 11:00:41
行更新成功。

------------------------------------
Log Entry : 2016年12月23日 11:00:41
第：130行 DN:369852 導入成功！.

------------------------------------
Log Entry : 2016年12月23日 11:00:41
行更新成功。

------------------------------------
Log Entry : 2016年12月23日 11:00:41
第：131行 DN:369852 導入成功！.

------------------------------------
Log Entry : 2016年12月23日 11:00:41
行更新成功。

------------------------------------
Log Entry : 2016年12月23日 11:00:41
第：132行 DN:369852 導入成功！.

------------------------------------
Log Entry : 2016年12月23日 11:00:41
行更新成功。

------------------------------------
Log Entry : 2016年12月23日 11:00:41
第：133行 DN:369852 導入成功！.

------------------------------------
Log Entry : 2016年12月23日 11:00:41
行更新成功。

------------------------------------
Log Entry : 2016年12月23日 11:00:41
第：134行 DN:369852 導入成功！.

------------------------------------
Log Entry : 2016年12月23日 11:00:41
行更新成功。

------------------------------------
Log Entry : 2016年12月23日 11:00:41
第：135行 DN:369852 導入成功！.

------------------------------------
Log Entry : 2016年12月23日 11:00:41
行更新成功。

------------------------------------
Log Entry : 2016年12月23日 11:00:41
第：136行 DN:369852 導入成功！.

------------------------------------
Log Entry : 2016年12月23日 11:00:41
行更新成功。

------------------------------------
Log Entry : 2016年12月23日 11:00:41
第：137行 DN:369852 導入成功！.

------------------------------------
Log Entry : 2016年12月23日 11:00:41
行更新成功。

------------------------------------
Log Entry : 2016年12月23日 11:00:41
第：138行 DN:369852 導入成功！.

------------------------------------
Log Entry : 2016年12月23日 11:00:41
行更新成功。

------------------------------------
Log Entry : 2016年12月23日 11:00:41
第：139行 DN:369852 導入成功！.

------------------------------------
Log Entry : 2016年12月23日 11:00:42
行更新成功。

------------------------------------
Log Entry : 2016年12月23日 11:00:42
第：140行 DN:369852 導入成功！.

------------------------------------
Log Entry : 2016年12月23日 11:00:42
行更新成功。

------------------------------------
Log Entry : 2016年12月23日 11:00:42
第：141行 DN:369852 導入成功！.

------------------------------------
Log Entry : 2016年12月23日 11:00:42
行更新成功。

------------------------------------
Log Entry : 2016年12月23日 11:00:42
第：142行 DN:369852 導入成功！.

------------------------------------
Log Entry : 2016年12月23日 11:00:42
行更新成功。

------------------------------------
Log Entry : 2016年12月23日 11:00:42
第：143行 DN:369852 導入成功！.

------------------------------------
Log Entry : 2016年12月23日 11:00:42
行更新成功。

------------------------------------
Log Entry : 2016年12月23日 11:00:42
第：144行 DN:369852 導入成功！.

------------------------------------
Log Entry : 2016年12月23日 11:00:42
行更新成功。

------------------------------------
Log Entry : 2016年12月23日 11:00:42
第：145行 DN:369852 導入成功！.

------------------------------------
Log Entry : 2016年12月23日 11:00:42
行更新成功。

------------------------------------
Log Entry : 2016年12月23日 11:00:42
第：146行 DN:369852 導入成功！.

------------------------------------
Log Entry : 2016年12月23日 11:00:42
行更新成功。

------------------------------------
Log Entry : 2016年12月23日 11:00:42
第：147行 DN:369852 導入成功！.

------------------------------------
Log Entry : 2016年12月23日 11:00:42
行更新成功。

------------------------------------
Log Entry : 2016年12月23日 11:00:42
第：148行 DN:369852 導入成功！.

------------------------------------
Log Entry : 2016年12月23日 11:00:42
行更新成功。

------------------------------------
Log Entry : 2016年12月23日 11:00:42
第：149行 DN:369852 導入成功！.

------------------------------------
Log Entry : 2016年12月23日 11:00:42
行更新成功。

------------------------------------
Log Entry : 2016年12月23日 11:00:42
第：150行 DN:369852 導入成功！.

------------------------------------
Log Entry : 2016年12月23日 11:00:42
行更新成功。

------------------------------------
Log Entry : 2016年12月23日 11:00:42
第：151行 DN:369852 導入成功！.

------------------------------------
Log Entry : 2016年12月23日 11:00:42
行更新成功。

------------------------------------
Log Entry : 2016年12月23日 11:00:42
第：152行 DN:369852 導入成功！.

------------------------------------
Log Entry : 2016年12月23日 11:00:42
行更新成功。

------------------------------------
Log Entry : 2016年12月23日 11:00:42
第：153行 DN:369852 導入成功！.

------------------------------------
Log Entry : 2016年12月23日 11:00:43
行更新成功。

------------------------------------
Log Entry : 2016年12月23日 11:00:43
第：154行 DN:369852 導入成功！.

------------------------------------
Log Entry : 2016年12月23日 11:00:43
行更新成功。

------------------------------------
Log Entry : 2016年12月23日 11:00:43
第：155行 DN:369852 導入成功！.

------------------------------------
Log Entry : 2016年12月23日 11:00:43
行更新成功。

------------------------------------
Log Entry : 2016年12月23日 11:00:43
第：156行 DN:369852 導入成功！.

------------------------------------
Log Entry : 2016年12月23日 11:00:43
行更新成功。

------------------------------------
Log Entry : 2016年12月23日 11:00:43
第：157行 DN:369852 導入成功！.

------------------------------------
Log Entry : 2016年12月23日 11:00:43
行更新成功。

------------------------------------
Log Entry : 2016年12月23日 11:00:43
第：158行 DN:369852 導入成功！.

------------------------------------
Log Entry : 2016年12月23日 11:00:43
行更新成功。

------------------------------------
Log Entry : 2016年12月23日 11:00:43
第：159行 DN:369852 導入成功！.

------------------------------------
Log Entry : 2016年12月23日 11:00:43
行更新成功。

------------------------------------
Log Entry : 2016年12月23日 11:00:43
第：160行 DN:369852 導入成功！.

------------------------------------
Log Entry : 2016年12月23日 11:00:43
行更新成功。

------------------------------------
Log Entry : 2016年12月23日 11:00:43
第：161行 DN:369852 導入成功！.

------------------------------------
Log Entry : 2016年12月23日 11:00:43
行更新成功。

------------------------------------
Log Entry : 2016年12月23日 11:00:43
第：162行 DN:369852 導入成功！.

------------------------------------
Log Entry : 2016年12月23日 11:00:44
行更新成功。

------------------------------------
Log Entry : 2016年12月23日 11:00:44
第：163行 DN:369852 導入成功！.

------------------------------------
Log Entry : 2016年12月23日 11:00:44
行更新成功。

------------------------------------
Log Entry : 2016年12月23日 11:00:44
第：164行 DN:369852 導入成功！.

------------------------------------
Log Entry : 2016年12月23日 11:00:44
行更新成功。

------------------------------------
Log Entry : 2016年12月23日 11:00:44
第：165行 DN:369852 導入成功！.

------------------------------------
Log Entry : 2016年12月23日 11:00:44
行更新成功。

------------------------------------
Log Entry : 2016年12月23日 11:00:44
第：166行 DN:369852 導入成功！.

------------------------------------
Log Entry : 2016年12月23日 11:00:45
行更新成功。

------------------------------------
Log Entry : 2016年12月23日 11:00:45
第：167行 DN:369852 導入成功！.

------------------------------------
Log Entry : 2016年12月23日 11:00:45
行更新成功。

------------------------------------
Log Entry : 2016年12月23日 11:00:45
第：168行 DN:369852 導入成功！.

------------------------------------
Log Entry : 2016年12月23日 11:00:45
行更新成功。

------------------------------------
Log Entry : 2016年12月23日 11:00:45
第：169行 DN:369852 導入成功！.

------------------------------------
Log Entry : 2016年12月23日 11:00:45
行更新成功。

------------------------------------
Log Entry : 2016年12月23日 11:00:45
第：170行 DN:369852 導入成功！.

------------------------------------
Log Entry : 2016年12月23日 11:00:45
行更新成功。

------------------------------------
Log Entry : 2016年12月23日 11:00:45
第：171行 DN:369852 導入成功！.

------------------------------------
Log Entry : 2016年12月23日 11:00:45
行更新成功。

------------------------------------
Log Entry : 2016年12月23日 11:00:45
第：172行 DN:369852 導入成功！.

------------------------------------
Log Entry : 2016年12月23日 11:00:45
行更新成功。

------------------------------------
Log Entry : 2016年12月23日 11:00:45
第：173行 DN:369852 導入成功！.

------------------------------------
Log Entry : 2016年12月23日 11:00:45
行更新成功。

------------------------------------
Log Entry : 2016年12月23日 11:00:45
第：174行 DN:369852 導入成功！.

------------------------------------
Log Entry : 2016年12月23日 11:00:45
行更新成功。

------------------------------------
Log Entry : 2016年12月23日 11:00:45
第：175行 DN:369852 導入成功！.

------------------------------------
Log Entry : 2016年12月23日 11:00:45
行更新成功。

------------------------------------
Log Entry : 2016年12月23日 11:00:45
第：176行 DN:369852 導入成功！.

------------------------------------
Log Entry : 2016年12月23日 11:00:45
行更新成功。

------------------------------------
Log Entry : 2016年12月23日 11:00:45
第：177行 DN:369852 導入成功！.

------------------------------------
Log Entry : 2016年12月23日 11:00:45
行更新成功。

------------------------------------
Log Entry : 2016年12月23日 11:00:45
第：178行 DN:369852 導入成功！.

------------------------------------
Log Entry : 2016年12月23日 11:00:46
行更新成功。

------------------------------------
Log Entry : 2016年12月23日 11:00:46
第：179行 DN:369852 導入成功！.

------------------------------------
Log Entry : 2016年12月23日 11:00:46
行更新成功。

------------------------------------
Log Entry : 2016年12月23日 11:00:46
第：180行 DN:369852 導入成功！.

------------------------------------
Log Entry : 2016年12月23日 11:00:46
行更新成功。

------------------------------------
Log Entry : 2016年12月23日 11:00:46
第：181行 DN:369852 導入成功！.

------------------------------------
Log Entry : 2016年12月23日 11:00:46
行更新成功。

------------------------------------
Log Entry : 2016年12月23日 11:00:46
第：182行 DN:369852 導入成功！.

------------------------------------
Log Entry : 2016年12月23日 11:00:46
行更新成功。

------------------------------------
Log Entry : 2016年12月23日 11:00:46
第：183行 DN:369852 導入成功！.

------------------------------------
Log Entry : 2016年12月23日 11:00:46
行更新成功。

------------------------------------
Log Entry : 2016年12月23日 11:00:46
第：184行 DN:369852 導入成功！.

------------------------------------
Log Entry : 2016年12月23日 11:00:47
行更新成功。

------------------------------------
Log Entry : 2016年12月23日 11:00:47
第：185行 DN:369852 導入成功！.

------------------------------------
Log Entry : 2016年12月23日 11:00:47
行更新成功。

------------------------------------
Log Entry : 2016年12月23日 11:00:47
第：186行 DN:369852 導入成功！.

------------------------------------
Log Entry : 2016年12月23日 11:00:47
行更新成功。

------------------------------------
Log Entry : 2016年12月23日 11:00:47
第：187行 DN:369852 導入成功！.

------------------------------------
Log Entry : 2016年12月23日 11:00:47
行更新成功。

------------------------------------
Log Entry : 2016年12月23日 11:00:47
第：188行 DN:369852 導入成功！.

------------------------------------
Log Entry : 2016年12月23日 11:00:48
行更新成功。

------------------------------------
Log Entry : 2016年12月23日 11:00:48
第：189行 DN:369852 導入成功！.

------------------------------------
Log Entry : 2016年12月23日 11:00:48
行更新成功。

------------------------------------
Log Entry : 2016年12月23日 11:00:48
第：190行 DN:369852 導入成功！.

------------------------------------
Log Entry : 2016年12月23日 11:00:49
行更新成功。

------------------------------------
Log Entry : 2016年12月23日 11:00:49
第：191行 DN:369852 導入成功！.

------------------------------------
Log Entry : 2016年12月23日 11:00:50
行更新成功。

------------------------------------
Log Entry : 2016年12月23日 11:00:50
第：192行 DN:369852 導入成功！.

------------------------------------
Log Entry : 2016年12月23日 11:00:50
行更新成功。

------------------------------------
Log Entry : 2016年12月23日 11:00:50
第：193行 DN:369852 導入成功！.

------------------------------------
Log Entry : 2016年12月23日 11:00:51
行更新成功。

------------------------------------
Log Entry : 2016年12月23日 11:00:51
第：194行 DN:369852 導入成功！.

------------------------------------
Log Entry : 2016年12月23日 11:00:51
行更新成功。

------------------------------------
Log Entry : 2016年12月23日 11:00:51
第：195行 DN:369852 導入成功！.

------------------------------------
Log Entry : 2016年12月23日 11:00:52
行更新成功。

------------------------------------
Log Entry : 2016年12月23日 11:00:52
第：196行 DN:369852 導入成功！.

------------------------------------
Log Entry : 2016年12月23日 11:00:52
行更新成功。

------------------------------------
Log Entry : 2016年12月23日 11:00:52
第：197行 DN:369852 導入成功！.

------------------------------------
Log Entry : 2016年12月23日 11:00:53
行更新成功。

------------------------------------
Log Entry : 2016年12月23日 11:00:53
第：198行 DN:369852 導入成功！.

------------------------------------
Log Entry : 2016年12月23日 11:00:53
行更新成功。

------------------------------------
Log Entry : 2016年12月23日 11:00:53
第：199行 DN:369852 導入成功！.

------------------------------------
Log Entry : 2016年12月23日 11:00:54
行更新成功。

------------------------------------
Log Entry : 2016年12月23日 11:00:54
第：200行 DN:369852 導入成功！.

------------------------------------
Log Entry : 2016年12月23日 11:00:54
行更新成功。

------------------------------------
Log Entry : 2016年12月23日 11:00:54
第：201行 DN:369852 導入成功！.

------------------------------------
Log Entry : 2016年12月23日 11:00:55
行更新成功。

------------------------------------
Log Entry : 2016年12月23日 11:00:55
第：202行 DN:369852 導入成功！.

------------------------------------
Log Entry : 2016年12月23日 11:00:55
行更新成功。

------------------------------------
Log Entry : 2016年12月23日 11:00:55
第：203行 DN:369852 導入成功！.

------------------------------------
Log Entry : 2016年12月23日 11:00:56
行更新成功。

------------------------------------
Log Entry : 2016年12月23日 11:00:56
第：204行 DN:369852 導入成功！.

------------------------------------
Log Entry : 2016年12月23日 11:00:57
行更新成功。

------------------------------------
Log Entry : 2016年12月23日 11:00:57
第：205行 DN:369852 導入成功！.

------------------------------------
Log Entry : 2016年12月23日 11:00:57
行更新成功。

------------------------------------
Log Entry : 2016年12月23日 11:00:57
第：206行 DN:369852 導入成功！.

------------------------------------
Log Entry : 2016年12月23日 11:00:58
行更新成功。

------------------------------------
Log Entry : 2016年12月23日 11:00:58
第：207行 DN:369852 導入成功！.

------------------------------------
Log Entry : 2016年12月23日 11:00:58
行更新成功。

------------------------------------
Log Entry : 2016年12月23日 11:00:58
第：208行 DN:369852 導入成功！.

------------------------------------
Log Entry : 2016年12月23日 11:00:59
行更新成功。

------------------------------------
Log Entry : 2016年12月23日 11:00:59
第：209行 DN:369852 導入成功！.

------------------------------------
Log Entry : 2016年12月23日 11:00:59
行更新成功。

------------------------------------
Log Entry : 2016年12月23日 11:00:59
第：210行 DN:369852 導入成功！.

------------------------------------
Log Entry : 2016年12月23日 11:00:59
行更新成功。

------------------------------------
Log Entry : 2016年12月23日 11:00:59
第：211行 DN:369852 導入成功！.

------------------------------------
Log Entry : 2016年12月23日 11:01:00
行更新成功。

------------------------------------
Log Entry : 2016年12月23日 11:01:00
第：212行 DN:369852 導入成功！.

------------------------------------
Log Entry : 2016年12月23日 11:01:00
行更新成功。

------------------------------------
Log Entry : 2016年12月23日 11:01:00
第：213行 DN:369852 導入成功！.

------------------------------------
Log Entry : 2016年12月23日 11:01:01
行更新成功。

------------------------------------
Log Entry : 2016年12月23日 11:01:01
第：214行 DN:369852 導入成功！.

------------------------------------
Log Entry : 2016年12月23日 11:01:01
行更新成功。

------------------------------------
Log Entry : 2016年12月23日 11:01:01
第：215行 DN:369852 導入成功！.

------------------------------------
Log Entry : 2016年12月23日 11:01:01
行更新成功。

------------------------------------
Log Entry : 2016年12月23日 11:01:01
第：216行 DN:369852 導入成功！.

------------------------------------
Log Entry : 2016年12月23日 11:01:02
行更新成功。

------------------------------------
Log Entry : 2016年12月23日 11:01:02
第：217行 DN:369852 導入成功！.

------------------------------------
Log Entry : 2016年12月23日 11:01:02
行更新成功。

------------------------------------
Log Entry : 2016年12月23日 11:01:02
第：218行 DN:369852 導入成功！.

------------------------------------
Log Entry : 2016年12月23日 11:01:03
行更新成功。

------------------------------------
Log Entry : 2016年12月23日 11:01:03
第：219行 DN:369852 導入成功！.

------------------------------------
Log Entry : 2016年12月23日 11:01:03
行更新成功。

------------------------------------
Log Entry : 2016年12月23日 11:01:03
第：220行 DN:369852 導入成功！.

------------------------------------
Log Entry : 2016年12月23日 11:01:03
行更新成功。

------------------------------------
Log Entry : 2016年12月23日 11:01:03
第：221行 DN:369852 導入成功！.

------------------------------------
Log Entry : 2016年12月23日 11:01:04
行更新成功。

------------------------------------
Log Entry : 2016年12月23日 11:01:04
第：222行 DN:369852 導入成功！.

------------------------------------
Log Entry : 2016年12月23日 11:01:04
行更新成功。

------------------------------------
Log Entry : 2016年12月23日 11:01:04
第：223行 DN:369852 導入成功！.

------------------------------------
Log Entry : 2016年12月23日 11:01:04
行更新成功。

------------------------------------
Log Entry : 2016年12月23日 11:01:04
第：224行 DN:369852 導入成功！.

------------------------------------
Log Entry : 2016年12月23日 11:01:05
行更新成功。

------------------------------------
Log Entry : 2016年12月23日 11:01:05
第：225行 DN:369852 導入成功！.

------------------------------------
Log Entry : 2016年12月23日 11:01:05
行更新成功。

------------------------------------
Log Entry : 2016年12月23日 11:01:05
第：226行 DN:369852 導入成功！.

------------------------------------
Log Entry : 2016年12月23日 11:01:06
行更新成功。

------------------------------------
Log Entry : 2016年12月23日 11:01:06
第：227行 DN:369852 導入成功！.

------------------------------------
Log Entry : 2016年12月23日 11:01:06
行更新成功。

------------------------------------
Log Entry : 2016年12月23日 11:01:06
第：228行 DN:369852 導入成功！.

------------------------------------
Log Entry : 2016年12月23日 11:01:06
行更新成功。

------------------------------------
Log Entry : 2016年12月23日 11:01:06
第：229行 DN:369852 導入成功！.

------------------------------------
Log Entry : 2016年12月23日 11:01:07
行更新成功。

------------------------------------
Log Entry : 2016年12月23日 11:01:07
第：230行 DN:369852 導入成功！.

------------------------------------
Log Entry : 2016年12月23日 11:01:08
行更新成功。

------------------------------------
Log Entry : 2016年12月23日 11:01:08
第：231行 DN:369853 導入成功！.

------------------------------------
Log Entry : 2016年12月23日 11:01:08
行更新成功。

------------------------------------
Log Entry : 2016年12月23日 11:01:08
第：232行 DN:369853 導入成功！.

------------------------------------
Log Entry : 2016年12月23日 11:01:09
行更新成功。

------------------------------------
Log Entry : 2016年12月23日 11:01:09
第：233行 DN:369853 導入成功！.

------------------------------------
Log Entry : 2016年12月23日 11:01:09
行更新成功。

------------------------------------
Log Entry : 2016年12月23日 11:01:09
第：234行 DN:369853 導入成功！.

------------------------------------
Log Entry : 2016年12月23日 11:01:09
行更新成功。

------------------------------------
Log Entry : 2016年12月23日 11:01:09
第：235行 DN:369853 導入成功！.

------------------------------------
Log Entry : 2016年12月23日 11:01:10
行更新成功。

------------------------------------
Log Entry : 2016年12月23日 11:01:10
第：236行 DN:369853 導入成功！.

------------------------------------
Log Entry : 2016年12月23日 11:01:10
行更新成功。

------------------------------------
Log Entry : 2016年12月23日 11:01:10
第：237行 DN:369853 導入成功！.

------------------------------------
Log Entry : 2016年12月23日 11:01:11
行更新成功。

------------------------------------
Log Entry : 2016年12月23日 11:01:11
第：238行 DN:369853 導入成功！.

------------------------------------
Log Entry : 2016年12月23日 11:01:11
行更新成功。

------------------------------------
Log Entry : 2016年12月23日 11:01:11
第：239行 DN:369853 導入成功！.

------------------------------------
Log Entry : 2016年12月23日 11:01:11
行更新成功。

------------------------------------
Log Entry : 2016年12月23日 11:01:11
第：240行 DN:369853 導入成功！.

------------------------------------
Log Entry : 2016年12月23日 11:01:12
行更新成功。

------------------------------------
Log Entry : 2016年12月23日 11:01:12
第：241行 DN:369853 導入成功！.

------------------------------------
Log Entry : 2016年12月23日 11:01:12
行更新成功。

------------------------------------
Log Entry : 2016年12月23日 11:01:12
第：242行 DN:369853 導入成功！.

------------------------------------
Log Entry : 2016年12月23日 11:01:12
行更新成功。

------------------------------------
Log Entry : 2016年12月23日 11:01:12
第：243行 DN:369853 導入成功！.

------------------------------------
Log Entry : 2016年12月23日 11:01:13
行更新成功。

------------------------------------
Log Entry : 2016年12月23日 11:01:13
第：244行 DN:369853 導入成功！.

------------------------------------
Log Entry : 2016年12月23日 11:01:13
行更新成功。

------------------------------------
Log Entry : 2016年12月23日 11:01:13
第：245行 DN:369853 導入成功！.

------------------------------------
Log Entry : 2016年12月23日 11:01:14
行更新成功。

------------------------------------
Log Entry : 2016年12月23日 11:01:14
第：246行 DN:369853 導入成功！.

------------------------------------
Log Entry : 2016年12月23日 11:01:14
行更新成功。

------------------------------------
Log Entry : 2016年12月23日 11:01:14
第：247行 DN:369853 導入成功！.

------------------------------------
Log Entry : 2016年12月23日 11:01:15
行更新成功。

------------------------------------
Log Entry : 2016年12月23日 11:01:15
第：248行 DN:369853 導入成功！.

------------------------------------
Log Entry : 2016年12月23日 11:01:15
行更新成功。

------------------------------------
Log Entry : 2016年12月23日 11:01:15
第：249行 DN:369853 導入成功！.

------------------------------------
Log Entry : 2016年12月23日 11:01:16
行更新成功。

------------------------------------
Log Entry : 2016年12月23日 11:01:16
第：250行 DN:369853 導入成功！.

------------------------------------
Log Entry : 2016年12月23日 11:01:17
行更新成功。

------------------------------------
Log Entry : 2016年12月23日 11:01:17
第：251行 DN:369853 導入成功！.

------------------------------------
Log Entry : 2016年12月23日 11:01:17
行更新成功。

------------------------------------
Log Entry : 2016年12月23日 11:01:17
第：252行 DN:369853 導入成功！.

------------------------------------
Log Entry : 2016年12月23日 11:01:18
行更新成功。

------------------------------------
Log Entry : 2016年12月23日 11:01:18
第：253行 DN:369853 導入成功！.

------------------------------------
Log Entry : 2016年12月23日 11:01:19
行更新成功。

------------------------------------
Log Entry : 2016年12月23日 11:01:19
第：254行 DN:369853 導入成功！.

------------------------------------
Log Entry : 2016年12月23日 11:01:19
行更新成功。

------------------------------------
Log Entry : 2016年12月23日 11:01:19
第：255行 DN:369853 導入成功！.

------------------------------------
Log Entry : 2016年12月23日 11:01:20
行更新成功。

------------------------------------
Log Entry : 2016年12月23日 11:01:20
第：256行 DN:369853 導入成功！.

------------------------------------
Log Entry : 2016年12月23日 11:01:20
2016/12/23 上午 11:01:20,資料導入結束
------------------------------------
Log Entry : 2016年12月23日 12:00:01
2016/12/23 下午 12:00:01,開始導入資料...
------------------------------------
Log Entry : 2016年12月23日 12:00:01
2016/12/23 下午 12:00:01,資料導入結束
------------------------------------
Log Entry : 2016年12月23日 13:00:04
2016/12/23 下午 01:00:04,開始導入資料...
------------------------------------
Log Entry : 2016年12月23日 13:00:04
2016/12/23 下午 01:00:04,資料導入結束
------------------------------------
Log Entry : 2016年12月23日 14:00:13
2016/12/23 下午 02:00:13,開始導入資料...
------------------------------------
Log Entry : 2016年12月23日 14:00:14
行更新成功。

------------------------------------
Log Entry : 2016年12月23日 14:00:14
第：1行 DN:369852 導入成功！.

------------------------------------
Log Entry : 2016年12月23日 14:00:14
行更新成功。

------------------------------------
Log Entry : 2016年12月23日 14:00:14
第：2行 DN:369852 導入成功！.

------------------------------------
Log Entry : 2016年12月23日 14:00:14
行更新成功。

------------------------------------
Log Entry : 2016年12月23日 14:00:14
第：3行 DN:369852 導入成功！.

------------------------------------
Log Entry : 2016年12月23日 14:00:14
行更新成功。

------------------------------------
Log Entry : 2016年12月23日 14:00:14
第：4行 DN:369852 導入成功！.

------------------------------------
Log Entry : 2016年12月23日 14:00:14
行更新成功。

------------------------------------
Log Entry : 2016年12月23日 14:00:14
第：5行 DN:369852 導入成功！.

------------------------------------
Log Entry : 2016年12月23日 14:00:14
行更新成功。

------------------------------------
Log Entry : 2016年12月23日 14:00:14
第：6行 DN:369852 導入成功！.

------------------------------------
Log Entry : 2016年12月23日 14:00:14
行更新成功。

------------------------------------
Log Entry : 2016年12月23日 14:00:14
第：7行 DN:369852 導入成功！.

------------------------------------
Log Entry : 2016年12月23日 14:00:15
行更新成功。

------------------------------------
Log Entry : 2016年12月23日 14:00:15
第：8行 DN:369852 導入成功！.

------------------------------------
Log Entry : 2016年12月23日 14:00:15
行更新成功。

------------------------------------
Log Entry : 2016年12月23日 14:00:15
第：9行 DN:369852 導入成功！.

------------------------------------
Log Entry : 2016年12月23日 14:00:15
行更新成功。

------------------------------------
Log Entry : 2016年12月23日 14:00:15
第：10行 DN:369852 導入成功！.

------------------------------------
Log Entry : 2016年12月23日 14:00:15
行更新成功。

------------------------------------
Log Entry : 2016年12月23日 14:00:15
第：11行 DN:369852 導入成功！.

------------------------------------
Log Entry : 2016年12月23日 14:00:15
行更新成功。

------------------------------------
Log Entry : 2016年12月23日 14:00:15
第：12行 DN:369852 導入成功！.

------------------------------------
Log Entry : 2016年12月23日 14:00:15
行更新成功。

------------------------------------
Log Entry : 2016年12月23日 14:00:15
第：13行 DN:369852 導入成功！.

------------------------------------
Log Entry : 2016年12月23日 14:00:15
行更新成功。

------------------------------------
Log Entry : 2016年12月23日 14:00:15
第：14行 DN:369852 導入成功！.

------------------------------------
Log Entry : 2016年12月23日 14:00:15
行更新成功。

------------------------------------
Log Entry : 2016年12月23日 14:00:15
第：15行 DN:369852 導入成功！.

------------------------------------
Log Entry : 2016年12月23日 14:00:15
行更新成功。

------------------------------------
Log Entry : 2016年12月23日 14:00:15
第：16行 DN:369852 導入成功！.

------------------------------------
Log Entry : 2016年12月23日 14:00:15
行更新成功。

------------------------------------
Log Entry : 2016年12月23日 14:00:15
第：17行 DN:369852 導入成功！.

------------------------------------
Log Entry : 2016年12月23日 14:00:16
行更新成功。

------------------------------------
Log Entry : 2016年12月23日 14:00:16
第：18行 DN:369852 導入成功！.

------------------------------------
Log Entry : 2016年12月23日 14:00:16
行更新成功。

------------------------------------
Log Entry : 2016年12月23日 14:00:16
第：19行 DN:369852 導入成功！.

------------------------------------
Log Entry : 2016年12月23日 14:00:16
行更新成功。

------------------------------------
Log Entry : 2016年12月23日 14:00:16
第：20行 DN:369852 導入成功！.

------------------------------------
Log Entry : 2016年12月23日 14:00:16
行更新成功。

------------------------------------
Log Entry : 2016年12月23日 14:00:16
第：21行 DN:369852 導入成功！.

------------------------------------
Log Entry : 2016年12月23日 14:00:16
行更新成功。

------------------------------------
Log Entry : 2016年12月23日 14:00:16
第：22行 DN:369852 導入成功！.

------------------------------------
Log Entry : 2016年12月23日 14:00:16
行更新成功。

------------------------------------
Log Entry : 2016年12月23日 14:00:16
第：23行 DN:369852 導入成功！.

------------------------------------
Log Entry : 2016年12月23日 14:00:16
行更新成功。

------------------------------------
Log Entry : 2016年12月23日 14:00:16
第：24行 DN:369852 導入成功！.

------------------------------------
Log Entry : 2016年12月23日 14:00:16
行更新成功。

------------------------------------
Log Entry : 2016年12月23日 14:00:16
第：25行 DN:369852 導入成功！.

------------------------------------
Log Entry : 2016年12月23日 14:00:16
行更新成功。

------------------------------------
Log Entry : 2016年12月23日 14:00:16
第：26行 DN:369852 導入成功！.

------------------------------------
Log Entry : 2016年12月23日 14:00:16
行更新成功。

------------------------------------
Log Entry : 2016年12月23日 14:00:16
第：27行 DN:369852 導入成功！.

------------------------------------
Log Entry : 2016年12月23日 14:00:16
行更新成功。

------------------------------------
Log Entry : 2016年12月23日 14:00:16
第：28行 DN:369852 導入成功！.

------------------------------------
Log Entry : 2016年12月23日 14:00:17
行更新成功。

------------------------------------
Log Entry : 2016年12月23日 14:00:17
第：29行 DN:369852 導入成功！.

------------------------------------
Log Entry : 2016年12月23日 14:00:17
行更新成功。

------------------------------------
Log Entry : 2016年12月23日 14:00:17
第：30行 DN:369852 導入成功！.

------------------------------------
Log Entry : 2016年12月23日 14:00:17
行更新成功。

------------------------------------
Log Entry : 2016年12月23日 14:00:17
第：31行 DN:369852 導入成功！.

------------------------------------
Log Entry : 2016年12月23日 14:00:17
行更新成功。

------------------------------------
Log Entry : 2016年12月23日 14:00:17
第：32行 DN:369852 導入成功！.

------------------------------------
Log Entry : 2016年12月23日 14:00:17
行更新成功。

------------------------------------
Log Entry : 2016年12月23日 14:00:17
第：33行 DN:369852 導入成功！.

------------------------------------
Log Entry : 2016年12月23日 14:00:17
行更新成功。

------------------------------------
Log Entry : 2016年12月23日 14:00:17
第：34行 DN:369852 導入成功！.

------------------------------------
Log Entry : 2016年12月23日 14:00:17
行更新成功。

------------------------------------
Log Entry : 2016年12月23日 14:00:17
第：35行 DN:369852 導入成功！.

------------------------------------
Log Entry : 2016年12月23日 14:00:17
行更新成功。

------------------------------------
Log Entry : 2016年12月23日 14:00:17
第：36行 DN:369852 導入成功！.

------------------------------------
Log Entry : 2016年12月23日 14:00:17
行更新成功。

------------------------------------
Log Entry : 2016年12月23日 14:00:17
第：37行 DN:369852 導入成功！.

------------------------------------
Log Entry : 2016年12月23日 14:00:17
行更新成功。

------------------------------------
Log Entry : 2016年12月23日 14:00:17
第：38行 DN:369852 導入成功！.

------------------------------------
Log Entry : 2016年12月23日 14:00:17
行更新成功。

------------------------------------
Log Entry : 2016年12月23日 14:00:17
第：39行 DN:369852 導入成功！.

------------------------------------
Log Entry : 2016年12月23日 14:00:17
行更新成功。

------------------------------------
Log Entry : 2016年12月23日 14:00:17
第：40行 DN:369852 導入成功！.

------------------------------------
Log Entry : 2016年12月23日 14:00:18
行更新成功。

------------------------------------
Log Entry : 2016年12月23日 14:00:18
第：41行 DN:369852 導入成功！.

------------------------------------
Log Entry : 2016年12月23日 14:00:18
行更新成功。

------------------------------------
Log Entry : 2016年12月23日 14:00:18
第：42行 DN:369852 導入成功！.

------------------------------------
Log Entry : 2016年12月23日 14:00:18
行更新成功。

------------------------------------
Log Entry : 2016年12月23日 14:00:18
第：43行 DN:369852 導入成功！.

------------------------------------
Log Entry : 2016年12月23日 14:00:18
行更新成功。

------------------------------------
Log Entry : 2016年12月23日 14:00:18
第：44行 DN:369852 導入成功！.

------------------------------------
Log Entry : 2016年12月23日 14:00:18
行更新成功。

------------------------------------
Log Entry : 2016年12月23日 14:00:18
第：45行 DN:369852 導入成功！.

------------------------------------
Log Entry : 2016年12月23日 14:00:18
行更新成功。

------------------------------------
Log Entry : 2016年12月23日 14:00:18
第：46行 DN:369852 導入成功！.

------------------------------------
Log Entry : 2016年12月23日 14:00:18
行更新成功。

------------------------------------
Log Entry : 2016年12月23日 14:00:18
第：47行 DN:369852 導入成功！.

------------------------------------
Log Entry : 2016年12月23日 14:00:18
行更新成功。

------------------------------------
Log Entry : 2016年12月23日 14:00:18
第：48行 DN:369852 導入成功！.

------------------------------------
Log Entry : 2016年12月23日 14:00:18
行更新成功。

------------------------------------
Log Entry : 2016年12月23日 14:00:18
第：49行 DN:369852 導入成功！.

------------------------------------
Log Entry : 2016年12月23日 14:00:18
行更新成功。

------------------------------------
Log Entry : 2016年12月23日 14:00:18
第：50行 DN:369852 導入成功！.

------------------------------------
Log Entry : 2016年12月23日 14:00:19
行更新成功。

------------------------------------
Log Entry : 2016年12月23日 14:00:19
第：51行 DN:369852 導入成功！.

------------------------------------
Log Entry : 2016年12月23日 14:00:19
行更新成功。

------------------------------------
Log Entry : 2016年12月23日 14:00:19
第：52行 DN:369852 導入成功！.

------------------------------------
Log Entry : 2016年12月23日 14:00:19
行更新成功。

------------------------------------
Log Entry : 2016年12月23日 14:00:19
第：53行 DN:369852 導入成功！.

------------------------------------
Log Entry : 2016年12月23日 14:00:19
行更新成功。

------------------------------------
Log Entry : 2016年12月23日 14:00:19
第：54行 DN:369852 導入成功！.

------------------------------------
Log Entry : 2016年12月23日 14:00:19
行更新成功。

------------------------------------
Log Entry : 2016年12月23日 14:00:19
第：55行 DN:369852 導入成功！.

------------------------------------
Log Entry : 2016年12月23日 14:00:19
行更新成功。

------------------------------------
Log Entry : 2016年12月23日 14:00:19
第：56行 DN:369852 導入成功！.

------------------------------------
Log Entry : 2016年12月23日 14:00:19
行更新成功。

------------------------------------
Log Entry : 2016年12月23日 14:00:19
第：57行 DN:369852 導入成功！.

------------------------------------
Log Entry : 2016年12月23日 14:00:19
行更新成功。

------------------------------------
Log Entry : 2016年12月23日 14:00:19
第：58行 DN:369852 導入成功！.

------------------------------------
Log Entry : 2016年12月23日 14:00:19
行更新成功。

------------------------------------
Log Entry : 2016年12月23日 14:00:19
第：59行 DN:369852 導入成功！.

------------------------------------
Log Entry : 2016年12月23日 14:00:19
行更新成功。

------------------------------------
Log Entry : 2016年12月23日 14:00:19
第：60行 DN:369852 導入成功！.

------------------------------------
Log Entry : 2016年12月23日 14:00:19
行更新成功。

------------------------------------
Log Entry : 2016年12月23日 14:00:19
第：61行 DN:369852 導入成功！.

------------------------------------
Log Entry : 2016年12月23日 14:00:19
行更新成功。

------------------------------------
Log Entry : 2016年12月23日 14:00:19
第：62行 DN:369852 導入成功！.

------------------------------------
Log Entry : 2016年12月23日 14:00:20
行更新成功。

------------------------------------
Log Entry : 2016年12月23日 14:00:20
第：63行 DN:369852 導入成功！.

------------------------------------
Log Entry : 2016年12月23日 14:00:20
行更新成功。

------------------------------------
Log Entry : 2016年12月23日 14:00:20
第：64行 DN:369852 導入成功！.

------------------------------------
Log Entry : 2016年12月23日 14:00:20
行更新成功。

------------------------------------
Log Entry : 2016年12月23日 14:00:20
第：65行 DN:369852 導入成功！.

------------------------------------
Log Entry : 2016年12月23日 14:00:20
行更新成功。

------------------------------------
Log Entry : 2016年12月23日 14:00:20
第：66行 DN:369852 導入成功！.

------------------------------------
Log Entry : 2016年12月23日 14:00:20
行更新成功。

------------------------------------
Log Entry : 2016年12月23日 14:00:20
第：67行 DN:369852 導入成功！.

------------------------------------
Log Entry : 2016年12月23日 14:00:20
行更新成功。

------------------------------------
Log Entry : 2016年12月23日 14:00:20
第：68行 DN:369852 導入成功！.

------------------------------------
Log Entry : 2016年12月23日 14:00:20
行更新成功。

------------------------------------
Log Entry : 2016年12月23日 14:00:20
第：69行 DN:369852 導入成功！.

------------------------------------
Log Entry : 2016年12月23日 14:00:20
行更新成功。

------------------------------------
Log Entry : 2016年12月23日 14:00:20
第：70行 DN:369852 導入成功！.

------------------------------------
Log Entry : 2016年12月23日 14:00:20
行更新成功。

------------------------------------
Log Entry : 2016年12月23日 14:00:20
第：71行 DN:369852 導入成功！.

------------------------------------
Log Entry : 2016年12月23日 14:00:20
行更新成功。

------------------------------------
Log Entry : 2016年12月23日 14:00:20
第：72行 DN:369852 導入成功！.

------------------------------------
Log Entry : 2016年12月23日 14:00:21
行更新成功。

------------------------------------
Log Entry : 2016年12月23日 14:00:21
第：73行 DN:369852 導入成功！.

------------------------------------
Log Entry : 2016年12月23日 14:00:21
行更新成功。

------------------------------------
Log Entry : 2016年12月23日 14:00:21
第：74行 DN:369852 導入成功！.

------------------------------------
Log Entry : 2016年12月23日 14:00:21
行更新成功。

------------------------------------
Log Entry : 2016年12月23日 14:00:21
第：75行 DN:369852 導入成功！.

------------------------------------
Log Entry : 2016年12月23日 14:00:21
行更新成功。

------------------------------------
Log Entry : 2016年12月23日 14:00:21
第：76行 DN:369852 導入成功！.

------------------------------------
Log Entry : 2016年12月23日 14:00:21
行更新成功。

------------------------------------
Log Entry : 2016年12月23日 14:00:21
第：77行 DN:369852 導入成功！.

------------------------------------
Log Entry : 2016年12月23日 14:00:21
行更新成功。

------------------------------------
Log Entry : 2016年12月23日 14:00:21
第：78行 DN:369852 導入成功！.

------------------------------------
Log Entry : 2016年12月23日 14:00:21
行更新成功。

------------------------------------
Log Entry : 2016年12月23日 14:00:21
第：79行 DN:369852 導入成功！.

------------------------------------
Log Entry : 2016年12月23日 14:00:21
行更新成功。

------------------------------------
Log Entry : 2016年12月23日 14:00:21
第：80行 DN:369852 導入成功！.

------------------------------------
Log Entry : 2016年12月23日 14:00:21
行更新成功。

------------------------------------
Log Entry : 2016年12月23日 14:00:21
第：81行 DN:369852 導入成功！.

------------------------------------
Log Entry : 2016年12月23日 14:00:21
行更新成功。

------------------------------------
Log Entry : 2016年12月23日 14:00:21
第：82行 DN:369852 導入成功！.

------------------------------------
Log Entry : 2016年12月23日 14:00:22
行更新成功。

------------------------------------
Log Entry : 2016年12月23日 14:00:22
第：83行 DN:369852 導入成功！.

------------------------------------
Log Entry : 2016年12月23日 14:00:22
行更新成功。

------------------------------------
Log Entry : 2016年12月23日 14:00:22
第：84行 DN:369852 導入成功！.

------------------------------------
Log Entry : 2016年12月23日 14:00:22
行更新成功。

------------------------------------
Log Entry : 2016年12月23日 14:00:22
第：85行 DN:369852 導入成功！.

------------------------------------
Log Entry : 2016年12月23日 14:00:22
行更新成功。

------------------------------------
Log Entry : 2016年12月23日 14:00:22
第：86行 DN:369852 導入成功！.

------------------------------------
Log Entry : 2016年12月23日 14:00:22
行更新成功。

------------------------------------
Log Entry : 2016年12月23日 14:00:22
第：87行 DN:369852 導入成功！.

------------------------------------
Log Entry : 2016年12月23日 14:00:22
行更新成功。

------------------------------------
Log Entry : 2016年12月23日 14:00:22
第：88行 DN:369852 導入成功！.

------------------------------------
Log Entry : 2016年12月23日 14:00:22
行更新成功。

------------------------------------
Log Entry : 2016年12月23日 14:00:22
第：89行 DN:369852 導入成功！.

------------------------------------
Log Entry : 2016年12月23日 14:00:22
行更新成功。

------------------------------------
Log Entry : 2016年12月23日 14:00:22
第：90行 DN:369852 導入成功！.

------------------------------------
Log Entry : 2016年12月23日 14:00:22
行更新成功。

------------------------------------
Log Entry : 2016年12月23日 14:00:22
第：91行 DN:369852 導入成功！.

------------------------------------
Log Entry : 2016年12月23日 14:00:22
行更新成功。

------------------------------------
Log Entry : 2016年12月23日 14:00:22
第：92行 DN:369852 導入成功！.

------------------------------------
Log Entry : 2016年12月23日 14:00:22
行更新成功。

------------------------------------
Log Entry : 2016年12月23日 14:00:22
第：93行 DN:369852 導入成功！.

------------------------------------
Log Entry : 2016年12月23日 14:00:23
行更新成功。

------------------------------------
Log Entry : 2016年12月23日 14:00:23
第：94行 DN:369852 導入成功！.

------------------------------------
Log Entry : 2016年12月23日 14:00:23
行更新成功。

------------------------------------
Log Entry : 2016年12月23日 14:00:23
第：95行 DN:369852 導入成功！.

------------------------------------
Log Entry : 2016年12月23日 14:00:23
行更新成功。

------------------------------------
Log Entry : 2016年12月23日 14:00:23
第：96行 DN:369852 導入成功！.

------------------------------------
Log Entry : 2016年12月23日 14:00:23
行更新成功。

------------------------------------
Log Entry : 2016年12月23日 14:00:23
第：97行 DN:369852 導入成功！.

------------------------------------
Log Entry : 2016年12月23日 14:00:23
行更新成功。

------------------------------------
Log Entry : 2016年12月23日 14:00:23
第：98行 DN:369852 導入成功！.

------------------------------------
Log Entry : 2016年12月23日 14:00:23
行更新成功。

------------------------------------
Log Entry : 2016年12月23日 14:00:23
第：99行 DN:369852 導入成功！.

------------------------------------
Log Entry : 2016年12月23日 14:00:23
行更新成功。

------------------------------------
Log Entry : 2016年12月23日 14:00:23
第：100行 DN:369852 導入成功！.

------------------------------------
Log Entry : 2016年12月23日 14:00:23
行更新成功。

------------------------------------
Log Entry : 2016年12月23日 14:00:23
第：101行 DN:369852 導入成功！.

------------------------------------
Log Entry : 2016年12月23日 14:00:23
行更新成功。

------------------------------------
Log Entry : 2016年12月23日 14:00:23
第：102行 DN:369852 導入成功！.

------------------------------------
Log Entry : 2016年12月23日 14:00:23
行更新成功。

------------------------------------
Log Entry : 2016年12月23日 14:00:23
第：103行 DN:369852 導入成功！.

------------------------------------
Log Entry : 2016年12月23日 14:00:23
行更新成功。

------------------------------------
Log Entry : 2016年12月23日 14:00:23
第：104行 DN:369852 導入成功！.

------------------------------------
Log Entry : 2016年12月23日 14:00:24
行更新成功。

------------------------------------
Log Entry : 2016年12月23日 14:00:24
第：105行 DN:369852 導入成功！.

------------------------------------
Log Entry : 2016年12月23日 14:00:24
行更新成功。

------------------------------------
Log Entry : 2016年12月23日 14:00:24
第：106行 DN:369852 導入成功！.

------------------------------------
Log Entry : 2016年12月23日 14:00:24
行更新成功。

------------------------------------
Log Entry : 2016年12月23日 14:00:24
第：107行 DN:369852 導入成功！.

------------------------------------
Log Entry : 2016年12月23日 14:00:24
行更新成功。

------------------------------------
Log Entry : 2016年12月23日 14:00:24
第：108行 DN:369852 導入成功！.

------------------------------------
Log Entry : 2016年12月23日 14:00:24
行更新成功。

------------------------------------
Log Entry : 2016年12月23日 14:00:24
第：109行 DN:369852 導入成功！.

------------------------------------
Log Entry : 2016年12月23日 14:00:24
行更新成功。

------------------------------------
Log Entry : 2016年12月23日 14:00:24
第：110行 DN:369852 導入成功！.

------------------------------------
Log Entry : 2016年12月23日 14:00:24
行更新成功。

------------------------------------
Log Entry : 2016年12月23日 14:00:24
第：111行 DN:369852 導入成功！.

------------------------------------
Log Entry : 2016年12月23日 14:00:24
行更新成功。

------------------------------------
Log Entry : 2016年12月23日 14:00:24
第：112行 DN:369852 導入成功！.

------------------------------------
Log Entry : 2016年12月23日 14:00:24
行更新成功。

------------------------------------
Log Entry : 2016年12月23日 14:00:24
第：113行 DN:369852 導入成功！.

------------------------------------
Log Entry : 2016年12月23日 14:00:24
行更新成功。

------------------------------------
Log Entry : 2016年12月23日 14:00:24
第：114行 DN:369852 導入成功！.

------------------------------------
Log Entry : 2016年12月23日 14:00:24
行更新成功。

------------------------------------
Log Entry : 2016年12月23日 14:00:24
第：115行 DN:369852 導入成功！.

------------------------------------
Log Entry : 2016年12月23日 14:00:24
行更新成功。

------------------------------------
Log Entry : 2016年12月23日 14:00:24
第：116行 DN:369852 導入成功！.

------------------------------------
Log Entry : 2016年12月23日 14:00:25
行更新成功。

------------------------------------
Log Entry : 2016年12月23日 14:00:25
第：117行 DN:369852 導入成功！.

------------------------------------
Log Entry : 2016年12月23日 14:00:25
行更新成功。

------------------------------------
Log Entry : 2016年12月23日 14:00:25
第：118行 DN:369852 導入成功！.

------------------------------------
Log Entry : 2016年12月23日 14:00:25
行更新成功。

------------------------------------
Log Entry : 2016年12月23日 14:00:25
第：119行 DN:369852 導入成功！.

------------------------------------
Log Entry : 2016年12月23日 14:00:25
行更新成功。

------------------------------------
Log Entry : 2016年12月23日 14:00:25
第：120行 DN:369852 導入成功！.

------------------------------------
Log Entry : 2016年12月23日 14:00:25
行更新成功。

------------------------------------
Log Entry : 2016年12月23日 14:00:25
第：121行 DN:369852 導入成功！.

------------------------------------
Log Entry : 2016年12月23日 14:00:25
行更新成功。

------------------------------------
Log Entry : 2016年12月23日 14:00:25
第：122行 DN:369852 導入成功！.

------------------------------------
Log Entry : 2016年12月23日 14:00:25
行更新成功。

------------------------------------
Log Entry : 2016年12月23日 14:00:25
第：123行 DN:369852 導入成功！.

------------------------------------
Log Entry : 2016年12月23日 14:00:25
行更新成功。

------------------------------------
Log Entry : 2016年12月23日 14:00:25
第：124行 DN:369852 導入成功！.

------------------------------------
Log Entry : 2016年12月23日 14:00:25
行更新成功。

------------------------------------
Log Entry : 2016年12月23日 14:00:25
第：125行 DN:369852 導入成功！.

------------------------------------
Log Entry : 2016年12月23日 14:00:25
行更新成功。

------------------------------------
Log Entry : 2016年12月23日 14:00:25
第：126行 DN:369852 導入成功！.

------------------------------------
Log Entry : 2016年12月23日 14:00:25
行更新成功。

------------------------------------
Log Entry : 2016年12月23日 14:00:25
第：127行 DN:369852 導入成功！.

------------------------------------
Log Entry : 2016年12月23日 14:00:25
行更新成功。

------------------------------------
Log Entry : 2016年12月23日 14:00:25
第：128行 DN:369852 導入成功！.

------------------------------------
Log Entry : 2016年12月23日 14:00:26
行更新成功。

------------------------------------
Log Entry : 2016年12月23日 14:00:26
第：129行 DN:369852 導入成功！.

------------------------------------
Log Entry : 2016年12月23日 14:00:26
行更新成功。

------------------------------------
Log Entry : 2016年12月23日 14:00:26
第：130行 DN:369852 導入成功！.

------------------------------------
Log Entry : 2016年12月23日 14:00:26
行更新成功。

------------------------------------
Log Entry : 2016年12月23日 14:00:26
第：131行 DN:369852 導入成功！.

------------------------------------
Log Entry : 2016年12月23日 14:00:26
行更新成功。

------------------------------------
Log Entry : 2016年12月23日 14:00:26
第：132行 DN:369852 導入成功！.

------------------------------------
Log Entry : 2016年12月23日 14:00:26
行更新成功。

------------------------------------
Log Entry : 2016年12月23日 14:00:26
第：133行 DN:369852 導入成功！.

------------------------------------
Log Entry : 2016年12月23日 14:00:26
行更新成功。

------------------------------------
Log Entry : 2016年12月23日 14:00:26
第：134行 DN:369852 導入成功！.

------------------------------------
Log Entry : 2016年12月23日 14:00:26
行更新成功。

------------------------------------
Log Entry : 2016年12月23日 14:00:26
第：135行 DN:369852 導入成功！.

------------------------------------
Log Entry : 2016年12月23日 14:00:26
行更新成功。

------------------------------------
Log Entry : 2016年12月23日 14:00:26
第：136行 DN:369852 導入成功！.

------------------------------------
Log Entry : 2016年12月23日 14:00:26
行更新成功。

------------------------------------
Log Entry : 2016年12月23日 14:00:26
第：137行 DN:369852 導入成功！.

------------------------------------
Log Entry : 2016年12月23日 14:00:26
行更新成功。

------------------------------------
Log Entry : 2016年12月23日 14:00:26
第：138行 DN:369852 導入成功！.

------------------------------------
Log Entry : 2016年12月23日 14:00:26
行更新成功。

------------------------------------
Log Entry : 2016年12月23日 14:00:26
第：139行 DN:369852 導入成功！.

------------------------------------
Log Entry : 2016年12月23日 14:00:27
行更新成功。

------------------------------------
Log Entry : 2016年12月23日 14:00:27
第：140行 DN:369852 導入成功！.

------------------------------------
Log Entry : 2016年12月23日 14:00:27
行更新成功。

------------------------------------
Log Entry : 2016年12月23日 14:00:27
第：141行 DN:369852 導入成功！.

------------------------------------
Log Entry : 2016年12月23日 14:00:27
行更新成功。

------------------------------------
Log Entry : 2016年12月23日 14:00:27
第：142行 DN:369852 導入成功！.

------------------------------------
Log Entry : 2016年12月23日 14:00:27
行更新成功。

------------------------------------
Log Entry : 2016年12月23日 14:00:27
第：143行 DN:369852 導入成功！.

------------------------------------
Log Entry : 2016年12月23日 14:00:27
行更新成功。

------------------------------------
Log Entry : 2016年12月23日 14:00:27
第：144行 DN:369852 導入成功！.

------------------------------------
Log Entry : 2016年12月23日 14:00:27
行更新成功。

------------------------------------
Log Entry : 2016年12月23日 14:00:27
第：145行 DN:369852 導入成功！.

------------------------------------
Log Entry : 2016年12月23日 14:00:27
行更新成功。

------------------------------------
Log Entry : 2016年12月23日 14:00:27
第：146行 DN:369852 導入成功！.

------------------------------------
Log Entry : 2016年12月23日 14:00:27
行更新成功。

------------------------------------
Log Entry : 2016年12月23日 14:00:27
第：147行 DN:369852 導入成功！.

------------------------------------
Log Entry : 2016年12月23日 14:00:27
行更新成功。

------------------------------------
Log Entry : 2016年12月23日 14:00:27
第：148行 DN:369852 導入成功！.

------------------------------------
Log Entry : 2016年12月23日 14:00:27
行更新成功。

------------------------------------
Log Entry : 2016年12月23日 14:00:27
第：149行 DN:369852 導入成功！.

------------------------------------
Log Entry : 2016年12月23日 14:00:27
行更新成功。

------------------------------------
Log Entry : 2016年12月23日 14:00:27
第：150行 DN:369852 導入成功！.

------------------------------------
Log Entry : 2016年12月23日 14:00:27
行更新成功。

------------------------------------
Log Entry : 2016年12月23日 14:00:27
第：151行 DN:369852 導入成功！.

------------------------------------
Log Entry : 2016年12月23日 14:00:27
行更新成功。

------------------------------------
Log Entry : 2016年12月23日 14:00:27
第：152行 DN:369852 導入成功！.

------------------------------------
Log Entry : 2016年12月23日 14:00:28
行更新成功。

------------------------------------
Log Entry : 2016年12月23日 14:00:28
第：153行 DN:369852 導入成功！.

------------------------------------
Log Entry : 2016年12月23日 14:00:28
行更新成功。

------------------------------------
Log Entry : 2016年12月23日 14:00:28
第：154行 DN:369852 導入成功！.

------------------------------------
Log Entry : 2016年12月23日 14:00:28
行更新成功。

------------------------------------
Log Entry : 2016年12月23日 14:00:28
第：155行 DN:369852 導入成功！.

------------------------------------
Log Entry : 2016年12月23日 14:00:28
行更新成功。

------------------------------------
Log Entry : 2016年12月23日 14:00:28
第：156行 DN:369852 導入成功！.

------------------------------------
Log Entry : 2016年12月23日 14:00:28
行更新成功。

------------------------------------
Log Entry : 2016年12月23日 14:00:28
第：157行 DN:369852 導入成功！.

------------------------------------
Log Entry : 2016年12月23日 14:00:28
行更新成功。

------------------------------------
Log Entry : 2016年12月23日 14:00:28
第：158行 DN:369852 導入成功！.

------------------------------------
Log Entry : 2016年12月23日 14:00:28
行更新成功。

------------------------------------
Log Entry : 2016年12月23日 14:00:28
第：159行 DN:369852 導入成功！.

------------------------------------
Log Entry : 2016年12月23日 14:00:28
行更新成功。

------------------------------------
Log Entry : 2016年12月23日 14:00:28
第：160行 DN:369852 導入成功！.

------------------------------------
Log Entry : 2016年12月23日 14:00:28
行更新成功。

------------------------------------
Log Entry : 2016年12月23日 14:00:28
第：161行 DN:369852 導入成功！.

------------------------------------
Log Entry : 2016年12月23日 14:00:28
行更新成功。

------------------------------------
Log Entry : 2016年12月23日 14:00:28
第：162行 DN:369852 導入成功！.

------------------------------------
Log Entry : 2016年12月23日 14:00:28
行更新成功。

------------------------------------
Log Entry : 2016年12月23日 14:00:28
第：163行 DN:369852 導入成功！.

------------------------------------
Log Entry : 2016年12月23日 14:00:28
行更新成功。

------------------------------------
Log Entry : 2016年12月23日 14:00:28
第：164行 DN:369852 導入成功！.

------------------------------------
Log Entry : 2016年12月23日 14:00:28
行更新成功。

------------------------------------
Log Entry : 2016年12月23日 14:00:28
第：165行 DN:369852 導入成功！.

------------------------------------
Log Entry : 2016年12月23日 14:00:29
行更新成功。

------------------------------------
Log Entry : 2016年12月23日 14:00:29
第：166行 DN:369852 導入成功！.

------------------------------------
Log Entry : 2016年12月23日 14:00:29
行更新成功。

------------------------------------
Log Entry : 2016年12月23日 14:00:29
第：167行 DN:369852 導入成功！.

------------------------------------
Log Entry : 2016年12月23日 14:00:29
行更新成功。

------------------------------------
Log Entry : 2016年12月23日 14:00:29
第：168行 DN:369852 導入成功！.

------------------------------------
Log Entry : 2016年12月23日 14:00:29
行更新成功。

------------------------------------
Log Entry : 2016年12月23日 14:00:29
第：169行 DN:369852 導入成功！.

------------------------------------
Log Entry : 2016年12月23日 14:00:29
行更新成功。

------------------------------------
Log Entry : 2016年12月23日 14:00:29
第：170行 DN:369852 導入成功！.

------------------------------------
Log Entry : 2016年12月23日 14:00:29
行更新成功。

------------------------------------
Log Entry : 2016年12月23日 14:00:29
第：171行 DN:369852 導入成功！.

------------------------------------
Log Entry : 2016年12月23日 14:00:29
行更新成功。

------------------------------------
Log Entry : 2016年12月23日 14:00:29
第：172行 DN:369852 導入成功！.

------------------------------------
Log Entry : 2016年12月23日 14:00:29
行更新成功。

------------------------------------
Log Entry : 2016年12月23日 14:00:29
第：173行 DN:369852 導入成功！.

------------------------------------
Log Entry : 2016年12月23日 14:00:29
行更新成功。

------------------------------------
Log Entry : 2016年12月23日 14:00:29
第：174行 DN:369852 導入成功！.

------------------------------------
Log Entry : 2016年12月23日 14:00:29
行更新成功。

------------------------------------
Log Entry : 2016年12月23日 14:00:29
第：175行 DN:369852 導入成功！.

------------------------------------
Log Entry : 2016年12月23日 14:00:29
行更新成功。

------------------------------------
Log Entry : 2016年12月23日 14:00:29
第：176行 DN:369852 導入成功！.

------------------------------------
Log Entry : 2016年12月23日 14:00:29
行更新成功。

------------------------------------
Log Entry : 2016年12月23日 14:00:29
第：177行 DN:369852 導入成功！.

------------------------------------
Log Entry : 2016年12月23日 14:00:30
行更新成功。

------------------------------------
Log Entry : 2016年12月23日 14:00:30
第：178行 DN:369852 導入成功！.

------------------------------------
Log Entry : 2016年12月23日 14:00:30
行更新成功。

------------------------------------
Log Entry : 2016年12月23日 14:00:30
第：179行 DN:369852 導入成功！.

------------------------------------
Log Entry : 2016年12月23日 14:00:30
行更新成功。

------------------------------------
Log Entry : 2016年12月23日 14:00:30
第：180行 DN:369852 導入成功！.

------------------------------------
Log Entry : 2016年12月23日 14:00:30
行更新成功。

------------------------------------
Log Entry : 2016年12月23日 14:00:30
第：181行 DN:369852 導入成功！.

------------------------------------
Log Entry : 2016年12月23日 14:00:30
行更新成功。

------------------------------------
Log Entry : 2016年12月23日 14:00:30
第：182行 DN:369852 導入成功！.

------------------------------------
Log Entry : 2016年12月23日 14:00:30
行更新成功。

------------------------------------
Log Entry : 2016年12月23日 14:00:30
第：183行 DN:369852 導入成功！.

------------------------------------
Log Entry : 2016年12月23日 14:00:30
行更新成功。

------------------------------------
Log Entry : 2016年12月23日 14:00:30
第：184行 DN:369852 導入成功！.

------------------------------------
Log Entry : 2016年12月23日 14:00:30
行更新成功。

------------------------------------
Log Entry : 2016年12月23日 14:00:30
第：185行 DN:369852 導入成功！.

------------------------------------
Log Entry : 2016年12月23日 14:00:30
行更新成功。

------------------------------------
Log Entry : 2016年12月23日 14:00:30
第：186行 DN:369852 導入成功！.

------------------------------------
Log Entry : 2016年12月23日 14:00:30
行更新成功。

------------------------------------
Log Entry : 2016年12月23日 14:00:30
第：187行 DN:369852 導入成功！.

------------------------------------
Log Entry : 2016年12月23日 14:00:31
行更新成功。

------------------------------------
Log Entry : 2016年12月23日 14:00:31
第：188行 DN:369852 導入成功！.

------------------------------------
Log Entry : 2016年12月23日 14:00:31
行更新成功。

------------------------------------
Log Entry : 2016年12月23日 14:00:31
第：189行 DN:369852 導入成功！.

------------------------------------
Log Entry : 2016年12月23日 14:00:31
行更新成功。

------------------------------------
Log Entry : 2016年12月23日 14:00:31
第：190行 DN:369852 導入成功！.

------------------------------------
Log Entry : 2016年12月23日 14:00:31
行更新成功。

------------------------------------
Log Entry : 2016年12月23日 14:00:31
第：191行 DN:369852 導入成功！.

------------------------------------
Log Entry : 2016年12月23日 14:00:31
行更新成功。

------------------------------------
Log Entry : 2016年12月23日 14:00:31
第：192行 DN:369852 導入成功！.

------------------------------------
Log Entry : 2016年12月23日 14:00:31
行更新成功。

------------------------------------
Log Entry : 2016年12月23日 14:00:31
第：193行 DN:369852 導入成功！.

------------------------------------
Log Entry : 2016年12月23日 14:00:31
行更新成功。

------------------------------------
Log Entry : 2016年12月23日 14:00:31
第：194行 DN:369852 導入成功！.

------------------------------------
Log Entry : 2016年12月23日 14:00:31
行更新成功。

------------------------------------
Log Entry : 2016年12月23日 14:00:31
第：195行 DN:369852 導入成功！.

------------------------------------
Log Entry : 2016年12月23日 14:00:31
行更新成功。

------------------------------------
Log Entry : 2016年12月23日 14:00:31
第：196行 DN:369852 導入成功！.

------------------------------------
Log Entry : 2016年12月23日 14:00:32
行更新成功。

------------------------------------
Log Entry : 2016年12月23日 14:00:32
第：197行 DN:369852 導入成功！.

------------------------------------
Log Entry : 2016年12月23日 14:00:32
行更新成功。

------------------------------------
Log Entry : 2016年12月23日 14:00:32
第：198行 DN:369852 導入成功！.

------------------------------------
Log Entry : 2016年12月23日 14:00:32
行更新成功。

------------------------------------
Log Entry : 2016年12月23日 14:00:32
第：199行 DN:369852 導入成功！.

------------------------------------
Log Entry : 2016年12月23日 14:00:32
行更新成功。

------------------------------------
Log Entry : 2016年12月23日 14:00:32
第：200行 DN:369852 導入成功！.

------------------------------------
Log Entry : 2016年12月23日 14:00:32
行更新成功。

------------------------------------
Log Entry : 2016年12月23日 14:00:32
第：201行 DN:369852 導入成功！.

------------------------------------
Log Entry : 2016年12月23日 14:00:32
行更新成功。

------------------------------------
Log Entry : 2016年12月23日 14:00:32
第：202行 DN:369852 導入成功！.

------------------------------------
Log Entry : 2016年12月23日 14:00:32
行更新成功。

------------------------------------
Log Entry : 2016年12月23日 14:00:32
第：203行 DN:369852 導入成功！.

------------------------------------
Log Entry : 2016年12月23日 14:00:32
行更新成功。

------------------------------------
Log Entry : 2016年12月23日 14:00:32
第：204行 DN:369852 導入成功！.

------------------------------------
Log Entry : 2016年12月23日 14:00:32
行更新成功。

------------------------------------
Log Entry : 2016年12月23日 14:00:32
第：205行 DN:369852 導入成功！.

------------------------------------
Log Entry : 2016年12月23日 14:00:32
行更新成功。

------------------------------------
Log Entry : 2016年12月23日 14:00:32
第：206行 DN:369852 導入成功！.

------------------------------------
Log Entry : 2016年12月23日 14:00:32
行更新成功。

------------------------------------
Log Entry : 2016年12月23日 14:00:32
第：207行 DN:369852 導入成功！.

------------------------------------
Log Entry : 2016年12月23日 14:00:32
行更新成功。

------------------------------------
Log Entry : 2016年12月23日 14:00:32
第：208行 DN:369852 導入成功！.

------------------------------------
Log Entry : 2016年12月23日 14:00:32
行更新成功。

------------------------------------
Log Entry : 2016年12月23日 14:00:32
第：209行 DN:369852 導入成功！.

------------------------------------
Log Entry : 2016年12月23日 14:00:32
行更新成功。

------------------------------------
Log Entry : 2016年12月23日 14:00:32
第：210行 DN:369852 導入成功！.

------------------------------------
Log Entry : 2016年12月23日 14:00:32
行更新成功。

------------------------------------
Log Entry : 2016年12月23日 14:00:32
第：211行 DN:369852 導入成功！.

------------------------------------
Log Entry : 2016年12月23日 14:00:32
行更新成功。

------------------------------------
Log Entry : 2016年12月23日 14:00:32
第：212行 DN:369852 導入成功！.

------------------------------------
Log Entry : 2016年12月23日 14:00:32
行更新成功。

------------------------------------
Log Entry : 2016年12月23日 14:00:32
第：213行 DN:369852 導入成功！.

------------------------------------
Log Entry : 2016年12月23日 14:00:33
行更新成功。

------------------------------------
Log Entry : 2016年12月23日 14:00:33
第：214行 DN:369852 導入成功！.

------------------------------------
Log Entry : 2016年12月23日 14:00:33
行更新成功。

------------------------------------
Log Entry : 2016年12月23日 14:00:33
第：215行 DN:369852 導入成功！.

------------------------------------
Log Entry : 2016年12月23日 14:00:33
行更新成功。

------------------------------------
Log Entry : 2016年12月23日 14:00:33
第：216行 DN:369852 導入成功！.

------------------------------------
Log Entry : 2016年12月23日 14:00:33
行更新成功。

------------------------------------
Log Entry : 2016年12月23日 14:00:33
第：217行 DN:369852 導入成功！.

------------------------------------
Log Entry : 2016年12月23日 14:00:33
行更新成功。

------------------------------------
Log Entry : 2016年12月23日 14:00:33
第：218行 DN:369852 導入成功！.

------------------------------------
Log Entry : 2016年12月23日 14:00:33
行更新成功。

------------------------------------
Log Entry : 2016年12月23日 14:00:33
第：219行 DN:369852 導入成功！.

------------------------------------
Log Entry : 2016年12月23日 14:00:33
行更新成功。

------------------------------------
Log Entry : 2016年12月23日 14:00:33
第：220行 DN:369852 導入成功！.

------------------------------------
Log Entry : 2016年12月23日 14:00:33
行更新成功。

------------------------------------
Log Entry : 2016年12月23日 14:00:33
第：221行 DN:369852 導入成功！.

------------------------------------
Log Entry : 2016年12月23日 14:00:33
行更新成功。

------------------------------------
Log Entry : 2016年12月23日 14:00:33
第：222行 DN:369852 導入成功！.

------------------------------------
Log Entry : 2016年12月23日 14:00:33
行更新成功。

------------------------------------
Log Entry : 2016年12月23日 14:00:33
第：223行 DN:369852 導入成功！.

------------------------------------
Log Entry : 2016年12月23日 14:00:33
行更新成功。

------------------------------------
Log Entry : 2016年12月23日 14:00:33
第：224行 DN:369852 導入成功！.

------------------------------------
Log Entry : 2016年12月23日 14:00:33
行更新成功。

------------------------------------
Log Entry : 2016年12月23日 14:00:33
第：225行 DN:369852 導入成功！.

------------------------------------
Log Entry : 2016年12月23日 14:00:33
行更新成功。

------------------------------------
Log Entry : 2016年12月23日 14:00:33
第：226行 DN:369852 導入成功！.

------------------------------------
Log Entry : 2016年12月23日 14:00:33
行更新成功。

------------------------------------
Log Entry : 2016年12月23日 14:00:33
第：227行 DN:369852 導入成功！.

------------------------------------
Log Entry : 2016年12月23日 14:00:33
行更新成功。

------------------------------------
Log Entry : 2016年12月23日 14:00:33
第：228行 DN:369852 導入成功！.

------------------------------------
Log Entry : 2016年12月23日 14:00:33
行更新成功。

------------------------------------
Log Entry : 2016年12月23日 14:00:33
第：229行 DN:369852 導入成功！.

------------------------------------
Log Entry : 2016年12月23日 14:00:33
行更新成功。

------------------------------------
Log Entry : 2016年12月23日 14:00:33
第：230行 DN:369852 導入成功！.

------------------------------------
Log Entry : 2016年12月23日 14:00:33
行更新成功。

------------------------------------
Log Entry : 2016年12月23日 14:00:33
第：231行 DN:369852 導入成功！.

------------------------------------
Log Entry : 2016年12月23日 14:00:33
行更新成功。

------------------------------------
Log Entry : 2016年12月23日 14:00:33
第：232行 DN:369852 導入成功！.

------------------------------------
Log Entry : 2016年12月23日 14:00:33
行更新成功。

------------------------------------
Log Entry : 2016年12月23日 14:00:33
第：233行 DN:369853 導入成功！.

------------------------------------
Log Entry : 2016年12月23日 14:00:33
行更新成功。

------------------------------------
Log Entry : 2016年12月23日 14:00:33
第：234行 DN:369853 導入成功！.

------------------------------------
Log Entry : 2016年12月23日 14:00:33
行更新成功。

------------------------------------
Log Entry : 2016年12月23日 14:00:33
第：235行 DN:369853 導入成功！.

------------------------------------
Log Entry : 2016年12月23日 14:00:34
行更新成功。

------------------------------------
Log Entry : 2016年12月23日 14:00:34
第：236行 DN:369853 導入成功！.

------------------------------------
Log Entry : 2016年12月23日 14:00:34
行更新成功。

------------------------------------
Log Entry : 2016年12月23日 14:00:34
第：237行 DN:369853 導入成功！.

------------------------------------
Log Entry : 2016年12月23日 14:00:34
行更新成功。

------------------------------------
Log Entry : 2016年12月23日 14:00:34
第：238行 DN:369853 導入成功！.

------------------------------------
Log Entry : 2016年12月23日 14:00:34
行更新成功。

------------------------------------
Log Entry : 2016年12月23日 14:00:34
第：239行 DN:369853 導入成功！.

------------------------------------
Log Entry : 2016年12月23日 14:00:34
行更新成功。

------------------------------------
Log Entry : 2016年12月23日 14:00:34
第：240行 DN:369853 導入成功！.

------------------------------------
Log Entry : 2016年12月23日 14:00:34
行更新成功。

------------------------------------
Log Entry : 2016年12月23日 14:00:34
第：241行 DN:369853 導入成功！.

------------------------------------
Log Entry : 2016年12月23日 14:00:34
行更新成功。

------------------------------------
Log Entry : 2016年12月23日 14:00:34
第：242行 DN:369853 導入成功！.

------------------------------------
Log Entry : 2016年12月23日 14:00:34
行更新成功。

------------------------------------
Log Entry : 2016年12月23日 14:00:34
第：243行 DN:369853 導入成功！.

------------------------------------
Log Entry : 2016年12月23日 14:00:34
行更新成功。

------------------------------------
Log Entry : 2016年12月23日 14:00:34
第：244行 DN:369853 導入成功！.

------------------------------------
Log Entry : 2016年12月23日 14:00:34
行更新成功。

------------------------------------
Log Entry : 2016年12月23日 14:00:34
第：245行 DN:369853 導入成功！.

------------------------------------
Log Entry : 2016年12月23日 14:00:34
行更新成功。

------------------------------------
Log Entry : 2016年12月23日 14:00:34
第：246行 DN:369853 導入成功！.

------------------------------------
Log Entry : 2016年12月23日 14:00:34
行更新成功。

------------------------------------
Log Entry : 2016年12月23日 14:00:34
第：247行 DN:369853 導入成功！.

------------------------------------
Log Entry : 2016年12月23日 14:00:34
行更新成功。

------------------------------------
Log Entry : 2016年12月23日 14:00:34
第：248行 DN:369853 導入成功！.

------------------------------------
Log Entry : 2016年12月23日 14:00:34
行更新成功。

------------------------------------
Log Entry : 2016年12月23日 14:00:34
第：249行 DN:369853 導入成功！.

------------------------------------
Log Entry : 2016年12月23日 14:00:34
行更新成功。

------------------------------------
Log Entry : 2016年12月23日 14:00:34
第：250行 DN:369853 導入成功！.

------------------------------------
Log Entry : 2016年12月23日 14:00:34
行更新成功。

------------------------------------
Log Entry : 2016年12月23日 14:00:34
第：251行 DN:369853 導入成功！.

------------------------------------
Log Entry : 2016年12月23日 14:00:34
行更新成功。

------------------------------------
Log Entry : 2016年12月23日 14:00:34
第：252行 DN:369853 導入成功！.

------------------------------------
Log Entry : 2016年12月23日 14:00:34
行更新成功。

------------------------------------
Log Entry : 2016年12月23日 14:00:34
第：253行 DN:369853 導入成功！.

------------------------------------
Log Entry : 2016年12月23日 14:00:34
行更新成功。

------------------------------------
Log Entry : 2016年12月23日 14:00:34
第：254行 DN:369853 導入成功！.

------------------------------------
Log Entry : 2016年12月23日 14:00:34
行更新成功。

------------------------------------
Log Entry : 2016年12月23日 14:00:34
第：255行 DN:369853 導入成功！.

------------------------------------
Log Entry : 2016年12月23日 14:00:34
行更新成功。

------------------------------------
Log Entry : 2016年12月23日 14:00:34
第：256行 DN:369853 導入成功！.

------------------------------------
Log Entry : 2016年12月23日 14:00:35
行更新成功。

------------------------------------
Log Entry : 2016年12月23日 14:00:35
第：257行 DN:369853 導入成功！.

------------------------------------
Log Entry : 2016年12月23日 14:00:35
行更新成功。

------------------------------------
Log Entry : 2016年12月23日 14:00:35
第：258行 DN:369853 導入成功！.

------------------------------------
Log Entry : 2016年12月23日 14:00:35
行更新成功。

------------------------------------
Log Entry : 2016年12月23日 14:00:35
第：259行 DN:369853 導入成功！.

------------------------------------
Log Entry : 2016年12月23日 14:00:35
2016/12/23 下午 02:00:35,資料導入結束
------------------------------------
Log Entry : 2016年12月23日 15:00:02
2016/12/23 下午 03:00:02,開始導入資料...
------------------------------------
Log Entry : 2016年12月23日 15:00:02
2016/12/23 下午 03:00:02,資料導入結束
------------------------------------
Log Entry : 2016年12月23日 16:00:02
2016/12/23 下午 04:00:02,開始導入資料...
------------------------------------
Log Entry : 2016年12月23日 16:00:02
2016/12/23 下午 04:00:02,資料導入結束
------------------------------------
Log Entry : 2016年12月23日 17:00:02
2016/12/23 下午 05:00:02,開始導入資料...
------------------------------------
Log Entry : 2016年12月23日 17:00:02
2016/12/23 下午 05:00:02,資料導入結束
------------------------------------
Log Entry : 2016年12月23日 18:00:02
2016/12/23 下午 06:00:02,開始導入資料...
------------------------------------
Log Entry : 2016年12月23日 18:00:02
2016/12/23 下午 06:00:02,資料導入結束
------------------------------------
Log Entry : 2016年12月23日 19:00:01
2016/12/23 下午 07:00:01,開始導入資料...
------------------------------------
Log Entry : 2016年12月23日 19:00:01
2016/12/23 下午 07:00:01,資料導入結束
------------------------------------
Log Entry : 2016年12月23日 20:00:02
2016/12/23 下午 08:00:02,開始導入資料...
------------------------------------
Log Entry : 2016年12月23日 20:00:02
2016/12/23 下午 08:00:02,資料導入結束
------------------------------------
Log Entry : 2016年12月23日 21:00:01
2016/12/23 下午 09:00:01,開始導入資料...
------------------------------------
Log Entry : 2016年12月23日 21:00:01
2016/12/23 下午 09:00:01,資料導入結束
------------------------------------
Log Entry : 2016年12月23日 22:00:01
2016/12/23 下午 10:00:01,開始導入資料...
------------------------------------
Log Entry : 2016年12月23日 22:00:01
2016/12/23 下午 10:00:01,資料導入結束
------------------------------------
Log Entry : 2016年12月23日 23:00:02
2016/12/23 下午 11:00:02,開始導入資料...
------------------------------------
Log Entry : 2016年12月23日 23:00:02
2016/12/23 下午 11:00:02,資料導入結束
------------------------------------
