Log Entry : 2016年12月28日 00:00:01
2016/12/28 上午 12:00:01,開始導入資料...
------------------------------------
Log Entry : 2016年12月28日 00:00:01
2016/12/28 上午 12:00:01,資料導入結束
------------------------------------
Log Entry : 2016年12月28日 01:00:01
2016/12/28 上午 01:00:01,開始導入資料...
------------------------------------
Log Entry : 2016年12月28日 01:00:01
2016/12/28 上午 01:00:01,資料導入結束
------------------------------------
Log Entry : 2016年12月28日 02:00:01
2016/12/28 上午 02:00:01,開始導入資料...
------------------------------------
Log Entry : 2016年12月28日 02:00:01
2016/12/28 上午 02:00:01,資料導入結束
------------------------------------
Log Entry : 2016年12月28日 03:00:01
2016/12/28 上午 03:00:01,開始導入資料...
------------------------------------
Log Entry : 2016年12月28日 03:00:01
2016/12/28 上午 03:00:01,資料導入結束
------------------------------------
Log Entry : 2016年12月28日 04:00:01
2016/12/28 上午 04:00:01,開始導入資料...
------------------------------------
Log Entry : 2016年12月28日 04:00:01
2016/12/28 上午 04:00:01,資料導入結束
------------------------------------
Log Entry : 2016年12月28日 05:00:01
2016/12/28 上午 05:00:01,開始導入資料...
------------------------------------
Log Entry : 2016年12月28日 05:00:01
2016/12/28 上午 05:00:01,資料導入結束
------------------------------------
Log Entry : 2016年12月28日 06:00:01
2016/12/28 上午 06:00:01,開始導入資料...
------------------------------------
Log Entry : 2016年12月28日 06:00:01
2016/12/28 上午 06:00:01,資料導入結束
------------------------------------
Log Entry : 2016年12月28日 07:00:01
2016/12/28 上午 07:00:01,開始導入資料...
------------------------------------
Log Entry : 2016年12月28日 07:00:01
2016/12/28 上午 07:00:01,資料導入結束
------------------------------------
Log Entry : 2016年12月28日 08:00:01
2016/12/28 上午 08:00:01,開始導入資料...
------------------------------------
Log Entry : 2016年12月28日 08:00:01
2016/12/28 上午 08:00:01,資料導入結束
------------------------------------
Log Entry : 2016年12月28日 09:00:01
2016/12/28 上午 09:00:01,開始導入資料...
------------------------------------
Log Entry : 2016年12月28日 09:00:01
2016/12/28 上午 09:00:01,資料導入結束
------------------------------------
Log Entry : 2016年12月28日 10:00:10
2016/12/28 上午 10:00:10,開始導入資料...
------------------------------------
Log Entry : 2016年12月28日 10:00:10
行更新成功。

------------------------------------
Log Entry : 2016年12月28日 10:00:10
第：1行 DN:369852 導入成功！.

------------------------------------
Log Entry : 2016年12月28日 10:00:10
行更新成功。

------------------------------------
Log Entry : 2016年12月28日 10:00:10
第：2行 DN:369852 導入成功！.

------------------------------------
Log Entry : 2016年12月28日 10:00:11
行更新成功。

------------------------------------
Log Entry : 2016年12月28日 10:00:11
第：3行 DN:369852 導入成功！.

------------------------------------
Log Entry : 2016年12月28日 10:00:11
行更新成功。

------------------------------------
Log Entry : 2016年12月28日 10:00:11
第：4行 DN:369852 導入成功！.

------------------------------------
Log Entry : 2016年12月28日 10:00:11
行更新成功。

------------------------------------
Log Entry : 2016年12月28日 10:00:11
第：5行 DN:369852 導入成功！.

------------------------------------
Log Entry : 2016年12月28日 10:00:11
行更新成功。

------------------------------------
Log Entry : 2016年12月28日 10:00:11
第：6行 DN:369852 導入成功！.

------------------------------------
Log Entry : 2016年12月28日 10:00:11
行更新成功。

------------------------------------
Log Entry : 2016年12月28日 10:00:11
第：7行 DN:369852 導入成功！.

------------------------------------
Log Entry : 2016年12月28日 10:00:11
行更新成功。

------------------------------------
Log Entry : 2016年12月28日 10:00:11
第：8行 DN:369852 導入成功！.

------------------------------------
Log Entry : 2016年12月28日 10:00:11
行更新成功。

------------------------------------
Log Entry : 2016年12月28日 10:00:11
第：9行 DN:369852 導入成功！.

------------------------------------
Log Entry : 2016年12月28日 10:00:11
行更新成功。

------------------------------------
Log Entry : 2016年12月28日 10:00:11
第：10行 DN:369852 導入成功！.

------------------------------------
Log Entry : 2016年12月28日 10:00:11
行更新成功。

------------------------------------
Log Entry : 2016年12月28日 10:00:11
第：11行 DN:369852 導入成功！.

------------------------------------
Log Entry : 2016年12月28日 10:00:11
行更新成功。

------------------------------------
Log Entry : 2016年12月28日 10:00:11
第：12行 DN:369852 導入成功！.

------------------------------------
Log Entry : 2016年12月28日 10:00:11
行更新成功。

------------------------------------
Log Entry : 2016年12月28日 10:00:11
第：13行 DN:369852 導入成功！.

------------------------------------
Log Entry : 2016年12月28日 10:00:11
行更新成功。

------------------------------------
Log Entry : 2016年12月28日 10:00:11
第：14行 DN:369852 導入成功！.

------------------------------------
Log Entry : 2016年12月28日 10:00:11
行更新成功。

------------------------------------
Log Entry : 2016年12月28日 10:00:11
第：15行 DN:369852 導入成功！.

------------------------------------
Log Entry : 2016年12月28日 10:00:11
行更新成功。

------------------------------------
Log Entry : 2016年12月28日 10:00:11
第：16行 DN:369852 導入成功！.

------------------------------------
Log Entry : 2016年12月28日 10:00:11
行更新成功。

------------------------------------
Log Entry : 2016年12月28日 10:00:11
第：17行 DN:369852 導入成功！.

------------------------------------
Log Entry : 2016年12月28日 10:00:11
行更新成功。

------------------------------------
Log Entry : 2016年12月28日 10:00:11
第：18行 DN:369852 導入成功！.

------------------------------------
Log Entry : 2016年12月28日 10:00:11
行更新成功。

------------------------------------
Log Entry : 2016年12月28日 10:00:11
第：19行 DN:369852 導入成功！.

------------------------------------
Log Entry : 2016年12月28日 10:00:12
行更新成功。

------------------------------------
Log Entry : 2016年12月28日 10:00:12
第：20行 DN:369852 導入成功！.

------------------------------------
Log Entry : 2016年12月28日 10:00:12
行更新成功。

------------------------------------
Log Entry : 2016年12月28日 10:00:12
第：21行 DN:369852 導入成功！.

------------------------------------
Log Entry : 2016年12月28日 10:00:12
行更新成功。

------------------------------------
Log Entry : 2016年12月28日 10:00:12
第：22行 DN:369852 導入成功！.

------------------------------------
Log Entry : 2016年12月28日 10:00:12
行更新成功。

------------------------------------
Log Entry : 2016年12月28日 10:00:12
第：23行 DN:369852 導入成功！.

------------------------------------
Log Entry : 2016年12月28日 10:00:12
行更新成功。

------------------------------------
Log Entry : 2016年12月28日 10:00:12
第：24行 DN:369852 導入成功！.

------------------------------------
Log Entry : 2016年12月28日 10:00:12
行更新成功。

------------------------------------
Log Entry : 2016年12月28日 10:00:12
第：25行 DN:369852 導入成功！.

------------------------------------
Log Entry : 2016年12月28日 10:00:12
行更新成功。

------------------------------------
Log Entry : 2016年12月28日 10:00:12
第：26行 DN:369852 導入成功！.

------------------------------------
Log Entry : 2016年12月28日 10:00:12
行更新成功。

------------------------------------
Log Entry : 2016年12月28日 10:00:12
第：27行 DN:369852 導入成功！.

------------------------------------
Log Entry : 2016年12月28日 10:00:12
行更新成功。

------------------------------------
Log Entry : 2016年12月28日 10:00:12
第：28行 DN:369852 導入成功！.

------------------------------------
Log Entry : 2016年12月28日 10:00:12
行更新成功。

------------------------------------
Log Entry : 2016年12月28日 10:00:12
第：29行 DN:369852 導入成功！.

------------------------------------
Log Entry : 2016年12月28日 10:00:12
行更新成功。

------------------------------------
Log Entry : 2016年12月28日 10:00:12
第：30行 DN:369852 導入成功！.

------------------------------------
Log Entry : 2016年12月28日 10:00:12
行更新成功。

------------------------------------
Log Entry : 2016年12月28日 10:00:12
第：31行 DN:369852 導入成功！.

------------------------------------
Log Entry : 2016年12月28日 10:00:12
行更新成功。

------------------------------------
Log Entry : 2016年12月28日 10:00:12
第：32行 DN:369852 導入成功！.

------------------------------------
Log Entry : 2016年12月28日 10:00:12
行更新成功。

------------------------------------
Log Entry : 2016年12月28日 10:00:12
第：33行 DN:369852 導入成功！.

------------------------------------
Log Entry : 2016年12月28日 10:00:12
行更新成功。

------------------------------------
Log Entry : 2016年12月28日 10:00:12
第：34行 DN:369852 導入成功！.

------------------------------------
Log Entry : 2016年12月28日 10:00:12
行更新成功。

------------------------------------
Log Entry : 2016年12月28日 10:00:12
第：35行 DN:369852 導入成功！.

------------------------------------
Log Entry : 2016年12月28日 10:00:12
行更新成功。

------------------------------------
Log Entry : 2016年12月28日 10:00:12
第：36行 DN:369852 導入成功！.

------------------------------------
Log Entry : 2016年12月28日 10:00:13
行更新成功。

------------------------------------
Log Entry : 2016年12月28日 10:00:13
第：37行 DN:369852 導入成功！.

------------------------------------
Log Entry : 2016年12月28日 10:00:13
行更新成功。

------------------------------------
Log Entry : 2016年12月28日 10:00:13
第：38行 DN:369852 導入成功！.

------------------------------------
Log Entry : 2016年12月28日 10:00:13
行更新成功。

------------------------------------
Log Entry : 2016年12月28日 10:00:13
第：39行 DN:369852 導入成功！.

------------------------------------
Log Entry : 2016年12月28日 10:00:13
行更新成功。

------------------------------------
Log Entry : 2016年12月28日 10:00:13
第：40行 DN:369852 導入成功！.

------------------------------------
Log Entry : 2016年12月28日 10:00:13
行更新成功。

------------------------------------
Log Entry : 2016年12月28日 10:00:13
第：41行 DN:369852 導入成功！.

------------------------------------
Log Entry : 2016年12月28日 10:00:13
行更新成功。

------------------------------------
Log Entry : 2016年12月28日 10:00:13
第：42行 DN:369852 導入成功！.

------------------------------------
Log Entry : 2016年12月28日 10:00:13
行更新成功。

------------------------------------
Log Entry : 2016年12月28日 10:00:13
第：43行 DN:369852 導入成功！.

------------------------------------
Log Entry : 2016年12月28日 10:00:13
行更新成功。

------------------------------------
Log Entry : 2016年12月28日 10:00:13
第：44行 DN:369852 導入成功！.

------------------------------------
Log Entry : 2016年12月28日 10:00:13
行更新成功。

------------------------------------
Log Entry : 2016年12月28日 10:00:13
第：45行 DN:369852 導入成功！.

------------------------------------
Log Entry : 2016年12月28日 10:00:13
行更新成功。

------------------------------------
Log Entry : 2016年12月28日 10:00:13
第：46行 DN:369852 導入成功！.

------------------------------------
Log Entry : 2016年12月28日 10:00:13
行更新成功。

------------------------------------
Log Entry : 2016年12月28日 10:00:13
第：47行 DN:369852 導入成功！.

------------------------------------
Log Entry : 2016年12月28日 10:00:14
行更新成功。

------------------------------------
Log Entry : 2016年12月28日 10:00:14
第：48行 DN:369852 導入成功！.

------------------------------------
Log Entry : 2016年12月28日 10:00:14
行更新成功。

------------------------------------
Log Entry : 2016年12月28日 10:00:14
第：49行 DN:369852 導入成功！.

------------------------------------
Log Entry : 2016年12月28日 10:00:14
行更新成功。

------------------------------------
Log Entry : 2016年12月28日 10:00:14
第：50行 DN:369852 導入成功！.

------------------------------------
Log Entry : 2016年12月28日 10:00:14
行更新成功。

------------------------------------
Log Entry : 2016年12月28日 10:00:14
第：51行 DN:369852 導入成功！.

------------------------------------
Log Entry : 2016年12月28日 10:00:14
行更新成功。

------------------------------------
Log Entry : 2016年12月28日 10:00:14
第：52行 DN:369852 導入成功！.

------------------------------------
Log Entry : 2016年12月28日 10:00:14
行更新成功。

------------------------------------
Log Entry : 2016年12月28日 10:00:14
第：53行 DN:369852 導入成功！.

------------------------------------
Log Entry : 2016年12月28日 10:00:14
行更新成功。

------------------------------------
Log Entry : 2016年12月28日 10:00:14
第：54行 DN:369852 導入成功！.

------------------------------------
Log Entry : 2016年12月28日 10:00:14
行更新成功。

------------------------------------
Log Entry : 2016年12月28日 10:00:14
第：55行 DN:369852 導入成功！.

------------------------------------
Log Entry : 2016年12月28日 10:00:14
行更新成功。

------------------------------------
Log Entry : 2016年12月28日 10:00:14
第：56行 DN:369852 導入成功！.

------------------------------------
Log Entry : 2016年12月28日 10:00:14
行更新成功。

------------------------------------
Log Entry : 2016年12月28日 10:00:14
第：57行 DN:369852 導入成功！.

------------------------------------
Log Entry : 2016年12月28日 10:00:14
行更新成功。

------------------------------------
Log Entry : 2016年12月28日 10:00:14
第：58行 DN:369852 導入成功！.

------------------------------------
Log Entry : 2016年12月28日 10:00:14
行更新成功。

------------------------------------
Log Entry : 2016年12月28日 10:00:14
第：59行 DN:369852 導入成功！.

------------------------------------
Log Entry : 2016年12月28日 10:00:14
行更新成功。

------------------------------------
Log Entry : 2016年12月28日 10:00:14
第：60行 DN:369852 導入成功！.

------------------------------------
Log Entry : 2016年12月28日 10:00:15
行更新成功。

------------------------------------
Log Entry : 2016年12月28日 10:00:15
第：61行 DN:369852 導入成功！.

------------------------------------
Log Entry : 2016年12月28日 10:00:15
行更新成功。

------------------------------------
Log Entry : 2016年12月28日 10:00:15
第：62行 DN:369852 導入成功！.

------------------------------------
Log Entry : 2016年12月28日 10:00:15
行更新成功。

------------------------------------
Log Entry : 2016年12月28日 10:00:15
第：63行 DN:369852 導入成功！.

------------------------------------
Log Entry : 2016年12月28日 10:00:15
行更新成功。

------------------------------------
Log Entry : 2016年12月28日 10:00:15
第：64行 DN:369852 導入成功！.

------------------------------------
Log Entry : 2016年12月28日 10:00:15
行更新成功。

------------------------------------
Log Entry : 2016年12月28日 10:00:15
第：65行 DN:369852 導入成功！.

------------------------------------
Log Entry : 2016年12月28日 10:00:15
行更新成功。

------------------------------------
Log Entry : 2016年12月28日 10:00:15
第：66行 DN:369852 導入成功！.

------------------------------------
Log Entry : 2016年12月28日 10:00:15
行更新成功。

------------------------------------
Log Entry : 2016年12月28日 10:00:15
第：67行 DN:369852 導入成功！.

------------------------------------
Log Entry : 2016年12月28日 10:00:15
行更新成功。

------------------------------------
Log Entry : 2016年12月28日 10:00:15
第：68行 DN:369852 導入成功！.

------------------------------------
Log Entry : 2016年12月28日 10:00:15
行更新成功。

------------------------------------
Log Entry : 2016年12月28日 10:00:15
第：69行 DN:369852 導入成功！.

------------------------------------
Log Entry : 2016年12月28日 10:00:15
行更新成功。

------------------------------------
Log Entry : 2016年12月28日 10:00:15
第：70行 DN:369852 導入成功！.

------------------------------------
Log Entry : 2016年12月28日 10:00:15
行更新成功。

------------------------------------
Log Entry : 2016年12月28日 10:00:15
第：71行 DN:369852 導入成功！.

------------------------------------
Log Entry : 2016年12月28日 10:00:15
行更新成功。

------------------------------------
Log Entry : 2016年12月28日 10:00:15
第：72行 DN:369852 導入成功！.

------------------------------------
Log Entry : 2016年12月28日 10:00:15
行更新成功。

------------------------------------
Log Entry : 2016年12月28日 10:00:15
第：73行 DN:369852 導入成功！.

------------------------------------
Log Entry : 2016年12月28日 10:00:15
行更新成功。

------------------------------------
Log Entry : 2016年12月28日 10:00:15
第：74行 DN:369852 導入成功！.

------------------------------------
Log Entry : 2016年12月28日 10:00:15
行更新成功。

------------------------------------
Log Entry : 2016年12月28日 10:00:15
第：75行 DN:369852 導入成功！.

------------------------------------
Log Entry : 2016年12月28日 10:00:15
行更新成功。

------------------------------------
Log Entry : 2016年12月28日 10:00:15
第：76行 DN:369852 導入成功！.

------------------------------------
Log Entry : 2016年12月28日 10:00:16
行更新成功。

------------------------------------
Log Entry : 2016年12月28日 10:00:16
第：77行 DN:369852 導入成功！.

------------------------------------
Log Entry : 2016年12月28日 10:00:16
行更新成功。

------------------------------------
Log Entry : 2016年12月28日 10:00:16
第：78行 DN:369852 導入成功！.

------------------------------------
Log Entry : 2016年12月28日 10:00:16
行更新成功。

------------------------------------
Log Entry : 2016年12月28日 10:00:16
第：79行 DN:369852 導入成功！.

------------------------------------
Log Entry : 2016年12月28日 10:00:16
行更新成功。

------------------------------------
Log Entry : 2016年12月28日 10:00:16
第：80行 DN:369852 導入成功！.

------------------------------------
Log Entry : 2016年12月28日 10:00:16
行更新成功。

------------------------------------
Log Entry : 2016年12月28日 10:00:16
第：81行 DN:369852 導入成功！.

------------------------------------
Log Entry : 2016年12月28日 10:00:16
行更新成功。

------------------------------------
Log Entry : 2016年12月28日 10:00:16
第：82行 DN:369852 導入成功！.

------------------------------------
Log Entry : 2016年12月28日 10:00:16
行更新成功。

------------------------------------
Log Entry : 2016年12月28日 10:00:16
第：83行 DN:369852 導入成功！.

------------------------------------
Log Entry : 2016年12月28日 10:00:16
行更新成功。

------------------------------------
Log Entry : 2016年12月28日 10:00:16
第：84行 DN:369852 導入成功！.

------------------------------------
Log Entry : 2016年12月28日 10:00:16
行更新成功。

------------------------------------
Log Entry : 2016年12月28日 10:00:16
第：85行 DN:369852 導入成功！.

------------------------------------
Log Entry : 2016年12月28日 10:00:16
行更新成功。

------------------------------------
Log Entry : 2016年12月28日 10:00:16
第：86行 DN:369852 導入成功！.

------------------------------------
Log Entry : 2016年12月28日 10:00:16
行更新成功。

------------------------------------
Log Entry : 2016年12月28日 10:00:16
第：87行 DN:369852 導入成功！.

------------------------------------
Log Entry : 2016年12月28日 10:00:16
行更新成功。

------------------------------------
Log Entry : 2016年12月28日 10:00:16
第：88行 DN:369852 導入成功！.

------------------------------------
Log Entry : 2016年12月28日 10:00:16
行更新成功。

------------------------------------
Log Entry : 2016年12月28日 10:00:16
第：89行 DN:369852 導入成功！.

------------------------------------
Log Entry : 2016年12月28日 10:00:16
行更新成功。

------------------------------------
Log Entry : 2016年12月28日 10:00:16
第：90行 DN:369852 導入成功！.

------------------------------------
Log Entry : 2016年12月28日 10:00:16
行更新成功。

------------------------------------
Log Entry : 2016年12月28日 10:00:16
第：91行 DN:369852 導入成功！.

------------------------------------
Log Entry : 2016年12月28日 10:00:17
行更新成功。

------------------------------------
Log Entry : 2016年12月28日 10:00:17
第：92行 DN:369852 導入成功！.

------------------------------------
Log Entry : 2016年12月28日 10:00:17
行更新成功。

------------------------------------
Log Entry : 2016年12月28日 10:00:17
第：93行 DN:369852 導入成功！.

------------------------------------
Log Entry : 2016年12月28日 10:00:17
行更新成功。

------------------------------------
Log Entry : 2016年12月28日 10:00:17
第：94行 DN:369852 導入成功！.

------------------------------------
Log Entry : 2016年12月28日 10:00:17
行更新成功。

------------------------------------
Log Entry : 2016年12月28日 10:00:17
第：95行 DN:369852 導入成功！.

------------------------------------
Log Entry : 2016年12月28日 10:00:17
行更新成功。

------------------------------------
Log Entry : 2016年12月28日 10:00:17
第：96行 DN:369852 導入成功！.

------------------------------------
Log Entry : 2016年12月28日 10:00:17
行更新成功。

------------------------------------
Log Entry : 2016年12月28日 10:00:17
第：97行 DN:369852 導入成功！.

------------------------------------
Log Entry : 2016年12月28日 10:00:17
行更新成功。

------------------------------------
Log Entry : 2016年12月28日 10:00:17
第：98行 DN:369852 導入成功！.

------------------------------------
Log Entry : 2016年12月28日 10:00:17
行更新成功。

------------------------------------
Log Entry : 2016年12月28日 10:00:17
第：99行 DN:369852 導入成功！.

------------------------------------
Log Entry : 2016年12月28日 10:00:17
行更新成功。

------------------------------------
Log Entry : 2016年12月28日 10:00:17
第：100行 DN:369852 導入成功！.

------------------------------------
Log Entry : 2016年12月28日 10:00:17
行更新成功。

------------------------------------
Log Entry : 2016年12月28日 10:00:17
第：101行 DN:369852 導入成功！.

------------------------------------
Log Entry : 2016年12月28日 10:00:17
行更新成功。

------------------------------------
Log Entry : 2016年12月28日 10:00:17
第：102行 DN:369852 導入成功！.

------------------------------------
Log Entry : 2016年12月28日 10:00:17
行更新成功。

------------------------------------
Log Entry : 2016年12月28日 10:00:17
第：103行 DN:369852 導入成功！.

------------------------------------
Log Entry : 2016年12月28日 10:00:17
行更新成功。

------------------------------------
Log Entry : 2016年12月28日 10:00:17
第：104行 DN:369852 導入成功！.

------------------------------------
Log Entry : 2016年12月28日 10:00:17
行更新成功。

------------------------------------
Log Entry : 2016年12月28日 10:00:17
第：105行 DN:369852 導入成功！.

------------------------------------
Log Entry : 2016年12月28日 10:00:17
行更新成功。

------------------------------------
Log Entry : 2016年12月28日 10:00:17
第：106行 DN:369852 導入成功！.

------------------------------------
Log Entry : 2016年12月28日 10:00:17
行更新成功。

------------------------------------
Log Entry : 2016年12月28日 10:00:17
第：107行 DN:369852 導入成功！.

------------------------------------
Log Entry : 2016年12月28日 10:00:17
行更新成功。

------------------------------------
Log Entry : 2016年12月28日 10:00:17
第：108行 DN:369852 導入成功！.

------------------------------------
Log Entry : 2016年12月28日 10:00:17
行更新成功。

------------------------------------
Log Entry : 2016年12月28日 10:00:17
第：109行 DN:369852 導入成功！.

------------------------------------
Log Entry : 2016年12月28日 10:00:18
行更新成功。

------------------------------------
Log Entry : 2016年12月28日 10:00:18
第：110行 DN:369852 導入成功！.

------------------------------------
Log Entry : 2016年12月28日 10:00:18
行更新成功。

------------------------------------
Log Entry : 2016年12月28日 10:00:18
第：111行 DN:369852 導入成功！.

------------------------------------
Log Entry : 2016年12月28日 10:00:18
行更新成功。

------------------------------------
Log Entry : 2016年12月28日 10:00:18
第：112行 DN:369852 導入成功！.

------------------------------------
Log Entry : 2016年12月28日 10:00:18
行更新成功。

------------------------------------
Log Entry : 2016年12月28日 10:00:18
第：113行 DN:369852 導入成功！.

------------------------------------
Log Entry : 2016年12月28日 10:00:18
行更新成功。

------------------------------------
Log Entry : 2016年12月28日 10:00:18
第：114行 DN:369852 導入成功！.

------------------------------------
Log Entry : 2016年12月28日 10:00:18
行更新成功。

------------------------------------
Log Entry : 2016年12月28日 10:00:18
第：115行 DN:369852 導入成功！.

------------------------------------
Log Entry : 2016年12月28日 10:00:18
行更新成功。

------------------------------------
Log Entry : 2016年12月28日 10:00:18
第：116行 DN:369852 導入成功！.

------------------------------------
Log Entry : 2016年12月28日 10:00:18
行更新成功。

------------------------------------
Log Entry : 2016年12月28日 10:00:18
第：117行 DN:369852 導入成功！.

------------------------------------
Log Entry : 2016年12月28日 10:00:18
行更新成功。

------------------------------------
Log Entry : 2016年12月28日 10:00:18
第：118行 DN:369852 導入成功！.

------------------------------------
Log Entry : 2016年12月28日 10:00:18
行更新成功。

------------------------------------
Log Entry : 2016年12月28日 10:00:18
第：119行 DN:369852 導入成功！.

------------------------------------
Log Entry : 2016年12月28日 10:00:18
行更新成功。

------------------------------------
Log Entry : 2016年12月28日 10:00:18
第：120行 DN:369852 導入成功！.

------------------------------------
Log Entry : 2016年12月28日 10:00:18
行更新成功。

------------------------------------
Log Entry : 2016年12月28日 10:00:18
第：121行 DN:369852 導入成功！.

------------------------------------
Log Entry : 2016年12月28日 10:00:18
行更新成功。

------------------------------------
Log Entry : 2016年12月28日 10:00:18
第：122行 DN:369852 導入成功！.

------------------------------------
Log Entry : 2016年12月28日 10:00:18
行更新成功。

------------------------------------
Log Entry : 2016年12月28日 10:00:18
第：123行 DN:369852 導入成功！.

------------------------------------
Log Entry : 2016年12月28日 10:00:19
行更新成功。

------------------------------------
Log Entry : 2016年12月28日 10:00:19
第：124行 DN:369852 導入成功！.

------------------------------------
Log Entry : 2016年12月28日 10:00:19
行更新成功。

------------------------------------
Log Entry : 2016年12月28日 10:00:19
第：125行 DN:369852 導入成功！.

------------------------------------
Log Entry : 2016年12月28日 10:00:19
行更新成功。

------------------------------------
Log Entry : 2016年12月28日 10:00:19
第：126行 DN:369852 導入成功！.

------------------------------------
Log Entry : 2016年12月28日 10:00:19
行更新成功。

------------------------------------
Log Entry : 2016年12月28日 10:00:19
第：127行 DN:369852 導入成功！.

------------------------------------
Log Entry : 2016年12月28日 10:00:19
行更新成功。

------------------------------------
Log Entry : 2016年12月28日 10:00:19
第：128行 DN:369852 導入成功！.

------------------------------------
Log Entry : 2016年12月28日 10:00:19
行更新成功。

------------------------------------
Log Entry : 2016年12月28日 10:00:19
第：129行 DN:369852 導入成功！.

------------------------------------
Log Entry : 2016年12月28日 10:00:19
行更新成功。

------------------------------------
Log Entry : 2016年12月28日 10:00:19
第：130行 DN:369852 導入成功！.

------------------------------------
Log Entry : 2016年12月28日 10:00:19
行更新成功。

------------------------------------
Log Entry : 2016年12月28日 10:00:19
第：131行 DN:369852 導入成功！.

------------------------------------
Log Entry : 2016年12月28日 10:00:19
行更新成功。

------------------------------------
Log Entry : 2016年12月28日 10:00:19
第：132行 DN:369852 導入成功！.

------------------------------------
Log Entry : 2016年12月28日 10:00:19
行更新成功。

------------------------------------
Log Entry : 2016年12月28日 10:00:19
第：133行 DN:369852 導入成功！.

------------------------------------
Log Entry : 2016年12月28日 10:00:19
行更新成功。

------------------------------------
Log Entry : 2016年12月28日 10:00:19
第：134行 DN:369852 導入成功！.

------------------------------------
Log Entry : 2016年12月28日 10:00:19
行更新成功。

------------------------------------
Log Entry : 2016年12月28日 10:00:19
第：135行 DN:369852 導入成功！.

------------------------------------
Log Entry : 2016年12月28日 10:00:20
行更新成功。

------------------------------------
Log Entry : 2016年12月28日 10:00:20
第：136行 DN:369852 導入成功！.

------------------------------------
Log Entry : 2016年12月28日 10:00:20
行更新成功。

------------------------------------
Log Entry : 2016年12月28日 10:00:20
第：137行 DN:369852 導入成功！.

------------------------------------
Log Entry : 2016年12月28日 10:00:20
行更新成功。

------------------------------------
Log Entry : 2016年12月28日 10:00:20
第：138行 DN:369852 導入成功！.

------------------------------------
Log Entry : 2016年12月28日 10:00:20
行更新成功。

------------------------------------
Log Entry : 2016年12月28日 10:00:20
第：139行 DN:369852 導入成功！.

------------------------------------
Log Entry : 2016年12月28日 10:00:20
行更新成功。

------------------------------------
Log Entry : 2016年12月28日 10:00:20
第：140行 DN:369852 導入成功！.

------------------------------------
Log Entry : 2016年12月28日 10:00:20
行更新成功。

------------------------------------
Log Entry : 2016年12月28日 10:00:20
第：141行 DN:369852 導入成功！.

------------------------------------
Log Entry : 2016年12月28日 10:00:20
行更新成功。

------------------------------------
Log Entry : 2016年12月28日 10:00:20
第：142行 DN:369852 導入成功！.

------------------------------------
Log Entry : 2016年12月28日 10:00:20
行更新成功。

------------------------------------
Log Entry : 2016年12月28日 10:00:20
第：143行 DN:369852 導入成功！.

------------------------------------
Log Entry : 2016年12月28日 10:00:20
行更新成功。

------------------------------------
Log Entry : 2016年12月28日 10:00:20
第：144行 DN:369852 導入成功！.

------------------------------------
Log Entry : 2016年12月28日 10:00:20
行更新成功。

------------------------------------
Log Entry : 2016年12月28日 10:00:20
第：145行 DN:369852 導入成功！.

------------------------------------
Log Entry : 2016年12月28日 10:00:20
行更新成功。

------------------------------------
Log Entry : 2016年12月28日 10:00:20
第：146行 DN:369852 導入成功！.

------------------------------------
Log Entry : 2016年12月28日 10:00:21
行更新成功。

------------------------------------
Log Entry : 2016年12月28日 10:00:21
第：147行 DN:369852 導入成功！.

------------------------------------
Log Entry : 2016年12月28日 10:00:21
行更新成功。

------------------------------------
Log Entry : 2016年12月28日 10:00:21
第：148行 DN:369852 導入成功！.

------------------------------------
Log Entry : 2016年12月28日 10:00:21
行更新成功。

------------------------------------
Log Entry : 2016年12月28日 10:00:21
第：149行 DN:369852 導入成功！.

------------------------------------
Log Entry : 2016年12月28日 10:00:21
行更新成功。

------------------------------------
Log Entry : 2016年12月28日 10:00:21
第：150行 DN:369852 導入成功！.

------------------------------------
Log Entry : 2016年12月28日 10:00:21
行更新成功。

------------------------------------
Log Entry : 2016年12月28日 10:00:21
第：151行 DN:369852 導入成功！.

------------------------------------
Log Entry : 2016年12月28日 10:00:21
行更新成功。

------------------------------------
Log Entry : 2016年12月28日 10:00:21
第：152行 DN:369852 導入成功！.

------------------------------------
Log Entry : 2016年12月28日 10:00:21
行更新成功。

------------------------------------
Log Entry : 2016年12月28日 10:00:21
第：153行 DN:369852 導入成功！.

------------------------------------
Log Entry : 2016年12月28日 10:00:21
行更新成功。

------------------------------------
Log Entry : 2016年12月28日 10:00:21
第：154行 DN:369852 導入成功！.

------------------------------------
Log Entry : 2016年12月28日 10:00:21
行更新成功。

------------------------------------
Log Entry : 2016年12月28日 10:00:21
第：155行 DN:369852 導入成功！.

------------------------------------
Log Entry : 2016年12月28日 10:00:21
行更新成功。

------------------------------------
Log Entry : 2016年12月28日 10:00:21
第：156行 DN:369852 導入成功！.

------------------------------------
Log Entry : 2016年12月28日 10:00:21
行更新成功。

------------------------------------
Log Entry : 2016年12月28日 10:00:21
第：157行 DN:369852 導入成功！.

------------------------------------
Log Entry : 2016年12月28日 10:00:21
行更新成功。

------------------------------------
Log Entry : 2016年12月28日 10:00:21
第：158行 DN:369852 導入成功！.

------------------------------------
Log Entry : 2016年12月28日 10:00:21
行更新成功。

------------------------------------
Log Entry : 2016年12月28日 10:00:21
第：159行 DN:369852 導入成功！.

------------------------------------
Log Entry : 2016年12月28日 10:00:21
行更新成功。

------------------------------------
Log Entry : 2016年12月28日 10:00:21
第：160行 DN:369852 導入成功！.

------------------------------------
Log Entry : 2016年12月28日 10:00:22
行更新成功。

------------------------------------
Log Entry : 2016年12月28日 10:00:22
第：161行 DN:369852 導入成功！.

------------------------------------
Log Entry : 2016年12月28日 10:00:22
行更新成功。

------------------------------------
Log Entry : 2016年12月28日 10:00:22
第：162行 DN:369852 導入成功！.

------------------------------------
Log Entry : 2016年12月28日 10:00:22
行更新成功。

------------------------------------
Log Entry : 2016年12月28日 10:00:22
第：163行 DN:369852 導入成功！.

------------------------------------
Log Entry : 2016年12月28日 10:00:22
行更新成功。

------------------------------------
Log Entry : 2016年12月28日 10:00:22
第：164行 DN:369852 導入成功！.

------------------------------------
Log Entry : 2016年12月28日 10:00:22
行更新成功。

------------------------------------
Log Entry : 2016年12月28日 10:00:22
第：165行 DN:369852 導入成功！.

------------------------------------
Log Entry : 2016年12月28日 10:00:22
行更新成功。

------------------------------------
Log Entry : 2016年12月28日 10:00:22
第：166行 DN:369852 導入成功！.

------------------------------------
Log Entry : 2016年12月28日 10:00:22
行更新成功。

------------------------------------
Log Entry : 2016年12月28日 10:00:22
第：167行 DN:369852 導入成功！.

------------------------------------
Log Entry : 2016年12月28日 10:00:22
行更新成功。

------------------------------------
Log Entry : 2016年12月28日 10:00:22
第：168行 DN:369852 導入成功！.

------------------------------------
Log Entry : 2016年12月28日 10:00:22
行更新成功。

------------------------------------
Log Entry : 2016年12月28日 10:00:22
第：169行 DN:369852 導入成功！.

------------------------------------
Log Entry : 2016年12月28日 10:00:22
行更新成功。

------------------------------------
Log Entry : 2016年12月28日 10:00:22
第：170行 DN:369852 導入成功！.

------------------------------------
Log Entry : 2016年12月28日 10:00:22
行更新成功。

------------------------------------
Log Entry : 2016年12月28日 10:00:22
第：171行 DN:369852 導入成功！.

------------------------------------
Log Entry : 2016年12月28日 10:00:22
行更新成功。

------------------------------------
Log Entry : 2016年12月28日 10:00:22
第：172行 DN:369852 導入成功！.

------------------------------------
Log Entry : 2016年12月28日 10:00:22
行更新成功。

------------------------------------
Log Entry : 2016年12月28日 10:00:22
第：173行 DN:369852 導入成功！.

------------------------------------
Log Entry : 2016年12月28日 10:00:22
行更新成功。

------------------------------------
Log Entry : 2016年12月28日 10:00:22
第：174行 DN:369852 導入成功！.

------------------------------------
Log Entry : 2016年12月28日 10:00:23
行更新成功。

------------------------------------
Log Entry : 2016年12月28日 10:00:23
第：175行 DN:369852 導入成功！.

------------------------------------
Log Entry : 2016年12月28日 10:00:23
行更新成功。

------------------------------------
Log Entry : 2016年12月28日 10:00:23
第：176行 DN:369852 導入成功！.

------------------------------------
Log Entry : 2016年12月28日 10:00:23
行更新成功。

------------------------------------
Log Entry : 2016年12月28日 10:00:23
第：177行 DN:369852 導入成功！.

------------------------------------
Log Entry : 2016年12月28日 10:00:23
行更新成功。

------------------------------------
Log Entry : 2016年12月28日 10:00:23
第：178行 DN:369852 導入成功！.

------------------------------------
Log Entry : 2016年12月28日 10:00:23
行更新成功。

------------------------------------
Log Entry : 2016年12月28日 10:00:23
第：179行 DN:369852 導入成功！.

------------------------------------
Log Entry : 2016年12月28日 10:00:23
行更新成功。

------------------------------------
Log Entry : 2016年12月28日 10:00:23
第：180行 DN:369852 導入成功！.

------------------------------------
Log Entry : 2016年12月28日 10:00:23
行更新成功。

------------------------------------
Log Entry : 2016年12月28日 10:00:23
第：181行 DN:369852 導入成功！.

------------------------------------
Log Entry : 2016年12月28日 10:00:23
行更新成功。

------------------------------------
Log Entry : 2016年12月28日 10:00:23
第：182行 DN:369852 導入成功！.

------------------------------------
Log Entry : 2016年12月28日 10:00:23
行更新成功。

------------------------------------
Log Entry : 2016年12月28日 10:00:23
第：183行 DN:369852 導入成功！.

------------------------------------
Log Entry : 2016年12月28日 10:00:23
行更新成功。

------------------------------------
Log Entry : 2016年12月28日 10:00:23
第：184行 DN:369852 導入成功！.

------------------------------------
Log Entry : 2016年12月28日 10:00:23
行更新成功。

------------------------------------
Log Entry : 2016年12月28日 10:00:23
第：185行 DN:369852 導入成功！.

------------------------------------
Log Entry : 2016年12月28日 10:00:23
行更新成功。

------------------------------------
Log Entry : 2016年12月28日 10:00:23
第：186行 DN:369852 導入成功！.

------------------------------------
Log Entry : 2016年12月28日 10:00:23
行更新成功。

------------------------------------
Log Entry : 2016年12月28日 10:00:23
第：187行 DN:369852 導入成功！.

------------------------------------
Log Entry : 2016年12月28日 10:00:23
行更新成功。

------------------------------------
Log Entry : 2016年12月28日 10:00:23
第：188行 DN:369852 導入成功！.

------------------------------------
Log Entry : 2016年12月28日 10:00:23
行更新成功。

------------------------------------
Log Entry : 2016年12月28日 10:00:23
第：189行 DN:369852 導入成功！.

------------------------------------
Log Entry : 2016年12月28日 10:00:23
行更新成功。

------------------------------------
Log Entry : 2016年12月28日 10:00:23
第：190行 DN:369852 導入成功！.

------------------------------------
Log Entry : 2016年12月28日 10:00:23
行更新成功。

------------------------------------
Log Entry : 2016年12月28日 10:00:23
第：191行 DN:369852 導入成功！.

------------------------------------
Log Entry : 2016年12月28日 10:00:23
行更新成功。

------------------------------------
Log Entry : 2016年12月28日 10:00:23
第：192行 DN:369852 導入成功！.

------------------------------------
Log Entry : 2016年12月28日 10:00:23
行更新成功。

------------------------------------
Log Entry : 2016年12月28日 10:00:23
第：193行 DN:369852 導入成功！.

------------------------------------
Log Entry : 2016年12月28日 10:00:23
行更新成功。

------------------------------------
Log Entry : 2016年12月28日 10:00:23
第：194行 DN:369852 導入成功！.

------------------------------------
Log Entry : 2016年12月28日 10:00:23
行更新成功。

------------------------------------
Log Entry : 2016年12月28日 10:00:23
第：195行 DN:369852 導入成功！.

------------------------------------
Log Entry : 2016年12月28日 10:00:23
行更新成功。

------------------------------------
Log Entry : 2016年12月28日 10:00:23
第：196行 DN:369852 導入成功！.

------------------------------------
Log Entry : 2016年12月28日 10:00:23
行更新成功。

------------------------------------
Log Entry : 2016年12月28日 10:00:23
第：197行 DN:369852 導入成功！.

------------------------------------
Log Entry : 2016年12月28日 10:00:23
行更新成功。

------------------------------------
Log Entry : 2016年12月28日 10:00:23
第：198行 DN:369852 導入成功！.

------------------------------------
Log Entry : 2016年12月28日 10:00:23
行更新成功。

------------------------------------
Log Entry : 2016年12月28日 10:00:23
第：199行 DN:369852 導入成功！.

------------------------------------
Log Entry : 2016年12月28日 10:00:23
行更新成功。

------------------------------------
Log Entry : 2016年12月28日 10:00:23
第：200行 DN:369852 導入成功！.

------------------------------------
Log Entry : 2016年12月28日 10:00:23
行更新成功。

------------------------------------
Log Entry : 2016年12月28日 10:00:23
第：201行 DN:369852 導入成功！.

------------------------------------
Log Entry : 2016年12月28日 10:00:23
行更新成功。

------------------------------------
Log Entry : 2016年12月28日 10:00:23
第：202行 DN:369852 導入成功！.

------------------------------------
Log Entry : 2016年12月28日 10:00:23
行更新成功。

------------------------------------
Log Entry : 2016年12月28日 10:00:23
第：203行 DN:369852 導入成功！.

------------------------------------
Log Entry : 2016年12月28日 10:00:23
行更新成功。

------------------------------------
Log Entry : 2016年12月28日 10:00:23
第：204行 DN:369852 導入成功！.

------------------------------------
Log Entry : 2016年12月28日 10:00:23
行更新成功。

------------------------------------
Log Entry : 2016年12月28日 10:00:23
第：205行 DN:369852 導入成功！.

------------------------------------
Log Entry : 2016年12月28日 10:00:23
行更新成功。

------------------------------------
Log Entry : 2016年12月28日 10:00:23
第：206行 DN:369852 導入成功！.

------------------------------------
Log Entry : 2016年12月28日 10:00:23
行更新成功。

------------------------------------
Log Entry : 2016年12月28日 10:00:23
第：207行 DN:369852 導入成功！.

------------------------------------
Log Entry : 2016年12月28日 10:00:23
行更新成功。

------------------------------------
Log Entry : 2016年12月28日 10:00:23
第：208行 DN:369852 導入成功！.

------------------------------------
Log Entry : 2016年12月28日 10:00:23
行更新成功。

------------------------------------
Log Entry : 2016年12月28日 10:00:23
第：209行 DN:369852 導入成功！.

------------------------------------
Log Entry : 2016年12月28日 10:00:23
行更新成功。

------------------------------------
Log Entry : 2016年12月28日 10:00:23
第：210行 DN:369852 導入成功！.

------------------------------------
Log Entry : 2016年12月28日 10:00:23
行更新成功。

------------------------------------
Log Entry : 2016年12月28日 10:00:23
第：211行 DN:369852 導入成功！.

------------------------------------
Log Entry : 2016年12月28日 10:00:24
行更新成功。

------------------------------------
Log Entry : 2016年12月28日 10:00:24
第：212行 DN:369852 導入成功！.

------------------------------------
Log Entry : 2016年12月28日 10:00:24
行更新成功。

------------------------------------
Log Entry : 2016年12月28日 10:00:24
第：213行 DN:369852 導入成功！.

------------------------------------
Log Entry : 2016年12月28日 10:00:24
行更新成功。

------------------------------------
Log Entry : 2016年12月28日 10:00:24
第：214行 DN:369852 導入成功！.

------------------------------------
Log Entry : 2016年12月28日 10:00:24
行更新成功。

------------------------------------
Log Entry : 2016年12月28日 10:00:24
第：215行 DN:369852 導入成功！.

------------------------------------
Log Entry : 2016年12月28日 10:00:24
行更新成功。

------------------------------------
Log Entry : 2016年12月28日 10:00:24
第：216行 DN:369852 導入成功！.

------------------------------------
Log Entry : 2016年12月28日 10:00:24
行更新成功。

------------------------------------
Log Entry : 2016年12月28日 10:00:24
第：217行 DN:369852 導入成功！.

------------------------------------
Log Entry : 2016年12月28日 10:00:24
行更新成功。

------------------------------------
Log Entry : 2016年12月28日 10:00:24
第：218行 DN:369852 導入成功！.

------------------------------------
Log Entry : 2016年12月28日 10:00:24
行更新成功。

------------------------------------
Log Entry : 2016年12月28日 10:00:24
第：219行 DN:369852 導入成功！.

------------------------------------
Log Entry : 2016年12月28日 10:00:24
行更新成功。

------------------------------------
Log Entry : 2016年12月28日 10:00:24
第：220行 DN:369852 導入成功！.

------------------------------------
Log Entry : 2016年12月28日 10:00:24
行更新成功。

------------------------------------
Log Entry : 2016年12月28日 10:00:24
第：221行 DN:369852 導入成功！.

------------------------------------
Log Entry : 2016年12月28日 10:00:24
行更新成功。

------------------------------------
Log Entry : 2016年12月28日 10:00:24
第：222行 DN:369852 導入成功！.

------------------------------------
Log Entry : 2016年12月28日 10:00:24
行更新成功。

------------------------------------
Log Entry : 2016年12月28日 10:00:24
第：223行 DN:369852 導入成功！.

------------------------------------
Log Entry : 2016年12月28日 10:00:24
行更新成功。

------------------------------------
Log Entry : 2016年12月28日 10:00:24
第：224行 DN:369852 導入成功！.

------------------------------------
Log Entry : 2016年12月28日 10:00:24
行更新成功。

------------------------------------
Log Entry : 2016年12月28日 10:00:24
第：225行 DN:369852 導入成功！.

------------------------------------
Log Entry : 2016年12月28日 10:00:24
行更新成功。

------------------------------------
Log Entry : 2016年12月28日 10:00:24
第：226行 DN:369852 導入成功！.

------------------------------------
Log Entry : 2016年12月28日 10:00:24
行更新成功。

------------------------------------
Log Entry : 2016年12月28日 10:00:24
第：227行 DN:369852 導入成功！.

------------------------------------
Log Entry : 2016年12月28日 10:00:24
行更新成功。

------------------------------------
Log Entry : 2016年12月28日 10:00:24
第：228行 DN:369852 導入成功！.

------------------------------------
Log Entry : 2016年12月28日 10:00:24
行更新成功。

------------------------------------
Log Entry : 2016年12月28日 10:00:24
第：229行 DN:369852 導入成功！.

------------------------------------
Log Entry : 2016年12月28日 10:00:24
行更新成功。

------------------------------------
Log Entry : 2016年12月28日 10:00:24
第：230行 DN:369852 導入成功！.

------------------------------------
Log Entry : 2016年12月28日 10:00:25
行更新成功。

------------------------------------
Log Entry : 2016年12月28日 10:00:25
第：231行 DN:369852 導入成功！.

------------------------------------
Log Entry : 2016年12月28日 10:00:25
行更新成功。

------------------------------------
Log Entry : 2016年12月28日 10:00:25
第：232行 DN:369852 導入成功！.

------------------------------------
Log Entry : 2016年12月28日 10:00:25
2016/12/28 上午 10:00:25,資料導入結束
------------------------------------
Log Entry : 2016年12月28日 11:00:01
2016/12/28 上午 11:00:01,開始導入資料...
------------------------------------
Log Entry : 2016年12月28日 11:00:01
2016/12/28 上午 11:00:01,資料導入結束
------------------------------------
Log Entry : 2016年12月28日 12:00:03
2016/12/28 下午 12:00:03,開始導入資料...
------------------------------------
Log Entry : 2016年12月28日 12:00:03
2016/12/28 下午 12:00:03,資料導入結束
------------------------------------
Log Entry : 2016年12月28日 13:00:01
2016/12/28 下午 01:00:01,開始導入資料...
------------------------------------
Log Entry : 2016年12月28日 13:00:01
2016/12/28 下午 01:00:01,資料導入結束
------------------------------------
Log Entry : 2016年12月28日 14:00:01
2016/12/28 下午 02:00:01,開始導入資料...
------------------------------------
Log Entry : 2016年12月28日 14:00:01
2016/12/28 下午 02:00:01,資料導入結束
------------------------------------
Log Entry : 2016年12月28日 15:00:01
2016/12/28 下午 03:00:01,開始導入資料...
------------------------------------
Log Entry : 2016年12月28日 15:00:01
2016/12/28 下午 03:00:01,資料導入結束
------------------------------------
Log Entry : 2016年12月28日 16:00:01
2016/12/28 下午 04:00:01,開始導入資料...
------------------------------------
Log Entry : 2016年12月28日 16:00:01
2016/12/28 下午 04:00:01,資料導入結束
------------------------------------
Log Entry : 2016年12月28日 17:00:01
2016/12/28 下午 05:00:01,開始導入資料...
------------------------------------
Log Entry : 2016年12月28日 17:00:01
2016/12/28 下午 05:00:01,資料導入結束
------------------------------------
Log Entry : 2016年12月28日 18:00:01
2016/12/28 下午 06:00:01,開始導入資料...
------------------------------------
Log Entry : 2016年12月28日 18:00:01
2016/12/28 下午 06:00:01,資料導入結束
------------------------------------
Log Entry : 2016年12月28日 19:00:01
2016/12/28 下午 07:00:01,開始導入資料...
------------------------------------
Log Entry : 2016年12月28日 19:00:01
2016/12/28 下午 07:00:01,資料導入結束
------------------------------------
Log Entry : 2016年12月28日 20:00:01
2016/12/28 下午 08:00:01,開始導入資料...
------------------------------------
Log Entry : 2016年12月28日 20:00:01
2016/12/28 下午 08:00:01,資料導入結束
------------------------------------
Log Entry : 2016年12月28日 21:00:01
2016/12/28 下午 09:00:01,開始導入資料...
------------------------------------
Log Entry : 2016年12月28日 21:00:01
2016/12/28 下午 09:00:01,資料導入結束
------------------------------------
Log Entry : 2016年12月28日 22:00:01
2016/12/28 下午 10:00:01,開始導入資料...
------------------------------------
Log Entry : 2016年12月28日 22:00:01
2016/12/28 下午 10:00:01,資料導入結束
------------------------------------
Log Entry : 2016年12月28日 23:00:01
2016/12/28 下午 11:00:01,開始導入資料...
------------------------------------
Log Entry : 2016年12月28日 23:00:01
2016/12/28 下午 11:00:01,資料導入結束
------------------------------------
