Log Entry : 2016年12月13日 00:00:01
2016/12/13 上午 12:00:01,開始導入資料...
------------------------------------
Log Entry : 2016年12月13日 00:00:01
2016/12/13 上午 12:00:01,資料導入結束
------------------------------------
Log Entry : 2016年12月13日 01:00:01
2016/12/13 上午 01:00:01,開始導入資料...
------------------------------------
Log Entry : 2016年12月13日 01:00:01
2016/12/13 上午 01:00:01,資料導入結束
------------------------------------
Log Entry : 2016年12月13日 02:00:02
2016/12/13 上午 02:00:02,開始導入資料...
------------------------------------
Log Entry : 2016年12月13日 02:00:02
2016/12/13 上午 02:00:02,資料導入結束
------------------------------------
Log Entry : 2016年12月13日 03:00:01
2016/12/13 上午 03:00:01,開始導入資料...
------------------------------------
Log Entry : 2016年12月13日 03:00:01
2016/12/13 上午 03:00:01,資料導入結束
------------------------------------
Log Entry : 2016年12月13日 04:00:01
2016/12/13 上午 04:00:01,開始導入資料...
------------------------------------
Log Entry : 2016年12月13日 04:00:01
2016/12/13 上午 04:00:01,資料導入結束
------------------------------------
Log Entry : 2016年12月13日 05:00:01
2016/12/13 上午 05:00:01,開始導入資料...
------------------------------------
Log Entry : 2016年12月13日 05:00:01
2016/12/13 上午 05:00:01,資料導入結束
------------------------------------
Log Entry : 2016年12月13日 06:00:01
2016/12/13 上午 06:00:01,開始導入資料...
------------------------------------
Log Entry : 2016年12月13日 06:00:01
2016/12/13 上午 06:00:01,資料導入結束
------------------------------------
Log Entry : 2016年12月13日 07:00:01
2016/12/13 上午 07:00:01,開始導入資料...
------------------------------------
Log Entry : 2016年12月13日 07:00:01
2016/12/13 上午 07:00:01,資料導入結束
------------------------------------
Log Entry : 2016年12月13日 08:00:01
2016/12/13 上午 08:00:01,開始導入資料...
------------------------------------
Log Entry : 2016年12月13日 08:00:01
2016/12/13 上午 08:00:01,資料導入結束
------------------------------------
Log Entry : 2016年12月13日 09:00:01
2016/12/13 上午 09:00:01,開始導入資料...
------------------------------------
Log Entry : 2016年12月13日 09:00:01
2016/12/13 上午 09:00:01,資料導入結束
------------------------------------
Log Entry : 2016年12月13日 10:00:01
2016/12/13 上午 10:00:01,開始導入資料...
------------------------------------
Log Entry : 2016年12月13日 10:00:01
2016/12/13 上午 10:00:01,資料導入結束
------------------------------------
Log Entry : 2016年12月13日 11:00:01
2016/12/13 上午 11:00:01,開始導入資料...
------------------------------------
Log Entry : 2016年12月13日 11:00:01
2016/12/13 上午 11:00:01,資料導入結束
------------------------------------
Log Entry : 2016年12月13日 12:00:06
2016/12/13 下午 12:00:06,開始導入資料...
------------------------------------
Log Entry : 2016年12月13日 12:00:06
2016/12/13 下午 12:00:06,資料導入結束
------------------------------------
Log Entry : 2016年12月13日 13:00:01
2016/12/13 下午 01:00:01,開始導入資料...
------------------------------------
Log Entry : 2016年12月13日 13:00:01
2016/12/13 下午 01:00:01,資料導入結束
------------------------------------
Log Entry : 2016年12月13日 14:00:07
2016/12/13 下午 02:00:07,開始導入資料...
------------------------------------
Log Entry : 2016年12月13日 14:00:09
行更新成功。

------------------------------------
Log Entry : 2016年12月13日 14:00:09
第：1行 DN:369172 導入成功！.

------------------------------------
Log Entry : 2016年12月13日 14:00:09
行更新成功。

------------------------------------
Log Entry : 2016年12月13日 14:00:09
第：2行 DN:369172 導入成功！.

------------------------------------
Log Entry : 2016年12月13日 14:00:09
行更新成功。

------------------------------------
Log Entry : 2016年12月13日 14:00:09
第：3行 DN:369172 導入成功！.

------------------------------------
Log Entry : 2016年12月13日 14:00:09
行更新成功。

------------------------------------
Log Entry : 2016年12月13日 14:00:09
第：4行 DN:369172 導入成功！.

------------------------------------
Log Entry : 2016年12月13日 14:00:09
行更新成功。

------------------------------------
Log Entry : 2016年12月13日 14:00:09
第：5行 DN:369172 導入成功！.

------------------------------------
Log Entry : 2016年12月13日 14:00:09
行更新成功。

------------------------------------
Log Entry : 2016年12月13日 14:00:09
第：6行 DN:369172 導入成功！.

------------------------------------
Log Entry : 2016年12月13日 14:00:09
行更新成功。

------------------------------------
Log Entry : 2016年12月13日 14:00:09
第：7行 DN:369172 導入成功！.

------------------------------------
Log Entry : 2016年12月13日 14:00:10
行更新成功。

------------------------------------
Log Entry : 2016年12月13日 14:00:10
第：8行 DN:369172 導入成功！.

------------------------------------
Log Entry : 2016年12月13日 14:00:10
行更新成功。

------------------------------------
Log Entry : 2016年12月13日 14:00:10
第：9行 DN:369172 導入成功！.

------------------------------------
Log Entry : 2016年12月13日 14:00:10
行更新成功。

------------------------------------
Log Entry : 2016年12月13日 14:00:10
第：10行 DN:369172 導入成功！.

------------------------------------
Log Entry : 2016年12月13日 14:00:10
行更新成功。

------------------------------------
Log Entry : 2016年12月13日 14:00:10
第：11行 DN:369172 導入成功！.

------------------------------------
Log Entry : 2016年12月13日 14:00:10
行更新成功。

------------------------------------
Log Entry : 2016年12月13日 14:00:10
第：12行 DN:369172 導入成功！.

------------------------------------
Log Entry : 2016年12月13日 14:00:10
行更新成功。

------------------------------------
Log Entry : 2016年12月13日 14:00:10
第：13行 DN:369172 導入成功！.

------------------------------------
Log Entry : 2016年12月13日 14:00:10
行更新成功。

------------------------------------
Log Entry : 2016年12月13日 14:00:10
第：14行 DN:369172 導入成功！.

------------------------------------
Log Entry : 2016年12月13日 14:00:10
行更新成功。

------------------------------------
Log Entry : 2016年12月13日 14:00:10
第：15行 DN:369172 導入成功！.

------------------------------------
Log Entry : 2016年12月13日 14:00:10
行更新成功。

------------------------------------
Log Entry : 2016年12月13日 14:00:10
第：16行 DN:369172 導入成功！.

------------------------------------
Log Entry : 2016年12月13日 14:00:10
行更新成功。

------------------------------------
Log Entry : 2016年12月13日 14:00:10
第：17行 DN:369172 導入成功！.

------------------------------------
Log Entry : 2016年12月13日 14:00:10
行更新成功。

------------------------------------
Log Entry : 2016年12月13日 14:00:10
第：18行 DN:369172 導入成功！.

------------------------------------
Log Entry : 2016年12月13日 14:00:10
行更新成功。

------------------------------------
Log Entry : 2016年12月13日 14:00:10
第：19行 DN:369172 導入成功！.

------------------------------------
Log Entry : 2016年12月13日 14:00:10
行更新成功。

------------------------------------
Log Entry : 2016年12月13日 14:00:10
第：20行 DN:369172 導入成功！.

------------------------------------
Log Entry : 2016年12月13日 14:00:10
行更新成功。

------------------------------------
Log Entry : 2016年12月13日 14:00:10
第：21行 DN:369172 導入成功！.

------------------------------------
Log Entry : 2016年12月13日 14:00:10
行更新成功。

------------------------------------
Log Entry : 2016年12月13日 14:00:10
第：22行 DN:369172 導入成功！.

------------------------------------
Log Entry : 2016年12月13日 14:00:10
行更新成功。

------------------------------------
Log Entry : 2016年12月13日 14:00:10
第：23行 DN:369172 導入成功！.

------------------------------------
Log Entry : 2016年12月13日 14:00:10
行更新成功。

------------------------------------
Log Entry : 2016年12月13日 14:00:10
第：24行 DN:369172 導入成功！.

------------------------------------
Log Entry : 2016年12月13日 14:00:10
行更新成功。

------------------------------------
Log Entry : 2016年12月13日 14:00:10
第：25行 DN:369172 導入成功！.

------------------------------------
Log Entry : 2016年12月13日 14:00:11
行更新成功。

------------------------------------
Log Entry : 2016年12月13日 14:00:11
第：26行 DN:369172 導入成功！.

------------------------------------
Log Entry : 2016年12月13日 14:00:11
行更新成功。

------------------------------------
Log Entry : 2016年12月13日 14:00:11
第：27行 DN:369172 導入成功！.

------------------------------------
Log Entry : 2016年12月13日 14:00:11
行更新成功。

------------------------------------
Log Entry : 2016年12月13日 14:00:11
第：28行 DN:369172 導入成功！.

------------------------------------
Log Entry : 2016年12月13日 14:00:11
行更新成功。

------------------------------------
Log Entry : 2016年12月13日 14:00:11
第：29行 DN:369172 導入成功！.

------------------------------------
Log Entry : 2016年12月13日 14:00:11
行更新成功。

------------------------------------
Log Entry : 2016年12月13日 14:00:11
第：30行 DN:369172 導入成功！.

------------------------------------
Log Entry : 2016年12月13日 14:00:11
行更新成功。

------------------------------------
Log Entry : 2016年12月13日 14:00:11
第：31行 DN:369172 導入成功！.

------------------------------------
Log Entry : 2016年12月13日 14:00:11
行更新成功。

------------------------------------
Log Entry : 2016年12月13日 14:00:11
第：32行 DN:369172 導入成功！.

------------------------------------
Log Entry : 2016年12月13日 14:00:11
行更新成功。

------------------------------------
Log Entry : 2016年12月13日 14:00:11
第：33行 DN:369172 導入成功！.

------------------------------------
Log Entry : 2016年12月13日 14:00:11
行更新成功。

------------------------------------
Log Entry : 2016年12月13日 14:00:11
第：34行 DN:369172 導入成功！.

------------------------------------
Log Entry : 2016年12月13日 14:00:11
行更新成功。

------------------------------------
Log Entry : 2016年12月13日 14:00:11
第：35行 DN:369172 導入成功！.

------------------------------------
Log Entry : 2016年12月13日 14:00:12
行更新成功。

------------------------------------
Log Entry : 2016年12月13日 14:00:12
第：36行 DN:369172 導入成功！.

------------------------------------
Log Entry : 2016年12月13日 14:00:12
行更新成功。

------------------------------------
Log Entry : 2016年12月13日 14:00:12
第：37行 DN:369172 導入成功！.

------------------------------------
Log Entry : 2016年12月13日 14:00:12
行更新成功。

------------------------------------
Log Entry : 2016年12月13日 14:00:12
第：38行 DN:369172 導入成功！.

------------------------------------
Log Entry : 2016年12月13日 14:00:12
行更新成功。

------------------------------------
Log Entry : 2016年12月13日 14:00:12
第：39行 DN:369172 導入成功！.

------------------------------------
Log Entry : 2016年12月13日 14:00:12
行更新成功。

------------------------------------
Log Entry : 2016年12月13日 14:00:12
第：40行 DN:369172 導入成功！.

------------------------------------
Log Entry : 2016年12月13日 14:00:12
行更新成功。

------------------------------------
Log Entry : 2016年12月13日 14:00:12
第：41行 DN:369172 導入成功！.

------------------------------------
Log Entry : 2016年12月13日 14:00:12
行更新成功。

------------------------------------
Log Entry : 2016年12月13日 14:00:12
第：42行 DN:369172 導入成功！.

------------------------------------
Log Entry : 2016年12月13日 14:00:12
行更新成功。

------------------------------------
Log Entry : 2016年12月13日 14:00:12
第：43行 DN:369172 導入成功！.

------------------------------------
Log Entry : 2016年12月13日 14:00:12
行更新成功。

------------------------------------
Log Entry : 2016年12月13日 14:00:12
第：44行 DN:369172 導入成功！.

------------------------------------
Log Entry : 2016年12月13日 14:00:12
行更新成功。

------------------------------------
Log Entry : 2016年12月13日 14:00:12
第：45行 DN:369172 導入成功！.

------------------------------------
Log Entry : 2016年12月13日 14:00:12
行更新成功。

------------------------------------
Log Entry : 2016年12月13日 14:00:12
第：46行 DN:369172 導入成功！.

------------------------------------
Log Entry : 2016年12月13日 14:00:12
行更新成功。

------------------------------------
Log Entry : 2016年12月13日 14:00:12
第：47行 DN:369172 導入成功！.

------------------------------------
Log Entry : 2016年12月13日 14:00:12
行更新成功。

------------------------------------
Log Entry : 2016年12月13日 14:00:12
第：48行 DN:369172 導入成功！.

------------------------------------
Log Entry : 2016年12月13日 14:00:12
行更新成功。

------------------------------------
Log Entry : 2016年12月13日 14:00:12
第：49行 DN:369172 導入成功！.

------------------------------------
Log Entry : 2016年12月13日 14:00:12
行更新成功。

------------------------------------
Log Entry : 2016年12月13日 14:00:12
第：50行 DN:369172 導入成功！.

------------------------------------
Log Entry : 2016年12月13日 14:00:12
行更新成功。

------------------------------------
Log Entry : 2016年12月13日 14:00:12
第：51行 DN:369172 導入成功！.

------------------------------------
Log Entry : 2016年12月13日 14:00:12
行更新成功。

------------------------------------
Log Entry : 2016年12月13日 14:00:12
第：52行 DN:369172 導入成功！.

------------------------------------
Log Entry : 2016年12月13日 14:00:12
行更新成功。

------------------------------------
Log Entry : 2016年12月13日 14:00:12
第：53行 DN:369172 導入成功！.

------------------------------------
Log Entry : 2016年12月13日 14:00:12
行更新成功。

------------------------------------
Log Entry : 2016年12月13日 14:00:12
第：54行 DN:369172 導入成功！.

------------------------------------
Log Entry : 2016年12月13日 14:00:12
行更新成功。

------------------------------------
Log Entry : 2016年12月13日 14:00:12
第：55行 DN:369172 導入成功！.

------------------------------------
Log Entry : 2016年12月13日 14:00:12
行更新成功。

------------------------------------
Log Entry : 2016年12月13日 14:00:12
第：56行 DN:369172 導入成功！.

------------------------------------
Log Entry : 2016年12月13日 14:00:12
行更新成功。

------------------------------------
Log Entry : 2016年12月13日 14:00:12
第：57行 DN:369172 導入成功！.

------------------------------------
Log Entry : 2016年12月13日 14:00:12
行更新成功。

------------------------------------
Log Entry : 2016年12月13日 14:00:12
第：58行 DN:369172 導入成功！.

------------------------------------
Log Entry : 2016年12月13日 14:00:12
行更新成功。

------------------------------------
Log Entry : 2016年12月13日 14:00:12
第：59行 DN:369172 導入成功！.

------------------------------------
Log Entry : 2016年12月13日 14:00:12
行更新成功。

------------------------------------
Log Entry : 2016年12月13日 14:00:12
第：60行 DN:369172 導入成功！.

------------------------------------
Log Entry : 2016年12月13日 14:00:12
行更新成功。

------------------------------------
Log Entry : 2016年12月13日 14:00:12
第：61行 DN:369172 導入成功！.

------------------------------------
Log Entry : 2016年12月13日 14:00:12
行更新成功。

------------------------------------
Log Entry : 2016年12月13日 14:00:12
第：62行 DN:369172 導入成功！.

------------------------------------
Log Entry : 2016年12月13日 14:00:12
行更新成功。

------------------------------------
Log Entry : 2016年12月13日 14:00:12
第：63行 DN:369172 導入成功！.

------------------------------------
Log Entry : 2016年12月13日 14:00:12
行更新成功。

------------------------------------
Log Entry : 2016年12月13日 14:00:12
第：64行 DN:369172 導入成功！.

------------------------------------
Log Entry : 2016年12月13日 14:00:12
行更新成功。

------------------------------------
Log Entry : 2016年12月13日 14:00:12
第：65行 DN:369172 導入成功！.

------------------------------------
Log Entry : 2016年12月13日 14:00:12
行更新成功。

------------------------------------
Log Entry : 2016年12月13日 14:00:12
第：66行 DN:369172 導入成功！.

------------------------------------
Log Entry : 2016年12月13日 14:00:12
行更新成功。

------------------------------------
Log Entry : 2016年12月13日 14:00:12
第：67行 DN:369172 導入成功！.

------------------------------------
Log Entry : 2016年12月13日 14:00:12
行更新成功。

------------------------------------
Log Entry : 2016年12月13日 14:00:12
第：68行 DN:369172 導入成功！.

------------------------------------
Log Entry : 2016年12月13日 14:00:13
行更新成功。

------------------------------------
Log Entry : 2016年12月13日 14:00:13
第：69行 DN:369172 導入成功！.

------------------------------------
Log Entry : 2016年12月13日 14:00:13
行更新成功。

------------------------------------
Log Entry : 2016年12月13日 14:00:13
第：70行 DN:369172 導入成功！.

------------------------------------
Log Entry : 2016年12月13日 14:00:13
行更新成功。

------------------------------------
Log Entry : 2016年12月13日 14:00:13
第：71行 DN:369172 導入成功！.

------------------------------------
Log Entry : 2016年12月13日 14:00:13
行更新成功。

------------------------------------
Log Entry : 2016年12月13日 14:00:13
第：72行 DN:369172 導入成功！.

------------------------------------
Log Entry : 2016年12月13日 14:00:13
行更新成功。

------------------------------------
Log Entry : 2016年12月13日 14:00:13
第：73行 DN:369172 導入成功！.

------------------------------------
Log Entry : 2016年12月13日 14:00:13
行更新成功。

------------------------------------
Log Entry : 2016年12月13日 14:00:13
第：74行 DN:369172 導入成功！.

------------------------------------
Log Entry : 2016年12月13日 14:00:13
行更新成功。

------------------------------------
Log Entry : 2016年12月13日 14:00:13
第：75行 DN:369172 導入成功！.

------------------------------------
Log Entry : 2016年12月13日 14:00:13
行更新成功。

------------------------------------
Log Entry : 2016年12月13日 14:00:13
第：76行 DN:369172 導入成功！.

------------------------------------
Log Entry : 2016年12月13日 14:00:13
行更新成功。

------------------------------------
Log Entry : 2016年12月13日 14:00:13
第：77行 DN:369172 導入成功！.

------------------------------------
Log Entry : 2016年12月13日 14:00:13
行更新成功。

------------------------------------
Log Entry : 2016年12月13日 14:00:13
第：78行 DN:369172 導入成功！.

------------------------------------
Log Entry : 2016年12月13日 14:00:13
行更新成功。

------------------------------------
Log Entry : 2016年12月13日 14:00:13
第：79行 DN:369172 導入成功！.

------------------------------------
Log Entry : 2016年12月13日 14:00:13
行更新成功。

------------------------------------
Log Entry : 2016年12月13日 14:00:13
第：80行 DN:369172 導入成功！.

------------------------------------
Log Entry : 2016年12月13日 14:00:13
行更新成功。

------------------------------------
Log Entry : 2016年12月13日 14:00:13
第：81行 DN:369172 導入成功！.

------------------------------------
Log Entry : 2016年12月13日 14:00:13
行更新成功。

------------------------------------
Log Entry : 2016年12月13日 14:00:13
第：82行 DN:369172 導入成功！.

------------------------------------
Log Entry : 2016年12月13日 14:00:13
行更新成功。

------------------------------------
Log Entry : 2016年12月13日 14:00:13
第：83行 DN:369172 導入成功！.

------------------------------------
Log Entry : 2016年12月13日 14:00:13
行更新成功。

------------------------------------
Log Entry : 2016年12月13日 14:00:13
第：84行 DN:369172 導入成功！.

------------------------------------
Log Entry : 2016年12月13日 14:00:13
行更新成功。

------------------------------------
Log Entry : 2016年12月13日 14:00:13
第：85行 DN:369172 導入成功！.

------------------------------------
Log Entry : 2016年12月13日 14:00:14
行更新成功。

------------------------------------
Log Entry : 2016年12月13日 14:00:14
第：86行 DN:369172 導入成功！.

------------------------------------
Log Entry : 2016年12月13日 14:00:14
行更新成功。

------------------------------------
Log Entry : 2016年12月13日 14:00:14
第：87行 DN:369172 導入成功！.

------------------------------------
Log Entry : 2016年12月13日 14:00:14
行更新成功。

------------------------------------
Log Entry : 2016年12月13日 14:00:14
第：88行 DN:369172 導入成功！.

------------------------------------
Log Entry : 2016年12月13日 14:00:14
行更新成功。

------------------------------------
Log Entry : 2016年12月13日 14:00:14
第：89行 DN:369172 導入成功！.

------------------------------------
Log Entry : 2016年12月13日 14:00:14
行更新成功。

------------------------------------
Log Entry : 2016年12月13日 14:00:14
第：90行 DN:369172 導入成功！.

------------------------------------
Log Entry : 2016年12月13日 14:00:14
行更新成功。

------------------------------------
Log Entry : 2016年12月13日 14:00:14
第：91行 DN:369172 導入成功！.

------------------------------------
Log Entry : 2016年12月13日 14:00:14
行更新成功。

------------------------------------
Log Entry : 2016年12月13日 14:00:14
第：92行 DN:369172 導入成功！.

------------------------------------
Log Entry : 2016年12月13日 14:00:14
行更新成功。

------------------------------------
Log Entry : 2016年12月13日 14:00:14
第：93行 DN:369172 導入成功！.

------------------------------------
Log Entry : 2016年12月13日 14:00:14
行更新成功。

------------------------------------
Log Entry : 2016年12月13日 14:00:14
第：94行 DN:369172 導入成功！.

------------------------------------
Log Entry : 2016年12月13日 14:00:14
2016/12/13 下午 02:00:14,資料導入結束
------------------------------------
Log Entry : 2016年12月13日 15:00:02
2016/12/13 下午 03:00:02,開始導入資料...
------------------------------------
Log Entry : 2016年12月13日 15:00:02
2016/12/13 下午 03:00:02,資料導入結束
------------------------------------
Log Entry : 2016年12月13日 16:00:02
2016/12/13 下午 04:00:02,開始導入資料...
------------------------------------
Log Entry : 2016年12月13日 16:00:02
2016/12/13 下午 04:00:02,資料導入結束
------------------------------------
Log Entry : 2016年12月13日 17:00:02
2016/12/13 下午 05:00:02,開始導入資料...
------------------------------------
Log Entry : 2016年12月13日 17:00:02
2016/12/13 下午 05:00:02,資料導入結束
------------------------------------
Log Entry : 2016年12月13日 18:00:01
2016/12/13 下午 06:00:01,開始導入資料...
------------------------------------
Log Entry : 2016年12月13日 18:00:02
2016/12/13 下午 06:00:02,資料導入結束
------------------------------------
Log Entry : 2016年12月13日 19:00:02
2016/12/13 下午 07:00:02,開始導入資料...
------------------------------------
Log Entry : 2016年12月13日 19:00:02
2016/12/13 下午 07:00:02,資料導入結束
------------------------------------
Log Entry : 2016年12月13日 20:00:02
2016/12/13 下午 08:00:02,開始導入資料...
------------------------------------
Log Entry : 2016年12月13日 20:00:02
2016/12/13 下午 08:00:02,資料導入結束
------------------------------------
Log Entry : 2016年12月13日 21:00:01
2016/12/13 下午 09:00:01,開始導入資料...
------------------------------------
Log Entry : 2016年12月13日 21:00:01
2016/12/13 下午 09:00:01,資料導入結束
------------------------------------
Log Entry : 2016年12月13日 22:00:02
2016/12/13 下午 10:00:02,開始導入資料...
------------------------------------
Log Entry : 2016年12月13日 22:00:02
2016/12/13 下午 10:00:02,資料導入結束
------------------------------------
Log Entry : 2016年12月13日 23:00:07
2016/12/13 下午 11:00:07,開始導入資料...
------------------------------------
Log Entry : 2016年12月13日 23:00:07
2016/12/13 下午 11:00:07,資料導入結束
------------------------------------
