Log Entry : 2016年12月14日 00:00:01
2016/12/14 上午 12:00:01,開始導入資料...
------------------------------------
Log Entry : 2016年12月14日 00:00:01
2016/12/14 上午 12:00:01,資料導入結束
------------------------------------
Log Entry : 2016年12月14日 01:00:03
2016/12/14 上午 01:00:03,開始導入資料...
------------------------------------
Log Entry : 2016年12月14日 01:00:03
2016/12/14 上午 01:00:03,資料導入結束
------------------------------------
Log Entry : 2016年12月14日 02:00:01
2016/12/14 上午 02:00:01,開始導入資料...
------------------------------------
Log Entry : 2016年12月14日 02:00:01
2016/12/14 上午 02:00:01,資料導入結束
------------------------------------
Log Entry : 2016年12月14日 03:00:01
2016/12/14 上午 03:00:01,開始導入資料...
------------------------------------
Log Entry : 2016年12月14日 03:00:01
2016/12/14 上午 03:00:01,資料導入結束
------------------------------------
Log Entry : 2016年12月14日 04:00:01
2016/12/14 上午 04:00:01,開始導入資料...
------------------------------------
Log Entry : 2016年12月14日 04:00:01
2016/12/14 上午 04:00:01,資料導入結束
------------------------------------
Log Entry : 2016年12月14日 05:00:01
2016/12/14 上午 05:00:01,開始導入資料...
------------------------------------
Log Entry : 2016年12月14日 05:00:01
2016/12/14 上午 05:00:01,資料導入結束
------------------------------------
Log Entry : 2016年12月14日 06:00:01
2016/12/14 上午 06:00:01,開始導入資料...
------------------------------------
Log Entry : 2016年12月14日 06:00:01
2016/12/14 上午 06:00:01,資料導入結束
------------------------------------
Log Entry : 2016年12月14日 07:00:01
2016/12/14 上午 07:00:01,開始導入資料...
------------------------------------
Log Entry : 2016年12月14日 07:00:01
2016/12/14 上午 07:00:01,資料導入結束
------------------------------------
Log Entry : 2016年12月14日 08:00:01
2016/12/14 上午 08:00:01,開始導入資料...
------------------------------------
Log Entry : 2016年12月14日 08:00:01
2016/12/14 上午 08:00:01,資料導入結束
------------------------------------
Log Entry : 2016年12月14日 09:00:01
2016/12/14 上午 09:00:01,開始導入資料...
------------------------------------
Log Entry : 2016年12月14日 09:00:01
2016/12/14 上午 09:00:01,資料導入結束
------------------------------------
Log Entry : 2016年12月14日 09:06:40
时间:2016/12/14 上午 09:05:56, Service Start...
------------------------------------
Log Entry : 2016年12月14日 10:00:03
2016/12/14 上午 10:00:03,開始導入資料...
------------------------------------
Log Entry : 2016年12月14日 10:00:03
2016/12/14 上午 10:00:03,資料導入結束
------------------------------------
Log Entry : 2016年12月14日 11:00:05
2016/12/14 上午 11:00:05,開始導入資料...
------------------------------------
Log Entry : 2016年12月14日 11:00:05
2016/12/14 上午 11:00:05,資料導入結束
------------------------------------
Log Entry : 2016年12月14日 12:00:01
2016/12/14 下午 12:00:01,開始導入資料...
------------------------------------
Log Entry : 2016年12月14日 12:00:01
2016/12/14 下午 12:00:01,資料導入結束
------------------------------------
Log Entry : 2016年12月14日 13:00:01
2016/12/14 下午 01:00:01,開始導入資料...
------------------------------------
Log Entry : 2016年12月14日 13:00:01
2016/12/14 下午 01:00:01,資料導入結束
------------------------------------
Log Entry : 2016年12月14日 14:00:01
2016/12/14 下午 02:00:01,開始導入資料...
------------------------------------
Log Entry : 2016年12月14日 14:00:01
2016/12/14 下午 02:00:01,資料導入結束
------------------------------------
Log Entry : 2016年12月14日 15:00:01
2016/12/14 下午 03:00:01,開始導入資料...
------------------------------------
Log Entry : 2016年12月14日 15:00:01
2016/12/14 下午 03:00:01,資料導入結束
------------------------------------
Log Entry : 2016年12月14日 16:00:02
2016/12/14 下午 04:00:02,開始導入資料...
------------------------------------
Log Entry : 2016年12月14日 16:00:02
2016/12/14 下午 04:00:02,資料導入結束
------------------------------------
Log Entry : 2016年12月14日 17:00:01
2016/12/14 下午 05:00:01,開始導入資料...
------------------------------------
Log Entry : 2016年12月14日 17:00:01
2016/12/14 下午 05:00:01,資料導入結束
------------------------------------
Log Entry : 2016年12月14日 18:00:01
2016/12/14 下午 06:00:01,開始導入資料...
------------------------------------
Log Entry : 2016年12月14日 18:00:01
2016/12/14 下午 06:00:01,資料導入結束
------------------------------------
Log Entry : 2016年12月14日 19:00:02
2016/12/14 下午 07:00:02,開始導入資料...
------------------------------------
Log Entry : 2016年12月14日 19:00:02
2016/12/14 下午 07:00:02,資料導入結束
------------------------------------
Log Entry : 2016年12月14日 20:00:01
2016/12/14 下午 08:00:01,開始導入資料...
------------------------------------
Log Entry : 2016年12月14日 20:00:01
2016/12/14 下午 08:00:01,資料導入結束
------------------------------------
Log Entry : 2016年12月14日 21:00:01
2016/12/14 下午 09:00:01,開始導入資料...
------------------------------------
Log Entry : 2016年12月14日 21:00:01
2016/12/14 下午 09:00:01,資料導入結束
------------------------------------
Log Entry : 2016年12月14日 22:00:01
2016/12/14 下午 10:00:01,開始導入資料...
------------------------------------
Log Entry : 2016年12月14日 22:00:01
2016/12/14 下午 10:00:01,資料導入結束
------------------------------------
Log Entry : 2016年12月14日 23:00:01
2016/12/14 下午 11:00:01,開始導入資料...
------------------------------------
Log Entry : 2016年12月14日 23:00:01
2016/12/14 下午 11:00:01,資料導入結束
------------------------------------
