Log Entry : 2016年12月19日 09:24:52
时间:2016/12/19 上午 09:24:07, Service Start...
------------------------------------
Log Entry : 2016年12月19日 10:00:07
2016/12/19 上午 10:00:07,開始導入資料...
------------------------------------
Log Entry : 2016年12月19日 10:00:07
2016/12/19 上午 10:00:07,資料導入結束
------------------------------------
Log Entry : 2016年12月19日 11:00:01
2016/12/19 上午 11:00:01,開始導入資料...
------------------------------------
Log Entry : 2016年12月19日 11:00:01
2016/12/19 上午 11:00:01,資料導入結束
------------------------------------
Log Entry : 2016年12月19日 12:00:01
2016/12/19 下午 12:00:01,開始導入資料...
------------------------------------
Log Entry : 2016年12月19日 12:00:01
2016/12/19 下午 12:00:01,資料導入結束
------------------------------------
Log Entry : 2016年12月19日 13:00:01
2016/12/19 下午 01:00:01,開始導入資料...
------------------------------------
Log Entry : 2016年12月19日 13:00:01
2016/12/19 下午 01:00:01,資料導入結束
------------------------------------
Log Entry : 2016年12月19日 14:00:06
2016/12/19 下午 02:00:06,開始導入資料...
------------------------------------
Log Entry : 2016年12月19日 14:00:06
行更新成功。

------------------------------------
Log Entry : 2016年12月19日 14:00:06
第：1行 DN:360386 導入成功！.

------------------------------------
Log Entry : 2016年12月19日 14:00:06
行更新成功。

------------------------------------
Log Entry : 2016年12月19日 14:00:06
第：2行 DN:360386 導入成功！.

------------------------------------
Log Entry : 2016年12月19日 14:00:06
行更新成功。

------------------------------------
Log Entry : 2016年12月19日 14:00:06
第：3行 DN:360386 導入成功！.

------------------------------------
Log Entry : 2016年12月19日 14:00:06
行更新成功。

------------------------------------
Log Entry : 2016年12月19日 14:00:06
第：4行 DN:360386 導入成功！.

------------------------------------
Log Entry : 2016年12月19日 14:00:06
行更新成功。

------------------------------------
Log Entry : 2016年12月19日 14:00:06
第：5行 DN:360386 導入成功！.

------------------------------------
Log Entry : 2016年12月19日 14:00:06
行更新成功。

------------------------------------
Log Entry : 2016年12月19日 14:00:06
第：6行 DN:360386 導入成功！.

------------------------------------
Log Entry : 2016年12月19日 14:00:07
行更新成功。

------------------------------------
Log Entry : 2016年12月19日 14:00:07
第：7行 DN:360386 導入成功！.

------------------------------------
Log Entry : 2016年12月19日 14:00:07
行更新成功。

------------------------------------
Log Entry : 2016年12月19日 14:00:07
第：8行 DN:360386 導入成功！.

------------------------------------
Log Entry : 2016年12月19日 14:00:07
行更新成功。

------------------------------------
Log Entry : 2016年12月19日 14:00:07
第：9行 DN:360386 導入成功！.

------------------------------------
Log Entry : 2016年12月19日 14:00:07
行更新成功。

------------------------------------
Log Entry : 2016年12月19日 14:00:07
第：10行 DN:360386 導入成功！.

------------------------------------
Log Entry : 2016年12月19日 14:00:07
行更新成功。

------------------------------------
Log Entry : 2016年12月19日 14:00:07
第：11行 DN:360386 導入成功！.

------------------------------------
Log Entry : 2016年12月19日 14:00:07
行更新成功。

------------------------------------
Log Entry : 2016年12月19日 14:00:07
第：12行 DN:360386 導入成功！.

------------------------------------
Log Entry : 2016年12月19日 14:00:07
行更新成功。

------------------------------------
Log Entry : 2016年12月19日 14:00:07
第：13行 DN:360386 導入成功！.

------------------------------------
Log Entry : 2016年12月19日 14:00:07
行更新成功。

------------------------------------
Log Entry : 2016年12月19日 14:00:07
第：14行 DN:360386 導入成功！.

------------------------------------
Log Entry : 2016年12月19日 14:00:07
行更新成功。

------------------------------------
Log Entry : 2016年12月19日 14:00:07
第：15行 DN:360387 導入成功！.

------------------------------------
Log Entry : 2016年12月19日 14:00:07
行更新成功。

------------------------------------
Log Entry : 2016年12月19日 14:00:07
第：16行 DN:360387 導入成功！.

------------------------------------
Log Entry : 2016年12月19日 14:00:07
行更新成功。

------------------------------------
Log Entry : 2016年12月19日 14:00:07
第：17行 DN:360387 導入成功！.

------------------------------------
Log Entry : 2016年12月19日 14:00:07
行更新成功。

------------------------------------
Log Entry : 2016年12月19日 14:00:07
第：18行 DN:360387 導入成功！.

------------------------------------
Log Entry : 2016年12月19日 14:00:07
行更新成功。

------------------------------------
Log Entry : 2016年12月19日 14:00:07
第：19行 DN:360387 導入成功！.

------------------------------------
Log Entry : 2016年12月19日 14:00:07
行更新成功。

------------------------------------
Log Entry : 2016年12月19日 14:00:07
第：20行 DN:360387 導入成功！.

------------------------------------
Log Entry : 2016年12月19日 14:00:07
行更新成功。

------------------------------------
Log Entry : 2016年12月19日 14:00:07
第：21行 DN:360387 導入成功！.

------------------------------------
Log Entry : 2016年12月19日 14:00:07
行更新成功。

------------------------------------
Log Entry : 2016年12月19日 14:00:07
第：22行 DN:360387 導入成功！.

------------------------------------
Log Entry : 2016年12月19日 14:00:07
行更新成功。

------------------------------------
Log Entry : 2016年12月19日 14:00:07
第：23行 DN:360387 導入成功！.

------------------------------------
Log Entry : 2016年12月19日 14:00:07
行更新成功。

------------------------------------
Log Entry : 2016年12月19日 14:00:07
第：24行 DN:360387 導入成功！.

------------------------------------
Log Entry : 2016年12月19日 14:00:07
行更新成功。

------------------------------------
Log Entry : 2016年12月19日 14:00:07
第：25行 DN:360387 導入成功！.

------------------------------------
Log Entry : 2016年12月19日 14:00:07
行更新成功。

------------------------------------
Log Entry : 2016年12月19日 14:00:07
第：26行 DN:360387 導入成功！.

------------------------------------
Log Entry : 2016年12月19日 14:00:07
行更新成功。

------------------------------------
Log Entry : 2016年12月19日 14:00:07
第：27行 DN:360387 導入成功！.

------------------------------------
Log Entry : 2016年12月19日 14:00:07
行更新成功。

------------------------------------
Log Entry : 2016年12月19日 14:00:07
第：28行 DN:360387 導入成功！.

------------------------------------
Log Entry : 2016年12月19日 14:00:07
行更新成功。

------------------------------------
Log Entry : 2016年12月19日 14:00:07
第：29行 DN:360388 導入成功！.

------------------------------------
Log Entry : 2016年12月19日 14:00:07
行更新成功。

------------------------------------
Log Entry : 2016年12月19日 14:00:07
第：30行 DN:360388 導入成功！.

------------------------------------
Log Entry : 2016年12月19日 14:00:07
行更新成功。

------------------------------------
Log Entry : 2016年12月19日 14:00:07
第：31行 DN:360388 導入成功！.

------------------------------------
Log Entry : 2016年12月19日 14:00:07
行更新成功。

------------------------------------
Log Entry : 2016年12月19日 14:00:07
第：32行 DN:360388 導入成功！.

------------------------------------
Log Entry : 2016年12月19日 14:00:07
行更新成功。

------------------------------------
Log Entry : 2016年12月19日 14:00:07
第：33行 DN:360388 導入成功！.

------------------------------------
Log Entry : 2016年12月19日 14:00:07
行更新成功。

------------------------------------
Log Entry : 2016年12月19日 14:00:07
第：34行 DN:360388 導入成功！.

------------------------------------
Log Entry : 2016年12月19日 14:00:07
行更新成功。

------------------------------------
Log Entry : 2016年12月19日 14:00:07
第：35行 DN:360388 導入成功！.

------------------------------------
Log Entry : 2016年12月19日 14:00:07
行更新成功。

------------------------------------
Log Entry : 2016年12月19日 14:00:07
第：36行 DN:360388 導入成功！.

------------------------------------
Log Entry : 2016年12月19日 14:00:07
行更新成功。

------------------------------------
Log Entry : 2016年12月19日 14:00:07
第：37行 DN:360388 導入成功！.

------------------------------------
Log Entry : 2016年12月19日 14:00:07
行更新成功。

------------------------------------
Log Entry : 2016年12月19日 14:00:07
第：38行 DN:360388 導入成功！.

------------------------------------
Log Entry : 2016年12月19日 14:00:07
行更新成功。

------------------------------------
Log Entry : 2016年12月19日 14:00:07
第：39行 DN:360388 導入成功！.

------------------------------------
Log Entry : 2016年12月19日 14:00:07
行更新成功。

------------------------------------
Log Entry : 2016年12月19日 14:00:07
第：40行 DN:360388 導入成功！.

------------------------------------
Log Entry : 2016年12月19日 14:00:07
行更新成功。

------------------------------------
Log Entry : 2016年12月19日 14:00:07
第：41行 DN:360388 導入成功！.

------------------------------------
Log Entry : 2016年12月19日 14:00:07
行更新成功。

------------------------------------
Log Entry : 2016年12月19日 14:00:07
第：42行 DN:360388 導入成功！.

------------------------------------
Log Entry : 2016年12月19日 14:00:07
行更新成功。

------------------------------------
Log Entry : 2016年12月19日 14:00:07
第：43行 DN:360389 導入成功！.

------------------------------------
Log Entry : 2016年12月19日 14:00:07
行更新成功。

------------------------------------
Log Entry : 2016年12月19日 14:00:07
第：44行 DN:360389 導入成功！.

------------------------------------
Log Entry : 2016年12月19日 14:00:07
行更新成功。

------------------------------------
Log Entry : 2016年12月19日 14:00:07
第：45行 DN:360389 導入成功！.

------------------------------------
Log Entry : 2016年12月19日 14:00:07
行更新成功。

------------------------------------
Log Entry : 2016年12月19日 14:00:07
第：46行 DN:360389 導入成功！.

------------------------------------
Log Entry : 2016年12月19日 14:00:07
行更新成功。

------------------------------------
Log Entry : 2016年12月19日 14:00:07
第：47行 DN:360389 導入成功！.

------------------------------------
Log Entry : 2016年12月19日 14:00:08
行更新成功。

------------------------------------
Log Entry : 2016年12月19日 14:00:08
第：48行 DN:360389 導入成功！.

------------------------------------
Log Entry : 2016年12月19日 14:00:08
行更新成功。

------------------------------------
Log Entry : 2016年12月19日 14:00:08
第：49行 DN:360389 導入成功！.

------------------------------------
Log Entry : 2016年12月19日 14:00:08
行更新成功。

------------------------------------
Log Entry : 2016年12月19日 14:00:08
第：50行 DN:360389 導入成功！.

------------------------------------
Log Entry : 2016年12月19日 14:00:08
行更新成功。

------------------------------------
Log Entry : 2016年12月19日 14:00:08
第：51行 DN:360389 導入成功！.

------------------------------------
Log Entry : 2016年12月19日 14:00:08
行更新成功。

------------------------------------
Log Entry : 2016年12月19日 14:00:08
第：52行 DN:360389 導入成功！.

------------------------------------
Log Entry : 2016年12月19日 14:00:08
行更新成功。

------------------------------------
Log Entry : 2016年12月19日 14:00:08
第：53行 DN:360389 導入成功！.

------------------------------------
Log Entry : 2016年12月19日 14:00:08
行更新成功。

------------------------------------
Log Entry : 2016年12月19日 14:00:08
第：54行 DN:360389 導入成功！.

------------------------------------
Log Entry : 2016年12月19日 14:00:08
行更新成功。

------------------------------------
Log Entry : 2016年12月19日 14:00:08
第：55行 DN:360389 導入成功！.

------------------------------------
Log Entry : 2016年12月19日 14:00:08
行更新成功。

------------------------------------
Log Entry : 2016年12月19日 14:00:08
第：56行 DN:360389 導入成功！.

------------------------------------
Log Entry : 2016年12月19日 14:00:08
2016/12/19 下午 02:00:08,資料導入結束
------------------------------------
Log Entry : 2016年12月19日 15:00:01
2016/12/19 下午 03:00:01,開始導入資料...
------------------------------------
Log Entry : 2016年12月19日 15:00:01
2016/12/19 下午 03:00:01,資料導入結束
------------------------------------
Log Entry : 2016年12月19日 16:00:02
2016/12/19 下午 04:00:01,開始導入資料...
------------------------------------
Log Entry : 2016年12月19日 16:00:02
2016/12/19 下午 04:00:02,資料導入結束
------------------------------------
Log Entry : 2016年12月19日 17:00:03
2016/12/19 下午 05:00:03,開始導入資料...
------------------------------------
Log Entry : 2016年12月19日 17:00:03
2016/12/19 下午 05:00:03,資料導入結束
------------------------------------
Log Entry : 2016年12月19日 18:00:01
2016/12/19 下午 06:00:01,開始導入資料...
------------------------------------
Log Entry : 2016年12月19日 18:00:01
2016/12/19 下午 06:00:01,資料導入結束
------------------------------------
Log Entry : 2016年12月19日 19:00:01
2016/12/19 下午 07:00:01,開始導入資料...
------------------------------------
Log Entry : 2016年12月19日 19:00:01
2016/12/19 下午 07:00:01,資料導入結束
------------------------------------
Log Entry : 2016年12月19日 20:00:01
2016/12/19 下午 08:00:01,開始導入資料...
------------------------------------
Log Entry : 2016年12月19日 20:00:01
2016/12/19 下午 08:00:01,資料導入結束
------------------------------------
Log Entry : 2016年12月19日 21:00:01
2016/12/19 下午 09:00:01,開始導入資料...
------------------------------------
Log Entry : 2016年12月19日 21:00:01
2016/12/19 下午 09:00:01,資料導入結束
------------------------------------
Log Entry : 2016年12月19日 22:00:01
2016/12/19 下午 10:00:01,開始導入資料...
------------------------------------
Log Entry : 2016年12月19日 22:00:01
2016/12/19 下午 10:00:01,資料導入結束
------------------------------------
Log Entry : 2016年12月19日 23:00:02
2016/12/19 下午 11:00:02,開始導入資料...
------------------------------------
Log Entry : 2016年12月19日 23:00:02
2016/12/19 下午 11:00:02,資料導入結束
------------------------------------
