Log Entry : 2016年12月22日 00:00:01
2016/12/22 上午 12:00:01,開始導入資料...
------------------------------------
Log Entry : 2016年12月22日 00:00:01
2016/12/22 上午 12:00:01,資料導入結束
------------------------------------
Log Entry : 2016年12月22日 01:00:05
2016/12/22 上午 01:00:05,開始導入資料...
------------------------------------
Log Entry : 2016年12月22日 01:00:05
2016/12/22 上午 01:00:05,資料導入結束
------------------------------------
Log Entry : 2016年12月22日 02:00:01
2016/12/22 上午 02:00:01,開始導入資料...
------------------------------------
Log Entry : 2016年12月22日 02:00:01
2016/12/22 上午 02:00:01,資料導入結束
------------------------------------
Log Entry : 2016年12月22日 03:00:07
2016/12/22 上午 03:00:07,開始導入資料...
------------------------------------
Log Entry : 2016年12月22日 03:00:07
2016/12/22 上午 03:00:07,資料導入結束
------------------------------------
Log Entry : 2016年12月22日 04:00:02
2016/12/22 上午 04:00:02,開始導入資料...
------------------------------------
Log Entry : 2016年12月22日 04:00:02
2016/12/22 上午 04:00:02,資料導入結束
------------------------------------
Log Entry : 2016年12月22日 05:00:02
2016/12/22 上午 05:00:02,開始導入資料...
------------------------------------
Log Entry : 2016年12月22日 05:00:02
2016/12/22 上午 05:00:02,資料導入結束
------------------------------------
Log Entry : 2016年12月22日 06:00:01
2016/12/22 上午 06:00:01,開始導入資料...
------------------------------------
Log Entry : 2016年12月22日 06:00:01
2016/12/22 上午 06:00:01,資料導入結束
------------------------------------
Log Entry : 2016年12月22日 07:00:02
2016/12/22 上午 07:00:02,開始導入資料...
------------------------------------
Log Entry : 2016年12月22日 07:00:02
2016/12/22 上午 07:00:02,資料導入結束
------------------------------------
Log Entry : 2016年12月22日 08:00:02
2016/12/22 上午 08:00:01,開始導入資料...
------------------------------------
Log Entry : 2016年12月22日 08:00:02
2016/12/22 上午 08:00:02,資料導入結束
------------------------------------
Log Entry : 2016年12月22日 08:04:40
时间:2016/12/22 上午 08:04:33, Service Start...
------------------------------------
Log Entry : 2016年12月22日 09:00:02
2016/12/22 上午 09:00:02,開始導入資料...
------------------------------------
Log Entry : 2016年12月22日 09:00:02
2016/12/22 上午 09:00:02,資料導入結束
------------------------------------
Log Entry : 2016年12月22日 10:00:02
2016/12/22 上午 10:00:02,開始導入資料...
------------------------------------
Log Entry : 2016年12月22日 10:00:03
2016/12/22 上午 10:00:03,資料導入結束
------------------------------------
Log Entry : 2016年12月22日 11:00:01
2016/12/22 上午 11:00:01,開始導入資料...
------------------------------------
Log Entry : 2016年12月22日 11:00:01
2016/12/22 上午 11:00:01,資料導入結束
------------------------------------
Log Entry : 2016年12月22日 12:00:01
2016/12/22 下午 12:00:01,開始導入資料...
------------------------------------
Log Entry : 2016年12月22日 12:00:01
2016/12/22 下午 12:00:01,資料導入結束
------------------------------------
Log Entry : 2016年12月22日 13:00:01
2016/12/22 下午 01:00:01,開始導入資料...
------------------------------------
Log Entry : 2016年12月22日 13:00:01
2016/12/22 下午 01:00:01,資料導入結束
------------------------------------
Log Entry : 2016年12月22日 14:00:01
2016/12/22 下午 02:00:01,開始導入資料...
------------------------------------
Log Entry : 2016年12月22日 14:00:01
2016/12/22 下午 02:00:01,資料導入結束
------------------------------------
Log Entry : 2016年12月22日 15:00:01
2016/12/22 下午 03:00:01,開始導入資料...
------------------------------------
Log Entry : 2016年12月22日 15:00:01
2016/12/22 下午 03:00:01,資料導入結束
------------------------------------
Log Entry : 2016年12月22日 16:00:01
2016/12/22 下午 04:00:01,開始導入資料...
------------------------------------
Log Entry : 2016年12月22日 16:00:01
2016/12/22 下午 04:00:01,資料導入結束
------------------------------------
Log Entry : 2016年12月22日 17:00:01
2016/12/22 下午 05:00:01,開始導入資料...
------------------------------------
Log Entry : 2016年12月22日 17:00:01
2016/12/22 下午 05:00:01,資料導入結束
------------------------------------
Log Entry : 2016年12月22日 18:00:01
2016/12/22 下午 06:00:01,開始導入資料...
------------------------------------
Log Entry : 2016年12月22日 18:00:01
2016/12/22 下午 06:00:01,資料導入結束
------------------------------------
Log Entry : 2016年12月22日 19:00:07
2016/12/22 下午 07:00:07,開始導入資料...
------------------------------------
Log Entry : 2016年12月22日 19:00:07
2016/12/22 下午 07:00:07,資料導入結束
------------------------------------
Log Entry : 2016年12月22日 20:00:02
2016/12/22 下午 08:00:02,開始導入資料...
------------------------------------
Log Entry : 2016年12月22日 20:00:02
2016/12/22 下午 08:00:02,資料導入結束
------------------------------------
Log Entry : 2016年12月22日 21:00:01
2016/12/22 下午 09:00:01,開始導入資料...
------------------------------------
Log Entry : 2016年12月22日 21:00:01
2016/12/22 下午 09:00:01,資料導入結束
------------------------------------
Log Entry : 2016年12月22日 22:00:01
2016/12/22 下午 10:00:01,開始導入資料...
------------------------------------
Log Entry : 2016年12月22日 22:00:01
2016/12/22 下午 10:00:01,資料導入結束
------------------------------------
Log Entry : 2016年12月22日 23:00:01
2016/12/22 下午 11:00:01,開始導入資料...
------------------------------------
Log Entry : 2016年12月22日 23:00:01
2016/12/22 下午 11:00:01,資料導入結束
------------------------------------
