Log Entry : 2016年12月09日 09:37:51
时间:2016/12/9 上午 09:37:51, Service Start...
------------------------------------
Log Entry : 2016年12月09日 09:38:17
2016/12/9 上午 09:38:17,開始導入資料...
------------------------------------
Log Entry : 2016年12月09日 09:38:24
2016/12/9 上午 09:38:24,資料導入結束
------------------------------------
Log Entry : 2016年12月09日 09:39:15
时间:2016/12/9 上午 09:39:14, Service Start...
------------------------------------
Log Entry : 2016年12月09日 09:41:25
时间:2016/12/9 上午 09:41:25, Service Start...
------------------------------------
Log Entry : 2016年12月09日 09:45:46
时间:2016/12/9 上午 09:45:46, Service Start...
------------------------------------
Log Entry : 2016年12月09日 09:46:22
2016/12/9 上午 09:46:22,開始導入資料...
------------------------------------
Log Entry : 2016年12月09日 09:46:29
2016/12/9 上午 09:46:29,資料導入結束
------------------------------------
Log Entry : 2016年12月09日 10:10:54
时间:2016/12/9 上午 10:10:54, Service Start...
------------------------------------
Log Entry : 2016年12月09日 10:11:56
时间:2016/12/9 上午 10:11:56, Service Start...
------------------------------------
Log Entry : 2016年12月09日 10:12:38
时间:2016/12/9 上午 10:12:38, Service Start...
------------------------------------
Log Entry : 2016年12月09日 10:17:40
时间:2016/12/9 上午 10:17:40, Service Start...
------------------------------------
Log Entry : 2016年12月09日 10:18:29
2016/12/9 上午 10:18:29,開始導入資料...
------------------------------------
Log Entry : 2016年12月09日 10:37:59
时间:2016/12/9 上午 10:37:59, Service Start...
------------------------------------
Log Entry : 2016年12月09日 10:38:40
2016/12/9 上午 10:38:40,開始導入資料...
------------------------------------
Log Entry : 2016年12月09日 10:50:41
时间:2016/12/9 上午 10:50:41, Service Start...
------------------------------------
Log Entry : 2016年12月09日 10:51:08
2016/12/9 上午 10:51:08,開始導入資料...
------------------------------------
