Log Entry : 2016年12月20日 00:00:04
2016/12/20 上午 12:00:04,開始導入資料...
------------------------------------
Log Entry : 2016年12月20日 00:00:04
2016/12/20 上午 12:00:04,資料導入結束
------------------------------------
Log Entry : 2016年12月20日 01:00:01
2016/12/20 上午 01:00:01,開始導入資料...
------------------------------------
Log Entry : 2016年12月20日 01:00:01
2016/12/20 上午 01:00:01,資料導入結束
------------------------------------
Log Entry : 2016年12月20日 02:00:01
2016/12/20 上午 02:00:01,開始導入資料...
------------------------------------
Log Entry : 2016年12月20日 02:00:01
2016/12/20 上午 02:00:01,資料導入結束
------------------------------------
Log Entry : 2016年12月20日 03:00:15
2016/12/20 上午 03:00:14,開始導入資料...
------------------------------------
Log Entry : 2016年12月20日 03:00:17
2016/12/20 上午 03:00:17,資料導入結束
------------------------------------
Log Entry : 2016年12月20日 04:00:02
2016/12/20 上午 04:00:02,開始導入資料...
------------------------------------
Log Entry : 2016年12月20日 04:00:02
2016/12/20 上午 04:00:02,資料導入結束
------------------------------------
Log Entry : 2016年12月20日 05:00:01
2016/12/20 上午 05:00:01,開始導入資料...
------------------------------------
Log Entry : 2016年12月20日 05:00:01
2016/12/20 上午 05:00:01,資料導入結束
------------------------------------
Log Entry : 2016年12月20日 06:00:01
2016/12/20 上午 06:00:01,開始導入資料...
------------------------------------
Log Entry : 2016年12月20日 06:00:01
2016/12/20 上午 06:00:01,資料導入結束
------------------------------------
Log Entry : 2016年12月20日 07:00:01
2016/12/20 上午 07:00:01,開始導入資料...
------------------------------------
Log Entry : 2016年12月20日 07:00:01
2016/12/20 上午 07:00:01,資料導入結束
------------------------------------
Log Entry : 2016年12月20日 08:00:02
2016/12/20 上午 08:00:02,開始導入資料...
------------------------------------
Log Entry : 2016年12月20日 08:00:02
2016/12/20 上午 08:00:02,資料導入結束
------------------------------------
Log Entry : 2016年12月20日 09:00:03
2016/12/20 上午 09:00:03,開始導入資料...
------------------------------------
Log Entry : 2016年12月20日 09:00:04
2016/12/20 上午 09:00:04,資料導入結束
------------------------------------
Log Entry : 2016年12月20日 10:00:05
2016/12/20 上午 10:00:05,開始導入資料...
------------------------------------
Log Entry : 2016年12月20日 10:00:05
2016/12/20 上午 10:00:05,資料導入結束
------------------------------------
Log Entry : 2016年12月20日 11:00:04
2016/12/20 上午 11:00:04,開始導入資料...
------------------------------------
Log Entry : 2016年12月20日 11:00:04
2016/12/20 上午 11:00:04,資料導入結束
------------------------------------
Log Entry : 2016年12月20日 12:00:01
2016/12/20 下午 12:00:01,開始導入資料...
------------------------------------
Log Entry : 2016年12月20日 12:00:01
2016/12/20 下午 12:00:01,資料導入結束
------------------------------------
Log Entry : 2016年12月20日 13:00:01
2016/12/20 下午 01:00:01,開始導入資料...
------------------------------------
Log Entry : 2016年12月20日 13:00:01
2016/12/20 下午 01:00:01,資料導入結束
------------------------------------
Log Entry : 2016年12月20日 14:00:01
2016/12/20 下午 02:00:01,開始導入資料...
------------------------------------
Log Entry : 2016年12月20日 14:00:01
2016/12/20 下午 02:00:01,資料導入結束
------------------------------------
Log Entry : 2016年12月20日 15:00:01
2016/12/20 下午 03:00:01,開始導入資料...
------------------------------------
Log Entry : 2016年12月20日 15:00:01
2016/12/20 下午 03:00:01,資料導入結束
------------------------------------
Log Entry : 2016年12月20日 16:00:01
2016/12/20 下午 04:00:01,開始導入資料...
------------------------------------
Log Entry : 2016年12月20日 16:00:01
2016/12/20 下午 04:00:01,資料導入結束
------------------------------------
Log Entry : 2016年12月20日 17:00:02
2016/12/20 下午 05:00:02,開始導入資料...
------------------------------------
Log Entry : 2016年12月20日 17:00:02
2016/12/20 下午 05:00:02,資料導入結束
------------------------------------
Log Entry : 2016年12月20日 18:00:01
2016/12/20 下午 06:00:01,開始導入資料...
------------------------------------
Log Entry : 2016年12月20日 18:00:01
2016/12/20 下午 06:00:01,資料導入結束
------------------------------------
Log Entry : 2016年12月20日 19:00:01
2016/12/20 下午 07:00:01,開始導入資料...
------------------------------------
Log Entry : 2016年12月20日 19:00:01
2016/12/20 下午 07:00:01,資料導入結束
------------------------------------
Log Entry : 2016年12月20日 20:00:01
2016/12/20 下午 08:00:01,開始導入資料...
------------------------------------
Log Entry : 2016年12月20日 20:00:01
2016/12/20 下午 08:00:01,資料導入結束
------------------------------------
Log Entry : 2016年12月20日 21:00:02
2016/12/20 下午 09:00:02,開始導入資料...
------------------------------------
Log Entry : 2016年12月20日 21:00:02
2016/12/20 下午 09:00:02,資料導入結束
------------------------------------
Log Entry : 2016年12月20日 22:00:01
2016/12/20 下午 10:00:01,開始導入資料...
------------------------------------
Log Entry : 2016年12月20日 22:00:01
2016/12/20 下午 10:00:01,資料導入結束
------------------------------------
Log Entry : 2016年12月20日 23:00:10
2016/12/20 下午 11:00:10,開始導入資料...
------------------------------------
Log Entry : 2016年12月20日 23:00:10
2016/12/20 下午 11:00:10,資料導入結束
------------------------------------
