Log Entry : 2016年12月16日 00:00:01
2016/12/16 上午 12:00:01,開始導入資料...
------------------------------------
Log Entry : 2016年12月16日 00:00:02
2016/12/16 上午 12:00:02,資料導入結束
------------------------------------
Log Entry : 2016年12月16日 01:00:02
2016/12/16 上午 01:00:02,開始導入資料...
------------------------------------
Log Entry : 2016年12月16日 01:00:02
2016/12/16 上午 01:00:02,資料導入結束
------------------------------------
Log Entry : 2016年12月16日 02:00:02
2016/12/16 上午 02:00:02,開始導入資料...
------------------------------------
Log Entry : 2016年12月16日 02:00:02
2016/12/16 上午 02:00:02,資料導入結束
------------------------------------
Log Entry : 2016年12月16日 03:00:01
2016/12/16 上午 03:00:01,開始導入資料...
------------------------------------
Log Entry : 2016年12月16日 03:00:01
2016/12/16 上午 03:00:01,資料導入結束
------------------------------------
Log Entry : 2016年12月16日 04:00:02
2016/12/16 上午 04:00:02,開始導入資料...
------------------------------------
Log Entry : 2016年12月16日 04:00:02
2016/12/16 上午 04:00:02,資料導入結束
------------------------------------
Log Entry : 2016年12月16日 05:00:02
2016/12/16 上午 05:00:02,開始導入資料...
------------------------------------
Log Entry : 2016年12月16日 05:00:02
2016/12/16 上午 05:00:02,資料導入結束
------------------------------------
Log Entry : 2016年12月16日 06:00:01
2016/12/16 上午 06:00:01,開始導入資料...
------------------------------------
Log Entry : 2016年12月16日 06:00:01
2016/12/16 上午 06:00:01,資料導入結束
------------------------------------
Log Entry : 2016年12月16日 07:00:01
2016/12/16 上午 07:00:01,開始導入資料...
------------------------------------
Log Entry : 2016年12月16日 07:00:01
2016/12/16 上午 07:00:01,資料導入結束
------------------------------------
Log Entry : 2016年12月16日 08:00:02
2016/12/16 上午 08:00:02,開始導入資料...
------------------------------------
Log Entry : 2016年12月16日 08:00:02
2016/12/16 上午 08:00:02,資料導入結束
------------------------------------
Log Entry : 2016年12月16日 09:00:02
2016/12/16 上午 09:00:02,開始導入資料...
------------------------------------
Log Entry : 2016年12月16日 09:00:02
2016/12/16 上午 09:00:02,資料導入結束
------------------------------------
Log Entry : 2016年12月16日 10:00:02
2016/12/16 上午 10:00:02,開始導入資料...
------------------------------------
Log Entry : 2016年12月16日 10:00:02
2016/12/16 上午 10:00:02,資料導入結束
------------------------------------
Log Entry : 2016年12月16日 11:00:04
2016/12/16 上午 11:00:04,開始導入資料...
------------------------------------
Log Entry : 2016年12月16日 11:00:07
行更新成功。

------------------------------------
Log Entry : 2016年12月16日 11:00:07
第：1行 DN:369213 導入成功！.

------------------------------------
Log Entry : 2016年12月16日 11:00:08
行更新成功。

------------------------------------
Log Entry : 2016年12月16日 11:00:08
第：2行 DN:369213 導入成功！.

------------------------------------
Log Entry : 2016年12月16日 11:00:08
行更新成功。

------------------------------------
Log Entry : 2016年12月16日 11:00:08
第：3行 DN:369213 導入成功！.

------------------------------------
Log Entry : 2016年12月16日 11:00:09
行更新成功。

------------------------------------
Log Entry : 2016年12月16日 11:00:09
第：4行 DN:369213 導入成功！.

------------------------------------
Log Entry : 2016年12月16日 11:00:09
行更新成功。

------------------------------------
Log Entry : 2016年12月16日 11:00:09
第：5行 DN:369213 導入成功！.

------------------------------------
Log Entry : 2016年12月16日 11:00:09
行更新成功。

------------------------------------
Log Entry : 2016年12月16日 11:00:09
第：6行 DN:369213 導入成功！.

------------------------------------
Log Entry : 2016年12月16日 11:00:09
行更新成功。

------------------------------------
Log Entry : 2016年12月16日 11:00:09
第：7行 DN:369213 導入成功！.

------------------------------------
Log Entry : 2016年12月16日 11:00:10
行更新成功。

------------------------------------
Log Entry : 2016年12月16日 11:00:10
第：8行 DN:369213 導入成功！.

------------------------------------
Log Entry : 2016年12月16日 11:00:10
行更新成功。

------------------------------------
Log Entry : 2016年12月16日 11:00:10
第：9行 DN:369213 導入成功！.

------------------------------------
Log Entry : 2016年12月16日 11:00:11
行更新成功。

------------------------------------
Log Entry : 2016年12月16日 11:00:11
第：10行 DN:369213 導入成功！.

------------------------------------
Log Entry : 2016年12月16日 11:00:11
行更新成功。

------------------------------------
Log Entry : 2016年12月16日 11:00:11
第：11行 DN:369213 導入成功！.

------------------------------------
Log Entry : 2016年12月16日 11:00:11
行更新成功。

------------------------------------
Log Entry : 2016年12月16日 11:00:11
第：12行 DN:369213 導入成功！.

------------------------------------
Log Entry : 2016年12月16日 11:00:12
行更新成功。

------------------------------------
Log Entry : 2016年12月16日 11:00:12
第：13行 DN:369213 導入成功！.

------------------------------------
Log Entry : 2016年12月16日 11:00:12
行更新成功。

------------------------------------
Log Entry : 2016年12月16日 11:00:12
第：14行 DN:369213 導入成功！.

------------------------------------
Log Entry : 2016年12月16日 11:00:13
行更新成功。

------------------------------------
Log Entry : 2016年12月16日 11:00:13
第：15行 DN:369213 導入成功！.

------------------------------------
Log Entry : 2016年12月16日 11:00:13
行更新成功。

------------------------------------
Log Entry : 2016年12月16日 11:00:13
第：16行 DN:369213 導入成功！.

------------------------------------
Log Entry : 2016年12月16日 11:00:13
行更新成功。

------------------------------------
Log Entry : 2016年12月16日 11:00:13
第：17行 DN:369213 導入成功！.

------------------------------------
Log Entry : 2016年12月16日 11:00:14
行更新成功。

------------------------------------
Log Entry : 2016年12月16日 11:00:14
第：18行 DN:369213 導入成功！.

------------------------------------
Log Entry : 2016年12月16日 11:00:14
行更新成功。

------------------------------------
Log Entry : 2016年12月16日 11:00:14
第：19行 DN:369213 導入成功！.

------------------------------------
Log Entry : 2016年12月16日 11:00:15
行更新成功。

------------------------------------
Log Entry : 2016年12月16日 11:00:15
第：20行 DN:369213 導入成功！.

------------------------------------
Log Entry : 2016年12月16日 11:00:15
行更新成功。

------------------------------------
Log Entry : 2016年12月16日 11:00:15
第：21行 DN:369213 導入成功！.

------------------------------------
Log Entry : 2016年12月16日 11:00:16
行更新成功。

------------------------------------
Log Entry : 2016年12月16日 11:00:16
第：22行 DN:369213 導入成功！.

------------------------------------
Log Entry : 2016年12月16日 11:00:16
行更新成功。

------------------------------------
Log Entry : 2016年12月16日 11:00:16
第：23行 DN:369213 導入成功！.

------------------------------------
Log Entry : 2016年12月16日 11:00:16
行更新成功。

------------------------------------
Log Entry : 2016年12月16日 11:00:16
第：24行 DN:369213 導入成功！.

------------------------------------
Log Entry : 2016年12月16日 11:00:17
行更新成功。

------------------------------------
Log Entry : 2016年12月16日 11:00:17
第：25行 DN:369213 導入成功！.

------------------------------------
Log Entry : 2016年12月16日 11:00:17
行更新成功。

------------------------------------
Log Entry : 2016年12月16日 11:00:17
第：26行 DN:369213 導入成功！.

------------------------------------
Log Entry : 2016年12月16日 11:00:17
行更新成功。

------------------------------------
Log Entry : 2016年12月16日 11:00:17
第：27行 DN:369213 導入成功！.

------------------------------------
Log Entry : 2016年12月16日 11:00:17
2016/12/16 上午 11:00:17,資料導入結束
------------------------------------
Log Entry : 2016年12月16日 12:00:02
2016/12/16 下午 12:00:02,開始導入資料...
------------------------------------
Log Entry : 2016年12月16日 12:00:04
行更新成功。

------------------------------------
Log Entry : 2016年12月16日 12:00:04
第：1行 DN:SC369884 導入成功！.

------------------------------------
Log Entry : 2016年12月16日 12:00:04
2016/12/16 下午 12:00:04,資料導入結束
------------------------------------
Log Entry : 2016年12月16日 13:00:02
2016/12/16 下午 01:00:01,開始導入資料...
------------------------------------
Log Entry : 2016年12月16日 13:00:02
2016/12/16 下午 01:00:02,資料導入結束
------------------------------------
Log Entry : 2016年12月16日 14:01:17
2016/12/16 下午 02:01:17,開始導入資料...
------------------------------------
Log Entry : 2016年12月16日 14:01:17
2016/12/16 下午 02:01:17,資料導入結束
------------------------------------
Log Entry : 2016年12月16日 15:00:02
2016/12/16 下午 03:00:02,開始導入資料...
------------------------------------
Log Entry : 2016年12月16日 15:00:02
2016/12/16 下午 03:00:02,資料導入結束
------------------------------------
Log Entry : 2016年12月16日 16:00:02
2016/12/16 下午 04:00:02,開始導入資料...
------------------------------------
Log Entry : 2016年12月16日 16:00:02
2016/12/16 下午 04:00:02,資料導入結束
------------------------------------
Log Entry : 2016年12月16日 17:00:04
2016/12/16 下午 05:00:04,開始導入資料...
------------------------------------
Log Entry : 2016年12月16日 17:00:04
2016/12/16 下午 05:00:04,資料導入結束
------------------------------------
Log Entry : 2016年12月16日 18:00:02
2016/12/16 下午 06:00:02,開始導入資料...
------------------------------------
Log Entry : 2016年12月16日 18:00:02
2016/12/16 下午 06:00:02,資料導入結束
------------------------------------
Log Entry : 2016年12月16日 19:00:03
2016/12/16 下午 07:00:03,開始導入資料...
------------------------------------
Log Entry : 2016年12月16日 19:00:03
2016/12/16 下午 07:00:03,資料導入結束
------------------------------------
Log Entry : 2016年12月16日 20:00:03
2016/12/16 下午 08:00:03,開始導入資料...
------------------------------------
Log Entry : 2016年12月16日 20:00:03
2016/12/16 下午 08:00:03,資料導入結束
------------------------------------
Log Entry : 2016年12月16日 21:00:02
2016/12/16 下午 09:00:02,開始導入資料...
------------------------------------
Log Entry : 2016年12月16日 21:00:02
2016/12/16 下午 09:00:02,資料導入結束
------------------------------------
Log Entry : 2016年12月16日 22:00:05
2016/12/16 下午 10:00:04,開始導入資料...
------------------------------------
Log Entry : 2016年12月16日 22:00:05
2016/12/16 下午 10:00:05,資料導入結束
------------------------------------
Log Entry : 2016年12月16日 23:00:02
2016/12/16 下午 11:00:02,開始導入資料...
------------------------------------
Log Entry : 2016年12月16日 23:00:02
2016/12/16 下午 11:00:02,資料導入結束
------------------------------------
