Log Entry : 2016年12月24日 00:00:01
2016/12/24 上午 12:00:01,開始導入資料...
------------------------------------
Log Entry : 2016年12月24日 00:00:01
2016/12/24 上午 12:00:01,資料導入結束
------------------------------------
Log Entry : 2016年12月24日 01:00:03
2016/12/24 上午 01:00:03,開始導入資料...
------------------------------------
Log Entry : 2016年12月24日 01:00:03
2016/12/24 上午 01:00:03,資料導入結束
------------------------------------
Log Entry : 2016年12月24日 02:00:01
2016/12/24 上午 02:00:01,開始導入資料...
------------------------------------
Log Entry : 2016年12月24日 02:00:01
2016/12/24 上午 02:00:01,資料導入結束
------------------------------------
Log Entry : 2016年12月24日 03:00:02
2016/12/24 上午 03:00:02,開始導入資料...
------------------------------------
Log Entry : 2016年12月24日 03:00:02
2016/12/24 上午 03:00:02,資料導入結束
------------------------------------
Log Entry : 2016年12月24日 04:00:01
2016/12/24 上午 04:00:01,開始導入資料...
------------------------------------
Log Entry : 2016年12月24日 04:00:01
2016/12/24 上午 04:00:01,資料導入結束
------------------------------------
Log Entry : 2016年12月24日 05:00:01
2016/12/24 上午 05:00:01,開始導入資料...
------------------------------------
Log Entry : 2016年12月24日 05:00:01
2016/12/24 上午 05:00:01,資料導入結束
------------------------------------
Log Entry : 2016年12月24日 06:00:02
2016/12/24 上午 06:00:02,開始導入資料...
------------------------------------
Log Entry : 2016年12月24日 06:00:02
2016/12/24 上午 06:00:02,資料導入結束
------------------------------------
Log Entry : 2016年12月24日 07:00:03
2016/12/24 上午 07:00:03,開始導入資料...
------------------------------------
Log Entry : 2016年12月24日 07:00:03
2016/12/24 上午 07:00:03,資料導入結束
------------------------------------
Log Entry : 2016年12月24日 08:00:03
2016/12/24 上午 08:00:03,開始導入資料...
------------------------------------
Log Entry : 2016年12月24日 08:00:03
2016/12/24 上午 08:00:03,資料導入結束
------------------------------------
Log Entry : 2016年12月24日 09:00:01
2016/12/24 上午 09:00:01,開始導入資料...
------------------------------------
Log Entry : 2016年12月24日 09:00:01
2016/12/24 上午 09:00:01,資料導入結束
------------------------------------
Log Entry : 2016年12月24日 10:00:01
2016/12/24 上午 10:00:01,開始導入資料...
------------------------------------
Log Entry : 2016年12月24日 10:00:01
2016/12/24 上午 10:00:01,資料導入結束
------------------------------------
Log Entry : 2016年12月24日 11:00:01
2016/12/24 上午 11:00:01,開始導入資料...
------------------------------------
Log Entry : 2016年12月24日 11:00:01
2016/12/24 上午 11:00:01,資料導入結束
------------------------------------
Log Entry : 2016年12月24日 12:00:01
2016/12/24 下午 12:00:01,開始導入資料...
------------------------------------
Log Entry : 2016年12月24日 12:00:01
2016/12/24 下午 12:00:01,資料導入結束
------------------------------------
Log Entry : 2016年12月24日 13:00:01
2016/12/24 下午 01:00:01,開始導入資料...
------------------------------------
Log Entry : 2016年12月24日 13:00:01
2016/12/24 下午 01:00:01,資料導入結束
------------------------------------
Log Entry : 2016年12月24日 14:00:01
2016/12/24 下午 02:00:01,開始導入資料...
------------------------------------
Log Entry : 2016年12月24日 14:00:01
2016/12/24 下午 02:00:01,資料導入結束
------------------------------------
Log Entry : 2016年12月24日 15:00:01
2016/12/24 下午 03:00:01,開始導入資料...
------------------------------------
Log Entry : 2016年12月24日 15:00:01
2016/12/24 下午 03:00:01,資料導入結束
------------------------------------
Log Entry : 2016年12月24日 16:00:11
2016/12/24 下午 04:00:11,開始導入資料...
------------------------------------
Log Entry : 2016年12月24日 16:00:11
2016/12/24 下午 04:00:11,資料導入結束
------------------------------------
Log Entry : 2016年12月24日 17:00:07
2016/12/24 下午 05:00:07,開始導入資料...
------------------------------------
Log Entry : 2016年12月24日 17:00:08
2016/12/24 下午 05:00:08,資料導入結束
------------------------------------
Log Entry : 2016年12月24日 17:26:03
时间:2016/12/24 下午 05:26:01, Service Start...
------------------------------------
Log Entry : 2016年12月24日 18:00:10
2016/12/24 下午 06:00:10,開始導入資料...
------------------------------------
Log Entry : 2016年12月24日 18:00:10
2016/12/24 下午 06:00:10,資料導入結束
------------------------------------
Log Entry : 2016年12月24日 19:00:02
2016/12/24 下午 07:00:02,開始導入資料...
------------------------------------
Log Entry : 2016年12月24日 19:00:02
2016/12/24 下午 07:00:02,資料導入結束
------------------------------------
Log Entry : 2016年12月24日 20:00:01
2016/12/24 下午 08:00:01,開始導入資料...
------------------------------------
Log Entry : 2016年12月24日 20:00:01
2016/12/24 下午 08:00:01,資料導入結束
------------------------------------
Log Entry : 2016年12月24日 21:00:01
2016/12/24 下午 09:00:01,開始導入資料...
------------------------------------
Log Entry : 2016年12月24日 21:00:01
2016/12/24 下午 09:00:01,資料導入結束
------------------------------------
Log Entry : 2016年12月24日 22:00:01
2016/12/24 下午 10:00:01,開始導入資料...
------------------------------------
Log Entry : 2016年12月24日 22:00:01
2016/12/24 下午 10:00:01,資料導入結束
------------------------------------
Log Entry : 2016年12月24日 23:00:01
2016/12/24 下午 11:00:01,開始導入資料...
------------------------------------
Log Entry : 2016年12月24日 23:00:01
2016/12/24 下午 11:00:01,資料導入結束
------------------------------------
