Log Entry : 2016年12月21日 00:00:01
2016/12/21 上午 12:00:01,開始導入資料...
------------------------------------
Log Entry : 2016年12月21日 00:00:01
2016/12/21 上午 12:00:01,資料導入結束
------------------------------------
Log Entry : 2016年12月21日 01:00:01
2016/12/21 上午 01:00:01,開始導入資料...
------------------------------------
Log Entry : 2016年12月21日 01:00:01
2016/12/21 上午 01:00:01,資料導入結束
------------------------------------
Log Entry : 2016年12月21日 02:00:04
2016/12/21 上午 02:00:04,開始導入資料...
------------------------------------
Log Entry : 2016年12月21日 02:00:04
2016/12/21 上午 02:00:04,資料導入結束
------------------------------------
Log Entry : 2016年12月21日 03:00:01
2016/12/21 上午 03:00:01,開始導入資料...
------------------------------------
Log Entry : 2016年12月21日 03:00:01
2016/12/21 上午 03:00:01,資料導入結束
------------------------------------
Log Entry : 2016年12月21日 04:00:01
2016/12/21 上午 04:00:01,開始導入資料...
------------------------------------
Log Entry : 2016年12月21日 04:00:01
2016/12/21 上午 04:00:01,資料導入結束
------------------------------------
Log Entry : 2016年12月21日 05:00:01
2016/12/21 上午 05:00:01,開始導入資料...
------------------------------------
Log Entry : 2016年12月21日 05:00:01
2016/12/21 上午 05:00:01,資料導入結束
------------------------------------
Log Entry : 2016年12月21日 06:00:01
2016/12/21 上午 06:00:01,開始導入資料...
------------------------------------
Log Entry : 2016年12月21日 06:00:01
2016/12/21 上午 06:00:01,資料導入結束
------------------------------------
Log Entry : 2016年12月21日 07:00:04
2016/12/21 上午 07:00:04,開始導入資料...
------------------------------------
Log Entry : 2016年12月21日 07:00:04
2016/12/21 上午 07:00:04,資料導入結束
------------------------------------
Log Entry : 2016年12月21日 08:00:01
2016/12/21 上午 08:00:01,開始導入資料...
------------------------------------
Log Entry : 2016年12月21日 08:00:01
2016/12/21 上午 08:00:01,資料導入結束
------------------------------------
Log Entry : 2016年12月21日 09:00:01
2016/12/21 上午 09:00:01,開始導入資料...
------------------------------------
Log Entry : 2016年12月21日 09:00:01
2016/12/21 上午 09:00:01,資料導入結束
------------------------------------
Log Entry : 2016年12月21日 10:00:01
2016/12/21 上午 10:00:01,開始導入資料...
------------------------------------
Log Entry : 2016年12月21日 10:00:01
2016/12/21 上午 10:00:01,資料導入結束
------------------------------------
Log Entry : 2016年12月21日 11:00:01
2016/12/21 上午 11:00:01,開始導入資料...
------------------------------------
Log Entry : 2016年12月21日 11:00:01
2016/12/21 上午 11:00:01,資料導入結束
------------------------------------
Log Entry : 2016年12月21日 12:00:01
2016/12/21 下午 12:00:01,開始導入資料...
------------------------------------
Log Entry : 2016年12月21日 12:00:01
2016/12/21 下午 12:00:01,資料導入結束
------------------------------------
Log Entry : 2016年12月21日 13:00:01
2016/12/21 下午 01:00:01,開始導入資料...
------------------------------------
Log Entry : 2016年12月21日 13:00:01
2016/12/21 下午 01:00:01,資料導入結束
------------------------------------
Log Entry : 2016年12月21日 14:00:01
2016/12/21 下午 02:00:01,開始導入資料...
------------------------------------
Log Entry : 2016年12月21日 14:00:01
2016/12/21 下午 02:00:01,資料導入結束
------------------------------------
Log Entry : 2016年12月21日 15:00:02
2016/12/21 下午 03:00:02,開始導入資料...
------------------------------------
Log Entry : 2016年12月21日 15:00:02
2016/12/21 下午 03:00:02,資料導入結束
------------------------------------
Log Entry : 2016年12月21日 16:00:01
2016/12/21 下午 04:00:01,開始導入資料...
------------------------------------
Log Entry : 2016年12月21日 16:00:01
2016/12/21 下午 04:00:01,資料導入結束
------------------------------------
Log Entry : 2016年12月21日 17:00:09
2016/12/21 下午 05:00:09,開始導入資料...
------------------------------------
Log Entry : 2016年12月21日 17:00:10
行更新成功。

------------------------------------
Log Entry : 2016年12月21日 17:00:10
第：1行 DN:360386 導入成功！.

------------------------------------
Log Entry : 2016年12月21日 17:00:10
行更新成功。

------------------------------------
Log Entry : 2016年12月21日 17:00:10
第：2行 DN:360386 導入成功！.

------------------------------------
Log Entry : 2016年12月21日 17:00:10
行更新成功。

------------------------------------
Log Entry : 2016年12月21日 17:00:10
第：3行 DN:360386 導入成功！.

------------------------------------
Log Entry : 2016年12月21日 17:00:10
行更新成功。

------------------------------------
Log Entry : 2016年12月21日 17:00:10
第：4行 DN:360386 導入成功！.

------------------------------------
Log Entry : 2016年12月21日 17:00:10
行更新成功。

------------------------------------
Log Entry : 2016年12月21日 17:00:10
第：5行 DN:360386 導入成功！.

------------------------------------
Log Entry : 2016年12月21日 17:00:10
行更新成功。

------------------------------------
Log Entry : 2016年12月21日 17:00:10
第：6行 DN:360386 導入成功！.

------------------------------------
Log Entry : 2016年12月21日 17:00:10
行更新成功。

------------------------------------
Log Entry : 2016年12月21日 17:00:10
第：7行 DN:360386 導入成功！.

------------------------------------
Log Entry : 2016年12月21日 17:00:10
行更新成功。

------------------------------------
Log Entry : 2016年12月21日 17:00:10
第：8行 DN:360386 導入成功！.

------------------------------------
Log Entry : 2016年12月21日 17:00:10
行更新成功。

------------------------------------
Log Entry : 2016年12月21日 17:00:10
第：9行 DN:360386 導入成功！.

------------------------------------
Log Entry : 2016年12月21日 17:00:10
行更新成功。

------------------------------------
Log Entry : 2016年12月21日 17:00:10
第：10行 DN:360386 導入成功！.

------------------------------------
Log Entry : 2016年12月21日 17:00:10
行更新成功。

------------------------------------
Log Entry : 2016年12月21日 17:00:10
第：11行 DN:360386 導入成功！.

------------------------------------
Log Entry : 2016年12月21日 17:00:10
行更新成功。

------------------------------------
Log Entry : 2016年12月21日 17:00:10
第：12行 DN:360386 導入成功！.

------------------------------------
Log Entry : 2016年12月21日 17:00:10
行更新成功。

------------------------------------
Log Entry : 2016年12月21日 17:00:10
第：13行 DN:360386 導入成功！.

------------------------------------
Log Entry : 2016年12月21日 17:00:10
行更新成功。

------------------------------------
Log Entry : 2016年12月21日 17:00:10
第：14行 DN:360386 導入成功！.

------------------------------------
Log Entry : 2016年12月21日 17:00:10
行更新成功。

------------------------------------
Log Entry : 2016年12月21日 17:00:10
第：15行 DN:360387 導入成功！.

------------------------------------
Log Entry : 2016年12月21日 17:00:11
行更新成功。

------------------------------------
Log Entry : 2016年12月21日 17:00:11
第：16行 DN:360387 導入成功！.

------------------------------------
Log Entry : 2016年12月21日 17:00:11
行更新成功。

------------------------------------
Log Entry : 2016年12月21日 17:00:11
第：17行 DN:360387 導入成功！.

------------------------------------
Log Entry : 2016年12月21日 17:00:11
行更新成功。

------------------------------------
Log Entry : 2016年12月21日 17:00:11
第：18行 DN:360387 導入成功！.

------------------------------------
Log Entry : 2016年12月21日 17:00:11
行更新成功。

------------------------------------
Log Entry : 2016年12月21日 17:00:11
第：19行 DN:360387 導入成功！.

------------------------------------
Log Entry : 2016年12月21日 17:00:11
行更新成功。

------------------------------------
Log Entry : 2016年12月21日 17:00:11
第：20行 DN:360387 導入成功！.

------------------------------------
Log Entry : 2016年12月21日 17:00:11
行更新成功。

------------------------------------
Log Entry : 2016年12月21日 17:00:11
第：21行 DN:360387 導入成功！.

------------------------------------
Log Entry : 2016年12月21日 17:00:11
行更新成功。

------------------------------------
Log Entry : 2016年12月21日 17:00:11
第：22行 DN:360387 導入成功！.

------------------------------------
Log Entry : 2016年12月21日 17:00:11
行更新成功。

------------------------------------
Log Entry : 2016年12月21日 17:00:11
第：23行 DN:360387 導入成功！.

------------------------------------
Log Entry : 2016年12月21日 17:00:11
行更新成功。

------------------------------------
Log Entry : 2016年12月21日 17:00:11
第：24行 DN:360387 導入成功！.

------------------------------------
Log Entry : 2016年12月21日 17:00:11
行更新成功。

------------------------------------
Log Entry : 2016年12月21日 17:00:11
第：25行 DN:360387 導入成功！.

------------------------------------
Log Entry : 2016年12月21日 17:00:11
行更新成功。

------------------------------------
Log Entry : 2016年12月21日 17:00:11
第：26行 DN:360387 導入成功！.

------------------------------------
Log Entry : 2016年12月21日 17:00:11
行更新成功。

------------------------------------
Log Entry : 2016年12月21日 17:00:11
第：27行 DN:360387 導入成功！.

------------------------------------
Log Entry : 2016年12月21日 17:00:11
行更新成功。

------------------------------------
Log Entry : 2016年12月21日 17:00:11
第：28行 DN:360387 導入成功！.

------------------------------------
Log Entry : 2016年12月21日 17:00:11
行更新成功。

------------------------------------
Log Entry : 2016年12月21日 17:00:11
第：29行 DN:360388 導入成功！.

------------------------------------
Log Entry : 2016年12月21日 17:00:11
行更新成功。

------------------------------------
Log Entry : 2016年12月21日 17:00:11
第：30行 DN:360388 導入成功！.

------------------------------------
Log Entry : 2016年12月21日 17:00:11
行更新成功。

------------------------------------
Log Entry : 2016年12月21日 17:00:11
第：31行 DN:360388 導入成功！.

------------------------------------
Log Entry : 2016年12月21日 17:00:11
行更新成功。

------------------------------------
Log Entry : 2016年12月21日 17:00:11
第：32行 DN:360388 導入成功！.

------------------------------------
Log Entry : 2016年12月21日 17:00:12
行更新成功。

------------------------------------
Log Entry : 2016年12月21日 17:00:12
第：33行 DN:360388 導入成功！.

------------------------------------
Log Entry : 2016年12月21日 17:00:12
行更新成功。

------------------------------------
Log Entry : 2016年12月21日 17:00:12
第：34行 DN:360388 導入成功！.

------------------------------------
Log Entry : 2016年12月21日 17:00:12
行更新成功。

------------------------------------
Log Entry : 2016年12月21日 17:00:12
第：35行 DN:360388 導入成功！.

------------------------------------
Log Entry : 2016年12月21日 17:00:12
行更新成功。

------------------------------------
Log Entry : 2016年12月21日 17:00:12
第：36行 DN:360388 導入成功！.

------------------------------------
Log Entry : 2016年12月21日 17:00:12
行更新成功。

------------------------------------
Log Entry : 2016年12月21日 17:00:12
第：37行 DN:360388 導入成功！.

------------------------------------
Log Entry : 2016年12月21日 17:00:12
行更新成功。

------------------------------------
Log Entry : 2016年12月21日 17:00:12
第：38行 DN:360388 導入成功！.

------------------------------------
Log Entry : 2016年12月21日 17:00:12
行更新成功。

------------------------------------
Log Entry : 2016年12月21日 17:00:12
第：39行 DN:360388 導入成功！.

------------------------------------
Log Entry : 2016年12月21日 17:00:12
行更新成功。

------------------------------------
Log Entry : 2016年12月21日 17:00:12
第：40行 DN:360388 導入成功！.

------------------------------------
Log Entry : 2016年12月21日 17:00:12
行更新成功。

------------------------------------
Log Entry : 2016年12月21日 17:00:12
第：41行 DN:360388 導入成功！.

------------------------------------
Log Entry : 2016年12月21日 17:00:12
行更新成功。

------------------------------------
Log Entry : 2016年12月21日 17:00:12
第：42行 DN:360388 導入成功！.

------------------------------------
Log Entry : 2016年12月21日 17:00:12
行更新成功。

------------------------------------
Log Entry : 2016年12月21日 17:00:12
第：43行 DN:360389 導入成功！.

------------------------------------
Log Entry : 2016年12月21日 17:00:12
行更新成功。

------------------------------------
Log Entry : 2016年12月21日 17:00:12
第：44行 DN:360389 導入成功！.

------------------------------------
Log Entry : 2016年12月21日 17:00:12
行更新成功。

------------------------------------
Log Entry : 2016年12月21日 17:00:12
第：45行 DN:360389 導入成功！.

------------------------------------
Log Entry : 2016年12月21日 17:00:12
行更新成功。

------------------------------------
Log Entry : 2016年12月21日 17:00:12
第：46行 DN:360389 導入成功！.

------------------------------------
Log Entry : 2016年12月21日 17:00:12
行更新成功。

------------------------------------
Log Entry : 2016年12月21日 17:00:12
第：47行 DN:360389 導入成功！.

------------------------------------
Log Entry : 2016年12月21日 17:00:12
行更新成功。

------------------------------------
Log Entry : 2016年12月21日 17:00:12
第：48行 DN:360389 導入成功！.

------------------------------------
Log Entry : 2016年12月21日 17:00:12
行更新成功。

------------------------------------
Log Entry : 2016年12月21日 17:00:12
第：49行 DN:360389 導入成功！.

------------------------------------
Log Entry : 2016年12月21日 17:00:13
行更新成功。

------------------------------------
Log Entry : 2016年12月21日 17:00:13
第：50行 DN:360389 導入成功！.

------------------------------------
Log Entry : 2016年12月21日 17:00:13
行更新成功。

------------------------------------
Log Entry : 2016年12月21日 17:00:13
第：51行 DN:360389 導入成功！.

------------------------------------
Log Entry : 2016年12月21日 17:00:13
行更新成功。

------------------------------------
Log Entry : 2016年12月21日 17:00:13
第：52行 DN:360389 導入成功！.

------------------------------------
Log Entry : 2016年12月21日 17:00:13
行更新成功。

------------------------------------
Log Entry : 2016年12月21日 17:00:13
第：53行 DN:360389 導入成功！.

------------------------------------
Log Entry : 2016年12月21日 17:00:13
行更新成功。

------------------------------------
Log Entry : 2016年12月21日 17:00:13
第：54行 DN:360389 導入成功！.

------------------------------------
Log Entry : 2016年12月21日 17:00:13
行更新成功。

------------------------------------
Log Entry : 2016年12月21日 17:00:13
第：55行 DN:360389 導入成功！.

------------------------------------
Log Entry : 2016年12月21日 17:00:13
行更新成功。

------------------------------------
Log Entry : 2016年12月21日 17:00:13
第：56行 DN:360389 導入成功！.

------------------------------------
Log Entry : 2016年12月21日 17:00:13
行更新成功。

------------------------------------
Log Entry : 2016年12月21日 17:00:13
第：57行 DN:369172 導入成功！.

------------------------------------
Log Entry : 2016年12月21日 17:00:13
行更新成功。

------------------------------------
Log Entry : 2016年12月21日 17:00:13
第：58行 DN:369172 導入成功！.

------------------------------------
Log Entry : 2016年12月21日 17:00:13
行更新成功。

------------------------------------
Log Entry : 2016年12月21日 17:00:13
第：59行 DN:369172 導入成功！.

------------------------------------
Log Entry : 2016年12月21日 17:00:13
行更新成功。

------------------------------------
Log Entry : 2016年12月21日 17:00:13
第：60行 DN:369172 導入成功！.

------------------------------------
Log Entry : 2016年12月21日 17:00:13
行更新成功。

------------------------------------
Log Entry : 2016年12月21日 17:00:13
第：61行 DN:369172 導入成功！.

------------------------------------
Log Entry : 2016年12月21日 17:00:13
行更新成功。

------------------------------------
Log Entry : 2016年12月21日 17:00:13
第：62行 DN:369172 導入成功！.

------------------------------------
Log Entry : 2016年12月21日 17:00:13
行更新成功。

------------------------------------
Log Entry : 2016年12月21日 17:00:13
第：63行 DN:369172 導入成功！.

------------------------------------
Log Entry : 2016年12月21日 17:00:13
行更新成功。

------------------------------------
Log Entry : 2016年12月21日 17:00:13
第：64行 DN:369172 導入成功！.

------------------------------------
Log Entry : 2016年12月21日 17:00:13
行更新成功。

------------------------------------
Log Entry : 2016年12月21日 17:00:13
第：65行 DN:369172 導入成功！.

------------------------------------
Log Entry : 2016年12月21日 17:00:14
行更新成功。

------------------------------------
Log Entry : 2016年12月21日 17:00:14
第：66行 DN:369172 導入成功！.

------------------------------------
Log Entry : 2016年12月21日 17:00:14
行更新成功。

------------------------------------
Log Entry : 2016年12月21日 17:00:14
第：67行 DN:369172 導入成功！.

------------------------------------
Log Entry : 2016年12月21日 17:00:14
行更新成功。

------------------------------------
Log Entry : 2016年12月21日 17:00:14
第：68行 DN:369172 導入成功！.

------------------------------------
Log Entry : 2016年12月21日 17:00:14
行更新成功。

------------------------------------
Log Entry : 2016年12月21日 17:00:14
第：69行 DN:369172 導入成功！.

------------------------------------
Log Entry : 2016年12月21日 17:00:14
行更新成功。

------------------------------------
Log Entry : 2016年12月21日 17:00:14
第：70行 DN:369172 導入成功！.

------------------------------------
Log Entry : 2016年12月21日 17:00:14
行更新成功。

------------------------------------
Log Entry : 2016年12月21日 17:00:14
第：71行 DN:369172 導入成功！.

------------------------------------
Log Entry : 2016年12月21日 17:00:14
行更新成功。

------------------------------------
Log Entry : 2016年12月21日 17:00:14
第：72行 DN:369172 導入成功！.

------------------------------------
Log Entry : 2016年12月21日 17:00:14
行更新成功。

------------------------------------
Log Entry : 2016年12月21日 17:00:14
第：73行 DN:369172 導入成功！.

------------------------------------
Log Entry : 2016年12月21日 17:00:14
行更新成功。

------------------------------------
Log Entry : 2016年12月21日 17:00:14
第：74行 DN:369172 導入成功！.

------------------------------------
Log Entry : 2016年12月21日 17:00:14
行更新成功。

------------------------------------
Log Entry : 2016年12月21日 17:00:14
第：75行 DN:369172 導入成功！.

------------------------------------
Log Entry : 2016年12月21日 17:00:14
行更新成功。

------------------------------------
Log Entry : 2016年12月21日 17:00:14
第：76行 DN:369172 導入成功！.

------------------------------------
Log Entry : 2016年12月21日 17:00:14
行更新成功。

------------------------------------
Log Entry : 2016年12月21日 17:00:14
第：77行 DN:369172 導入成功！.

------------------------------------
Log Entry : 2016年12月21日 17:00:14
行更新成功。

------------------------------------
Log Entry : 2016年12月21日 17:00:14
第：78行 DN:369172 導入成功！.

------------------------------------
Log Entry : 2016年12月21日 17:00:14
行更新成功。

------------------------------------
Log Entry : 2016年12月21日 17:00:14
第：79行 DN:369172 導入成功！.

------------------------------------
Log Entry : 2016年12月21日 17:00:14
行更新成功。

------------------------------------
Log Entry : 2016年12月21日 17:00:14
第：80行 DN:369172 導入成功！.

------------------------------------
Log Entry : 2016年12月21日 17:00:14
行更新成功。

------------------------------------
Log Entry : 2016年12月21日 17:00:14
第：81行 DN:369172 導入成功！.

------------------------------------
Log Entry : 2016年12月21日 17:00:15
行更新成功。

------------------------------------
Log Entry : 2016年12月21日 17:00:15
第：82行 DN:369172 導入成功！.

------------------------------------
Log Entry : 2016年12月21日 17:00:15
行更新成功。

------------------------------------
Log Entry : 2016年12月21日 17:00:15
第：83行 DN:369172 導入成功！.

------------------------------------
Log Entry : 2016年12月21日 17:00:15
行更新成功。

------------------------------------
Log Entry : 2016年12月21日 17:00:15
第：84行 DN:369172 導入成功！.

------------------------------------
Log Entry : 2016年12月21日 17:00:15
行更新成功。

------------------------------------
Log Entry : 2016年12月21日 17:00:15
第：85行 DN:369172 導入成功！.

------------------------------------
Log Entry : 2016年12月21日 17:00:15
行更新成功。

------------------------------------
Log Entry : 2016年12月21日 17:00:15
第：86行 DN:369172 導入成功！.

------------------------------------
Log Entry : 2016年12月21日 17:00:15
行更新成功。

------------------------------------
Log Entry : 2016年12月21日 17:00:15
第：87行 DN:369172 導入成功！.

------------------------------------
Log Entry : 2016年12月21日 17:00:15
行更新成功。

------------------------------------
Log Entry : 2016年12月21日 17:00:15
第：88行 DN:369172 導入成功！.

------------------------------------
Log Entry : 2016年12月21日 17:00:15
行更新成功。

------------------------------------
Log Entry : 2016年12月21日 17:00:15
第：89行 DN:369172 導入成功！.

------------------------------------
Log Entry : 2016年12月21日 17:00:15
行更新成功。

------------------------------------
Log Entry : 2016年12月21日 17:00:15
第：90行 DN:369172 導入成功！.

------------------------------------
Log Entry : 2016年12月21日 17:00:15
行更新成功。

------------------------------------
Log Entry : 2016年12月21日 17:00:15
第：91行 DN:369172 導入成功！.

------------------------------------
Log Entry : 2016年12月21日 17:00:15
行更新成功。

------------------------------------
Log Entry : 2016年12月21日 17:00:15
第：92行 DN:369172 導入成功！.

------------------------------------
Log Entry : 2016年12月21日 17:00:15
行更新成功。

------------------------------------
Log Entry : 2016年12月21日 17:00:15
第：93行 DN:369172 導入成功！.

------------------------------------
Log Entry : 2016年12月21日 17:00:15
行更新成功。

------------------------------------
Log Entry : 2016年12月21日 17:00:15
第：94行 DN:369172 導入成功！.

------------------------------------
Log Entry : 2016年12月21日 17:00:15
行更新成功。

------------------------------------
Log Entry : 2016年12月21日 17:00:15
第：95行 DN:369172 導入成功！.

------------------------------------
Log Entry : 2016年12月21日 17:00:15
行更新成功。

------------------------------------
Log Entry : 2016年12月21日 17:00:15
第：96行 DN:369172 導入成功！.

------------------------------------
Log Entry : 2016年12月21日 17:00:15
行更新成功。

------------------------------------
Log Entry : 2016年12月21日 17:00:15
第：97行 DN:369172 導入成功！.

------------------------------------
Log Entry : 2016年12月21日 17:00:16
行更新成功。

------------------------------------
Log Entry : 2016年12月21日 17:00:16
第：98行 DN:369172 導入成功！.

------------------------------------
Log Entry : 2016年12月21日 17:00:16
行更新成功。

------------------------------------
Log Entry : 2016年12月21日 17:00:16
第：99行 DN:369172 導入成功！.

------------------------------------
Log Entry : 2016年12月21日 17:00:16
行更新成功。

------------------------------------
Log Entry : 2016年12月21日 17:00:16
第：100行 DN:369172 導入成功！.

------------------------------------
Log Entry : 2016年12月21日 17:00:16
行更新成功。

------------------------------------
Log Entry : 2016年12月21日 17:00:16
第：101行 DN:369172 導入成功！.

------------------------------------
Log Entry : 2016年12月21日 17:00:16
行更新成功。

------------------------------------
Log Entry : 2016年12月21日 17:00:16
第：102行 DN:369172 導入成功！.

------------------------------------
Log Entry : 2016年12月21日 17:00:16
行更新成功。

------------------------------------
Log Entry : 2016年12月21日 17:00:16
第：103行 DN:369172 導入成功！.

------------------------------------
Log Entry : 2016年12月21日 17:00:16
行更新成功。

------------------------------------
Log Entry : 2016年12月21日 17:00:16
第：104行 DN:369172 導入成功！.

------------------------------------
Log Entry : 2016年12月21日 17:00:16
行更新成功。

------------------------------------
Log Entry : 2016年12月21日 17:00:16
第：105行 DN:369172 導入成功！.

------------------------------------
Log Entry : 2016年12月21日 17:00:16
行更新成功。

------------------------------------
Log Entry : 2016年12月21日 17:00:16
第：106行 DN:369172 導入成功！.

------------------------------------
Log Entry : 2016年12月21日 17:00:16
行更新成功。

------------------------------------
Log Entry : 2016年12月21日 17:00:16
第：107行 DN:369172 導入成功！.

------------------------------------
Log Entry : 2016年12月21日 17:00:16
行更新成功。

------------------------------------
Log Entry : 2016年12月21日 17:00:16
第：108行 DN:369172 導入成功！.

------------------------------------
Log Entry : 2016年12月21日 17:00:16
行更新成功。

------------------------------------
Log Entry : 2016年12月21日 17:00:16
第：109行 DN:369172 導入成功！.

------------------------------------
Log Entry : 2016年12月21日 17:00:16
行更新成功。

------------------------------------
Log Entry : 2016年12月21日 17:00:16
第：110行 DN:369172 導入成功！.

------------------------------------
Log Entry : 2016年12月21日 17:00:16
行更新成功。

------------------------------------
Log Entry : 2016年12月21日 17:00:16
第：111行 DN:369172 導入成功！.

------------------------------------
Log Entry : 2016年12月21日 17:00:16
行更新成功。

------------------------------------
Log Entry : 2016年12月21日 17:00:16
第：112行 DN:369172 導入成功！.

------------------------------------
Log Entry : 2016年12月21日 17:00:16
行更新成功。

------------------------------------
Log Entry : 2016年12月21日 17:00:16
第：113行 DN:369172 導入成功！.

------------------------------------
Log Entry : 2016年12月21日 17:00:17
行更新成功。

------------------------------------
Log Entry : 2016年12月21日 17:00:17
第：114行 DN:369172 導入成功！.

------------------------------------
Log Entry : 2016年12月21日 17:00:17
行更新成功。

------------------------------------
Log Entry : 2016年12月21日 17:00:17
第：115行 DN:369172 導入成功！.

------------------------------------
Log Entry : 2016年12月21日 17:00:17
行更新成功。

------------------------------------
Log Entry : 2016年12月21日 17:00:17
第：116行 DN:369172 導入成功！.

------------------------------------
Log Entry : 2016年12月21日 17:00:17
行更新成功。

------------------------------------
Log Entry : 2016年12月21日 17:00:17
第：117行 DN:369172 導入成功！.

------------------------------------
Log Entry : 2016年12月21日 17:00:17
行更新成功。

------------------------------------
Log Entry : 2016年12月21日 17:00:17
第：118行 DN:369172 導入成功！.

------------------------------------
Log Entry : 2016年12月21日 17:00:17
行更新成功。

------------------------------------
Log Entry : 2016年12月21日 17:00:17
第：119行 DN:369172 導入成功！.

------------------------------------
Log Entry : 2016年12月21日 17:00:17
行更新成功。

------------------------------------
Log Entry : 2016年12月21日 17:00:17
第：120行 DN:369172 導入成功！.

------------------------------------
Log Entry : 2016年12月21日 17:00:17
行更新成功。

------------------------------------
Log Entry : 2016年12月21日 17:00:17
第：121行 DN:369172 導入成功！.

------------------------------------
Log Entry : 2016年12月21日 17:00:17
行更新成功。

------------------------------------
Log Entry : 2016年12月21日 17:00:17
第：122行 DN:369172 導入成功！.

------------------------------------
Log Entry : 2016年12月21日 17:00:17
行更新成功。

------------------------------------
Log Entry : 2016年12月21日 17:00:17
第：123行 DN:369172 導入成功！.

------------------------------------
Log Entry : 2016年12月21日 17:00:17
行更新成功。

------------------------------------
Log Entry : 2016年12月21日 17:00:17
第：124行 DN:369172 導入成功！.

------------------------------------
Log Entry : 2016年12月21日 17:00:17
行更新成功。

------------------------------------
Log Entry : 2016年12月21日 17:00:17
第：125行 DN:369172 導入成功！.

------------------------------------
Log Entry : 2016年12月21日 17:00:17
行更新成功。

------------------------------------
Log Entry : 2016年12月21日 17:00:17
第：126行 DN:369172 導入成功！.

------------------------------------
Log Entry : 2016年12月21日 17:00:17
行更新成功。

------------------------------------
Log Entry : 2016年12月21日 17:00:17
第：127行 DN:369172 導入成功！.

------------------------------------
Log Entry : 2016年12月21日 17:00:17
行更新成功。

------------------------------------
Log Entry : 2016年12月21日 17:00:17
第：128行 DN:369172 導入成功！.

------------------------------------
Log Entry : 2016年12月21日 17:00:18
行更新成功。

------------------------------------
Log Entry : 2016年12月21日 17:00:18
第：129行 DN:369172 導入成功！.

------------------------------------
Log Entry : 2016年12月21日 17:00:18
行更新成功。

------------------------------------
Log Entry : 2016年12月21日 17:00:18
第：130行 DN:369172 導入成功！.

------------------------------------
Log Entry : 2016年12月21日 17:00:18
行更新成功。

------------------------------------
Log Entry : 2016年12月21日 17:00:18
第：131行 DN:369172 導入成功！.

------------------------------------
Log Entry : 2016年12月21日 17:00:18
行更新成功。

------------------------------------
Log Entry : 2016年12月21日 17:00:18
第：132行 DN:369172 導入成功！.

------------------------------------
Log Entry : 2016年12月21日 17:00:18
行更新成功。

------------------------------------
Log Entry : 2016年12月21日 17:00:18
第：133行 DN:369172 導入成功！.

------------------------------------
Log Entry : 2016年12月21日 17:00:18
行更新成功。

------------------------------------
Log Entry : 2016年12月21日 17:00:18
第：134行 DN:369172 導入成功！.

------------------------------------
Log Entry : 2016年12月21日 17:00:18
行更新成功。

------------------------------------
Log Entry : 2016年12月21日 17:00:18
第：135行 DN:369172 導入成功！.

------------------------------------
Log Entry : 2016年12月21日 17:00:18
行更新成功。

------------------------------------
Log Entry : 2016年12月21日 17:00:18
第：136行 DN:369172 導入成功！.

------------------------------------
Log Entry : 2016年12月21日 17:00:18
行更新成功。

------------------------------------
Log Entry : 2016年12月21日 17:00:18
第：137行 DN:369172 導入成功！.

------------------------------------
Log Entry : 2016年12月21日 17:00:18
行更新成功。

------------------------------------
Log Entry : 2016年12月21日 17:00:18
第：138行 DN:369172 導入成功！.

------------------------------------
Log Entry : 2016年12月21日 17:00:18
行更新成功。

------------------------------------
Log Entry : 2016年12月21日 17:00:18
第：139行 DN:369172 導入成功！.

------------------------------------
Log Entry : 2016年12月21日 17:00:18
行更新成功。

------------------------------------
Log Entry : 2016年12月21日 17:00:18
第：140行 DN:369172 導入成功！.

------------------------------------
Log Entry : 2016年12月21日 17:00:18
行更新成功。

------------------------------------
Log Entry : 2016年12月21日 17:00:18
第：141行 DN:369172 導入成功！.

------------------------------------
Log Entry : 2016年12月21日 17:00:18
行更新成功。

------------------------------------
Log Entry : 2016年12月21日 17:00:18
第：142行 DN:369172 導入成功！.

------------------------------------
Log Entry : 2016年12月21日 17:00:18
行更新成功。

------------------------------------
Log Entry : 2016年12月21日 17:00:18
第：143行 DN:369172 導入成功！.

------------------------------------
Log Entry : 2016年12月21日 17:00:18
行更新成功。

------------------------------------
Log Entry : 2016年12月21日 17:00:18
第：144行 DN:369172 導入成功！.

------------------------------------
Log Entry : 2016年12月21日 17:00:19
行更新成功。

------------------------------------
Log Entry : 2016年12月21日 17:00:19
第：145行 DN:369172 導入成功！.

------------------------------------
Log Entry : 2016年12月21日 17:00:19
行更新成功。

------------------------------------
Log Entry : 2016年12月21日 17:00:19
第：146行 DN:369172 導入成功！.

------------------------------------
Log Entry : 2016年12月21日 17:00:19
行更新成功。

------------------------------------
Log Entry : 2016年12月21日 17:00:19
第：147行 DN:369172 導入成功！.

------------------------------------
Log Entry : 2016年12月21日 17:00:19
行更新成功。

------------------------------------
Log Entry : 2016年12月21日 17:00:19
第：148行 DN:369172 導入成功！.

------------------------------------
Log Entry : 2016年12月21日 17:00:19
行更新成功。

------------------------------------
Log Entry : 2016年12月21日 17:00:19
第：149行 DN:369172 導入成功！.

------------------------------------
Log Entry : 2016年12月21日 17:00:19
行更新成功。

------------------------------------
Log Entry : 2016年12月21日 17:00:19
第：150行 DN:369172 導入成功！.

------------------------------------
Log Entry : 2016年12月21日 17:00:19
行更新成功。

------------------------------------
Log Entry : 2016年12月21日 17:00:19
第：151行 DN:369172 導入成功！.

------------------------------------
Log Entry : 2016年12月21日 17:00:19
行更新成功。

------------------------------------
Log Entry : 2016年12月21日 17:00:19
第：152行 DN:SC369884 導入成功！.

------------------------------------
Log Entry : 2016年12月21日 17:00:19
2016/12/21 下午 05:00:19,資料導入結束
------------------------------------
Log Entry : 2016年12月21日 18:00:01
2016/12/21 下午 06:00:01,開始導入資料...
------------------------------------
Log Entry : 2016年12月21日 18:00:01
2016/12/21 下午 06:00:01,資料導入結束
------------------------------------
Log Entry : 2016年12月21日 19:00:03
2016/12/21 下午 07:00:03,開始導入資料...
------------------------------------
Log Entry : 2016年12月21日 19:00:03
2016/12/21 下午 07:00:03,資料導入結束
------------------------------------
Log Entry : 2016年12月21日 20:00:01
2016/12/21 下午 08:00:01,開始導入資料...
------------------------------------
Log Entry : 2016年12月21日 20:00:01
2016/12/21 下午 08:00:01,資料導入結束
------------------------------------
Log Entry : 2016年12月21日 21:00:01
2016/12/21 下午 09:00:01,開始導入資料...
------------------------------------
Log Entry : 2016年12月21日 21:00:01
2016/12/21 下午 09:00:01,資料導入結束
------------------------------------
Log Entry : 2016年12月21日 22:00:01
2016/12/21 下午 10:00:01,開始導入資料...
------------------------------------
Log Entry : 2016年12月21日 22:00:01
2016/12/21 下午 10:00:01,資料導入結束
------------------------------------
Log Entry : 2016年12月21日 23:00:03
2016/12/21 下午 11:00:03,開始導入資料...
------------------------------------
Log Entry : 2016年12月21日 23:00:03
2016/12/21 下午 11:00:03,資料導入結束
------------------------------------
