Log Entry : 2016年12月27日 00:00:02
2016/12/27 上午 12:00:02,開始導入資料...
------------------------------------
Log Entry : 2016年12月27日 00:00:02
2016/12/27 上午 12:00:02,資料導入結束
------------------------------------
Log Entry : 2016年12月27日 01:00:02
2016/12/27 上午 01:00:02,開始導入資料...
------------------------------------
Log Entry : 2016年12月27日 01:00:02
2016/12/27 上午 01:00:02,資料導入結束
------------------------------------
Log Entry : 2016年12月27日 02:00:02
2016/12/27 上午 02:00:02,開始導入資料...
------------------------------------
Log Entry : 2016年12月27日 02:00:03
2016/12/27 上午 02:00:03,資料導入結束
------------------------------------
Log Entry : 2016年12月27日 03:00:02
2016/12/27 上午 03:00:02,開始導入資料...
------------------------------------
Log Entry : 2016年12月27日 03:00:02
2016/12/27 上午 03:00:02,資料導入結束
------------------------------------
Log Entry : 2016年12月27日 04:00:02
2016/12/27 上午 04:00:02,開始導入資料...
------------------------------------
Log Entry : 2016年12月27日 04:00:02
2016/12/27 上午 04:00:02,資料導入結束
------------------------------------
Log Entry : 2016年12月27日 05:00:02
2016/12/27 上午 05:00:02,開始導入資料...
------------------------------------
Log Entry : 2016年12月27日 05:00:02
2016/12/27 上午 05:00:02,資料導入結束
------------------------------------
Log Entry : 2016年12月27日 06:00:01
2016/12/27 上午 06:00:01,開始導入資料...
------------------------------------
Log Entry : 2016年12月27日 06:00:01
2016/12/27 上午 06:00:01,資料導入結束
------------------------------------
Log Entry : 2016年12月27日 07:00:02
2016/12/27 上午 07:00:02,開始導入資料...
------------------------------------
Log Entry : 2016年12月27日 07:00:02
2016/12/27 上午 07:00:02,資料導入結束
------------------------------------
Log Entry : 2016年12月27日 07:59:06
时间:2016/12/27 上午 07:58:07, Service Start...
------------------------------------
Log Entry : 2016年12月27日 09:00:04
2016/12/27 上午 09:00:04,開始導入資料...
------------------------------------
Log Entry : 2016年12月27日 09:00:04
2016/12/27 上午 09:00:04,資料導入結束
------------------------------------
Log Entry : 2016年12月27日 10:00:01
2016/12/27 上午 10:00:01,開始導入資料...
------------------------------------
Log Entry : 2016年12月27日 10:00:01
2016/12/27 上午 10:00:01,資料導入結束
------------------------------------
Log Entry : 2016年12月27日 11:00:02
2016/12/27 上午 11:00:02,開始導入資料...
------------------------------------
Log Entry : 2016年12月27日 11:00:02
2016/12/27 上午 11:00:02,資料導入結束
------------------------------------
Log Entry : 2016年12月27日 12:00:02
2016/12/27 下午 12:00:02,開始導入資料...
------------------------------------
Log Entry : 2016年12月27日 12:00:02
2016/12/27 下午 12:00:02,資料導入結束
------------------------------------
Log Entry : 2016年12月27日 13:00:01
2016/12/27 下午 01:00:01,開始導入資料...
------------------------------------
Log Entry : 2016年12月27日 13:00:01
2016/12/27 下午 01:00:01,資料導入結束
------------------------------------
Log Entry : 2016年12月27日 14:00:01
2016/12/27 下午 02:00:01,開始導入資料...
------------------------------------
Log Entry : 2016年12月27日 14:00:01
2016/12/27 下午 02:00:01,資料導入結束
------------------------------------
Log Entry : 2016年12月27日 15:00:01
2016/12/27 下午 03:00:01,開始導入資料...
------------------------------------
Log Entry : 2016年12月27日 15:00:01
2016/12/27 下午 03:00:01,資料導入結束
------------------------------------
Log Entry : 2016年12月27日 16:00:01
2016/12/27 下午 04:00:01,開始導入資料...
------------------------------------
Log Entry : 2016年12月27日 16:00:01
2016/12/27 下午 04:00:01,資料導入結束
------------------------------------
Log Entry : 2016年12月27日 17:00:01
2016/12/27 下午 05:00:01,開始導入資料...
------------------------------------
Log Entry : 2016年12月27日 17:00:01
2016/12/27 下午 05:00:01,資料導入結束
------------------------------------
Log Entry : 2016年12月27日 18:00:01
2016/12/27 下午 06:00:01,開始導入資料...
------------------------------------
Log Entry : 2016年12月27日 18:00:01
2016/12/27 下午 06:00:01,資料導入結束
------------------------------------
Log Entry : 2016年12月27日 19:00:01
2016/12/27 下午 07:00:01,開始導入資料...
------------------------------------
Log Entry : 2016年12月27日 19:00:01
2016/12/27 下午 07:00:01,資料導入結束
------------------------------------
Log Entry : 2016年12月27日 20:00:01
2016/12/27 下午 08:00:01,開始導入資料...
------------------------------------
Log Entry : 2016年12月27日 20:00:01
2016/12/27 下午 08:00:01,資料導入結束
------------------------------------
Log Entry : 2016年12月27日 21:00:01
2016/12/27 下午 09:00:01,開始導入資料...
------------------------------------
Log Entry : 2016年12月27日 21:00:01
2016/12/27 下午 09:00:01,資料導入結束
------------------------------------
Log Entry : 2016年12月27日 22:00:01
2016/12/27 下午 10:00:01,開始導入資料...
------------------------------------
Log Entry : 2016年12月27日 22:00:01
2016/12/27 下午 10:00:01,資料導入結束
------------------------------------
Log Entry : 2016年12月27日 23:00:01
2016/12/27 下午 11:00:01,開始導入資料...
------------------------------------
Log Entry : 2016年12月27日 23:00:01
2016/12/27 下午 11:00:01,資料導入結束
------------------------------------
