Log Entry : 2016年12月15日 00:00:01
2016/12/15 上午 12:00:01,開始導入資料...
------------------------------------
Log Entry : 2016年12月15日 00:00:01
2016/12/15 上午 12:00:01,資料導入結束
------------------------------------
Log Entry : 2016年12月15日 01:00:01
2016/12/15 上午 01:00:01,開始導入資料...
------------------------------------
Log Entry : 2016年12月15日 01:00:01
2016/12/15 上午 01:00:01,資料導入結束
------------------------------------
Log Entry : 2016年12月15日 02:00:01
2016/12/15 上午 02:00:01,開始導入資料...
------------------------------------
Log Entry : 2016年12月15日 02:00:01
2016/12/15 上午 02:00:01,資料導入結束
------------------------------------
Log Entry : 2016年12月15日 03:00:01
2016/12/15 上午 03:00:01,開始導入資料...
------------------------------------
Log Entry : 2016年12月15日 03:00:01
2016/12/15 上午 03:00:01,資料導入結束
------------------------------------
Log Entry : 2016年12月15日 04:00:01
2016/12/15 上午 04:00:01,開始導入資料...
------------------------------------
Log Entry : 2016年12月15日 04:00:01
2016/12/15 上午 04:00:01,資料導入結束
------------------------------------
Log Entry : 2016年12月15日 05:00:01
2016/12/15 上午 05:00:01,開始導入資料...
------------------------------------
Log Entry : 2016年12月15日 05:00:01
2016/12/15 上午 05:00:01,資料導入結束
------------------------------------
Log Entry : 2016年12月15日 06:00:01
2016/12/15 上午 06:00:01,開始導入資料...
------------------------------------
Log Entry : 2016年12月15日 06:00:01
2016/12/15 上午 06:00:01,資料導入結束
------------------------------------
Log Entry : 2016年12月15日 07:00:01
2016/12/15 上午 07:00:01,開始導入資料...
------------------------------------
Log Entry : 2016年12月15日 07:00:01
2016/12/15 上午 07:00:01,資料導入結束
------------------------------------
Log Entry : 2016年12月15日 08:00:01
2016/12/15 上午 08:00:01,開始導入資料...
------------------------------------
Log Entry : 2016年12月15日 08:00:01
2016/12/15 上午 08:00:01,資料導入結束
------------------------------------
Log Entry : 2016年12月15日 09:00:01
2016/12/15 上午 09:00:01,開始導入資料...
------------------------------------
Log Entry : 2016年12月15日 09:00:01
2016/12/15 上午 09:00:01,資料導入結束
------------------------------------
Log Entry : 2016年12月15日 10:00:01
2016/12/15 上午 10:00:01,開始導入資料...
------------------------------------
Log Entry : 2016年12月15日 10:00:01
2016/12/15 上午 10:00:01,資料導入結束
------------------------------------
Log Entry : 2016年12月15日 11:00:01
2016/12/15 上午 11:00:01,開始導入資料...
------------------------------------
Log Entry : 2016年12月15日 11:00:01
2016/12/15 上午 11:00:01,資料導入結束
------------------------------------
Log Entry : 2016年12月15日 12:00:01
2016/12/15 下午 12:00:01,開始導入資料...
------------------------------------
Log Entry : 2016年12月15日 12:00:01
2016/12/15 下午 12:00:01,資料導入結束
------------------------------------
Log Entry : 2016年12月15日 13:00:02
2016/12/15 下午 01:00:02,開始導入資料...
------------------------------------
Log Entry : 2016年12月15日 13:00:02
2016/12/15 下午 01:00:02,資料導入結束
------------------------------------
Log Entry : 2016年12月15日 14:00:05
2016/12/15 下午 02:00:05,開始導入資料...
------------------------------------
Log Entry : 2016年12月15日 14:00:06
行更新成功。

------------------------------------
Log Entry : 2016年12月15日 14:00:06
第：1行 DN:369172 導入成功！.

------------------------------------
Log Entry : 2016年12月15日 14:00:06
行更新成功。

------------------------------------
Log Entry : 2016年12月15日 14:00:06
第：2行 DN:369172 導入成功！.

------------------------------------
Log Entry : 2016年12月15日 14:00:06
行更新成功。

------------------------------------
Log Entry : 2016年12月15日 14:00:06
第：3行 DN:369172 導入成功！.

------------------------------------
Log Entry : 2016年12月15日 14:00:06
行更新成功。

------------------------------------
Log Entry : 2016年12月15日 14:00:06
第：4行 DN:369172 導入成功！.

------------------------------------
Log Entry : 2016年12月15日 14:00:06
行更新成功。

------------------------------------
Log Entry : 2016年12月15日 14:00:06
第：5行 DN:369172 導入成功！.

------------------------------------
Log Entry : 2016年12月15日 14:00:06
行更新成功。

------------------------------------
Log Entry : 2016年12月15日 14:00:06
第：6行 DN:369172 導入成功！.

------------------------------------
Log Entry : 2016年12月15日 14:00:06
行更新成功。

------------------------------------
Log Entry : 2016年12月15日 14:00:06
第：7行 DN:369172 導入成功！.

------------------------------------
Log Entry : 2016年12月15日 14:00:06
行更新成功。

------------------------------------
Log Entry : 2016年12月15日 14:00:06
第：8行 DN:369172 導入成功！.

------------------------------------
Log Entry : 2016年12月15日 14:00:06
行更新成功。

------------------------------------
Log Entry : 2016年12月15日 14:00:06
第：9行 DN:369172 導入成功！.

------------------------------------
Log Entry : 2016年12月15日 14:00:07
行更新成功。

------------------------------------
Log Entry : 2016年12月15日 14:00:07
第：10行 DN:369172 導入成功！.

------------------------------------
Log Entry : 2016年12月15日 14:00:07
行更新成功。

------------------------------------
Log Entry : 2016年12月15日 14:00:07
第：11行 DN:369172 導入成功！.

------------------------------------
Log Entry : 2016年12月15日 14:00:07
行更新成功。

------------------------------------
Log Entry : 2016年12月15日 14:00:07
第：12行 DN:369172 導入成功！.

------------------------------------
Log Entry : 2016年12月15日 14:00:07
行更新成功。

------------------------------------
Log Entry : 2016年12月15日 14:00:07
第：13行 DN:369172 導入成功！.

------------------------------------
Log Entry : 2016年12月15日 14:00:07
行更新成功。

------------------------------------
Log Entry : 2016年12月15日 14:00:07
第：14行 DN:369172 導入成功！.

------------------------------------
Log Entry : 2016年12月15日 14:00:07
行更新成功。

------------------------------------
Log Entry : 2016年12月15日 14:00:07
第：15行 DN:369172 導入成功！.

------------------------------------
Log Entry : 2016年12月15日 14:00:07
行更新成功。

------------------------------------
Log Entry : 2016年12月15日 14:00:07
第：16行 DN:369172 導入成功！.

------------------------------------
Log Entry : 2016年12月15日 14:00:07
行更新成功。

------------------------------------
Log Entry : 2016年12月15日 14:00:07
第：17行 DN:369172 導入成功！.

------------------------------------
Log Entry : 2016年12月15日 14:00:07
行更新成功。

------------------------------------
Log Entry : 2016年12月15日 14:00:07
第：18行 DN:369172 導入成功！.

------------------------------------
Log Entry : 2016年12月15日 14:00:07
行更新成功。

------------------------------------
Log Entry : 2016年12月15日 14:00:07
第：19行 DN:369172 導入成功！.

------------------------------------
Log Entry : 2016年12月15日 14:00:07
行更新成功。

------------------------------------
Log Entry : 2016年12月15日 14:00:07
第：20行 DN:369172 導入成功！.

------------------------------------
Log Entry : 2016年12月15日 14:00:07
行更新成功。

------------------------------------
Log Entry : 2016年12月15日 14:00:07
第：21行 DN:369172 導入成功！.

------------------------------------
Log Entry : 2016年12月15日 14:00:07
行更新成功。

------------------------------------
Log Entry : 2016年12月15日 14:00:07
第：22行 DN:369172 導入成功！.

------------------------------------
Log Entry : 2016年12月15日 14:00:07
行更新成功。

------------------------------------
Log Entry : 2016年12月15日 14:00:07
第：23行 DN:369172 導入成功！.

------------------------------------
Log Entry : 2016年12月15日 14:00:07
行更新成功。

------------------------------------
Log Entry : 2016年12月15日 14:00:07
第：24行 DN:369172 導入成功！.

------------------------------------
Log Entry : 2016年12月15日 14:00:07
行更新成功。

------------------------------------
Log Entry : 2016年12月15日 14:00:07
第：25行 DN:369172 導入成功！.

------------------------------------
Log Entry : 2016年12月15日 14:00:08
行更新成功。

------------------------------------
Log Entry : 2016年12月15日 14:00:08
第：26行 DN:369172 導入成功！.

------------------------------------
Log Entry : 2016年12月15日 14:00:08
行更新成功。

------------------------------------
Log Entry : 2016年12月15日 14:00:08
第：27行 DN:369172 導入成功！.

------------------------------------
Log Entry : 2016年12月15日 14:00:08
行更新成功。

------------------------------------
Log Entry : 2016年12月15日 14:00:08
第：28行 DN:369172 導入成功！.

------------------------------------
Log Entry : 2016年12月15日 14:00:08
行更新成功。

------------------------------------
Log Entry : 2016年12月15日 14:00:08
第：29行 DN:369172 導入成功！.

------------------------------------
Log Entry : 2016年12月15日 14:00:08
行更新成功。

------------------------------------
Log Entry : 2016年12月15日 14:00:08
第：30行 DN:369172 導入成功！.

------------------------------------
Log Entry : 2016年12月15日 14:00:08
行更新成功。

------------------------------------
Log Entry : 2016年12月15日 14:00:08
第：31行 DN:369172 導入成功！.

------------------------------------
Log Entry : 2016年12月15日 14:00:09
行更新成功。

------------------------------------
Log Entry : 2016年12月15日 14:00:09
第：32行 DN:369172 導入成功！.

------------------------------------
Log Entry : 2016年12月15日 14:00:09
行更新成功。

------------------------------------
Log Entry : 2016年12月15日 14:00:09
第：33行 DN:369172 導入成功！.

------------------------------------
Log Entry : 2016年12月15日 14:00:09
行更新成功。

------------------------------------
Log Entry : 2016年12月15日 14:00:09
第：34行 DN:369172 導入成功！.

------------------------------------
Log Entry : 2016年12月15日 14:00:09
行更新成功。

------------------------------------
Log Entry : 2016年12月15日 14:00:09
第：35行 DN:369172 導入成功！.

------------------------------------
Log Entry : 2016年12月15日 14:00:09
行更新成功。

------------------------------------
Log Entry : 2016年12月15日 14:00:09
第：36行 DN:369172 導入成功！.

------------------------------------
Log Entry : 2016年12月15日 14:00:09
行更新成功。

------------------------------------
Log Entry : 2016年12月15日 14:00:09
第：37行 DN:369172 導入成功！.

------------------------------------
Log Entry : 2016年12月15日 14:00:09
行更新成功。

------------------------------------
Log Entry : 2016年12月15日 14:00:09
第：38行 DN:369172 導入成功！.

------------------------------------
Log Entry : 2016年12月15日 14:00:09
行更新成功。

------------------------------------
Log Entry : 2016年12月15日 14:00:09
第：39行 DN:369172 導入成功！.

------------------------------------
Log Entry : 2016年12月15日 14:00:09
行更新成功。

------------------------------------
Log Entry : 2016年12月15日 14:00:09
第：40行 DN:369172 導入成功！.

------------------------------------
Log Entry : 2016年12月15日 14:00:09
行更新成功。

------------------------------------
Log Entry : 2016年12月15日 14:00:09
第：41行 DN:369172 導入成功！.

------------------------------------
Log Entry : 2016年12月15日 14:00:09
行更新成功。

------------------------------------
Log Entry : 2016年12月15日 14:00:09
第：42行 DN:369172 導入成功！.

------------------------------------
Log Entry : 2016年12月15日 14:00:10
行更新成功。

------------------------------------
Log Entry : 2016年12月15日 14:00:10
第：43行 DN:369172 導入成功！.

------------------------------------
Log Entry : 2016年12月15日 14:00:10
行更新成功。

------------------------------------
Log Entry : 2016年12月15日 14:00:10
第：44行 DN:369172 導入成功！.

------------------------------------
Log Entry : 2016年12月15日 14:00:10
行更新成功。

------------------------------------
Log Entry : 2016年12月15日 14:00:10
第：45行 DN:369172 導入成功！.

------------------------------------
Log Entry : 2016年12月15日 14:00:10
行更新成功。

------------------------------------
Log Entry : 2016年12月15日 14:00:10
第：46行 DN:369172 導入成功！.

------------------------------------
Log Entry : 2016年12月15日 14:00:10
行更新成功。

------------------------------------
Log Entry : 2016年12月15日 14:00:10
第：47行 DN:369172 導入成功！.

------------------------------------
Log Entry : 2016年12月15日 14:00:10
行更新成功。

------------------------------------
Log Entry : 2016年12月15日 14:00:10
第：48行 DN:369172 導入成功！.

------------------------------------
Log Entry : 2016年12月15日 14:00:10
行更新成功。

------------------------------------
Log Entry : 2016年12月15日 14:00:10
第：49行 DN:369172 導入成功！.

------------------------------------
Log Entry : 2016年12月15日 14:00:10
行更新成功。

------------------------------------
Log Entry : 2016年12月15日 14:00:10
第：50行 DN:369172 導入成功！.

------------------------------------
Log Entry : 2016年12月15日 14:00:10
行更新成功。

------------------------------------
Log Entry : 2016年12月15日 14:00:10
第：51行 DN:369172 導入成功！.

------------------------------------
Log Entry : 2016年12月15日 14:00:10
行更新成功。

------------------------------------
Log Entry : 2016年12月15日 14:00:10
第：52行 DN:369172 導入成功！.

------------------------------------
Log Entry : 2016年12月15日 14:00:10
行更新成功。

------------------------------------
Log Entry : 2016年12月15日 14:00:10
第：53行 DN:369172 導入成功！.

------------------------------------
Log Entry : 2016年12月15日 14:00:10
行更新成功。

------------------------------------
Log Entry : 2016年12月15日 14:00:10
第：54行 DN:369172 導入成功！.

------------------------------------
Log Entry : 2016年12月15日 14:00:11
行更新成功。

------------------------------------
Log Entry : 2016年12月15日 14:00:11
第：55行 DN:369172 導入成功！.

------------------------------------
Log Entry : 2016年12月15日 14:00:11
行更新成功。

------------------------------------
Log Entry : 2016年12月15日 14:00:11
第：56行 DN:369172 導入成功！.

------------------------------------
Log Entry : 2016年12月15日 14:00:11
行更新成功。

------------------------------------
Log Entry : 2016年12月15日 14:00:11
第：57行 DN:369172 導入成功！.

------------------------------------
Log Entry : 2016年12月15日 14:00:11
行更新成功。

------------------------------------
Log Entry : 2016年12月15日 14:00:11
第：58行 DN:369172 導入成功！.

------------------------------------
Log Entry : 2016年12月15日 14:00:11
行更新成功。

------------------------------------
Log Entry : 2016年12月15日 14:00:11
第：59行 DN:369172 導入成功！.

------------------------------------
Log Entry : 2016年12月15日 14:00:11
行更新成功。

------------------------------------
Log Entry : 2016年12月15日 14:00:11
第：60行 DN:369172 導入成功！.

------------------------------------
Log Entry : 2016年12月15日 14:00:11
行更新成功。

------------------------------------
Log Entry : 2016年12月15日 14:00:11
第：61行 DN:369172 導入成功！.

------------------------------------
Log Entry : 2016年12月15日 14:00:11
行更新成功。

------------------------------------
Log Entry : 2016年12月15日 14:00:11
第：62行 DN:369172 導入成功！.

------------------------------------
Log Entry : 2016年12月15日 14:00:11
行更新成功。

------------------------------------
Log Entry : 2016年12月15日 14:00:11
第：63行 DN:369172 導入成功！.

------------------------------------
Log Entry : 2016年12月15日 14:00:11
行更新成功。

------------------------------------
Log Entry : 2016年12月15日 14:00:11
第：64行 DN:369172 導入成功！.

------------------------------------
Log Entry : 2016年12月15日 14:00:11
行更新成功。

------------------------------------
Log Entry : 2016年12月15日 14:00:11
第：65行 DN:369172 導入成功！.

------------------------------------
Log Entry : 2016年12月15日 14:00:11
行更新成功。

------------------------------------
Log Entry : 2016年12月15日 14:00:11
第：66行 DN:369172 導入成功！.

------------------------------------
Log Entry : 2016年12月15日 14:00:11
行更新成功。

------------------------------------
Log Entry : 2016年12月15日 14:00:11
第：67行 DN:369172 導入成功！.

------------------------------------
Log Entry : 2016年12月15日 14:00:12
行更新成功。

------------------------------------
Log Entry : 2016年12月15日 14:00:12
第：68行 DN:369172 導入成功！.

------------------------------------
Log Entry : 2016年12月15日 14:00:12
行更新成功。

------------------------------------
Log Entry : 2016年12月15日 14:00:12
第：69行 DN:369172 導入成功！.

------------------------------------
Log Entry : 2016年12月15日 14:00:12
行更新成功。

------------------------------------
Log Entry : 2016年12月15日 14:00:12
第：70行 DN:369172 導入成功！.

------------------------------------
Log Entry : 2016年12月15日 14:00:12
行更新成功。

------------------------------------
Log Entry : 2016年12月15日 14:00:12
第：71行 DN:369172 導入成功！.

------------------------------------
Log Entry : 2016年12月15日 14:00:12
行更新成功。

------------------------------------
Log Entry : 2016年12月15日 14:00:12
第：72行 DN:369172 導入成功！.

------------------------------------
Log Entry : 2016年12月15日 14:00:12
行更新成功。

------------------------------------
Log Entry : 2016年12月15日 14:00:12
第：73行 DN:369172 導入成功！.

------------------------------------
Log Entry : 2016年12月15日 14:00:12
行更新成功。

------------------------------------
Log Entry : 2016年12月15日 14:00:12
第：74行 DN:369172 導入成功！.

------------------------------------
Log Entry : 2016年12月15日 14:00:12
行更新成功。

------------------------------------
Log Entry : 2016年12月15日 14:00:12
第：75行 DN:369172 導入成功！.

------------------------------------
Log Entry : 2016年12月15日 14:00:12
行更新成功。

------------------------------------
Log Entry : 2016年12月15日 14:00:12
第：76行 DN:369172 導入成功！.

------------------------------------
Log Entry : 2016年12月15日 14:00:12
行更新成功。

------------------------------------
Log Entry : 2016年12月15日 14:00:12
第：77行 DN:369172 導入成功！.

------------------------------------
Log Entry : 2016年12月15日 14:00:12
行更新成功。

------------------------------------
Log Entry : 2016年12月15日 14:00:12
第：78行 DN:369172 導入成功！.

------------------------------------
Log Entry : 2016年12月15日 14:00:12
行更新成功。

------------------------------------
Log Entry : 2016年12月15日 14:00:12
第：79行 DN:369172 導入成功！.

------------------------------------
Log Entry : 2016年12月15日 14:00:12
行更新成功。

------------------------------------
Log Entry : 2016年12月15日 14:00:12
第：80行 DN:369172 導入成功！.

------------------------------------
Log Entry : 2016年12月15日 14:00:12
行更新成功。

------------------------------------
Log Entry : 2016年12月15日 14:00:12
第：81行 DN:369172 導入成功！.

------------------------------------
Log Entry : 2016年12月15日 14:00:12
行更新成功。

------------------------------------
Log Entry : 2016年12月15日 14:00:12
第：82行 DN:369172 導入成功！.

------------------------------------
Log Entry : 2016年12月15日 14:00:12
行更新成功。

------------------------------------
Log Entry : 2016年12月15日 14:00:12
第：83行 DN:369172 導入成功！.

------------------------------------
Log Entry : 2016年12月15日 14:00:12
行更新成功。

------------------------------------
Log Entry : 2016年12月15日 14:00:12
第：84行 DN:369172 導入成功！.

------------------------------------
Log Entry : 2016年12月15日 14:00:13
行更新成功。

------------------------------------
Log Entry : 2016年12月15日 14:00:13
第：85行 DN:369172 導入成功！.

------------------------------------
Log Entry : 2016年12月15日 14:00:13
行更新成功。

------------------------------------
Log Entry : 2016年12月15日 14:00:13
第：86行 DN:369172 導入成功！.

------------------------------------
Log Entry : 2016年12月15日 14:00:13
行更新成功。

------------------------------------
Log Entry : 2016年12月15日 14:00:13
第：87行 DN:369172 導入成功！.

------------------------------------
Log Entry : 2016年12月15日 14:00:13
行更新成功。

------------------------------------
Log Entry : 2016年12月15日 14:00:13
第：88行 DN:369172 導入成功！.

------------------------------------
Log Entry : 2016年12月15日 14:00:13
行更新成功。

------------------------------------
Log Entry : 2016年12月15日 14:00:13
第：89行 DN:369172 導入成功！.

------------------------------------
Log Entry : 2016年12月15日 14:00:13
行更新成功。

------------------------------------
Log Entry : 2016年12月15日 14:00:13
第：90行 DN:369172 導入成功！.

------------------------------------
Log Entry : 2016年12月15日 14:00:13
行更新成功。

------------------------------------
Log Entry : 2016年12月15日 14:00:13
第：91行 DN:369172 導入成功！.

------------------------------------
Log Entry : 2016年12月15日 14:00:13
行更新成功。

------------------------------------
Log Entry : 2016年12月15日 14:00:13
第：92行 DN:369172 導入成功！.

------------------------------------
Log Entry : 2016年12月15日 14:00:13
行更新成功。

------------------------------------
Log Entry : 2016年12月15日 14:00:13
第：93行 DN:369172 導入成功！.

------------------------------------
Log Entry : 2016年12月15日 14:00:13
行更新成功。

------------------------------------
Log Entry : 2016年12月15日 14:00:13
第：94行 DN:369172 導入成功！.

------------------------------------
Log Entry : 2016年12月15日 14:00:13
行更新成功。

------------------------------------
Log Entry : 2016年12月15日 14:00:13
第：95行 DN:369172 導入成功！.

------------------------------------
Log Entry : 2016年12月15日 14:00:13
2016/12/15 下午 02:00:13,資料導入結束
------------------------------------
Log Entry : 2016年12月15日 15:00:02
2016/12/15 下午 03:00:02,開始導入資料...
------------------------------------
Log Entry : 2016年12月15日 15:00:02
2016/12/15 下午 03:00:02,資料導入結束
------------------------------------
Log Entry : 2016年12月15日 16:00:02
2016/12/15 下午 04:00:02,開始導入資料...
------------------------------------
Log Entry : 2016年12月15日 16:00:02
2016/12/15 下午 04:00:02,資料導入結束
------------------------------------
Log Entry : 2016年12月15日 17:00:02
2016/12/15 下午 05:00:02,開始導入資料...
------------------------------------
Log Entry : 2016年12月15日 17:00:02
2016/12/15 下午 05:00:02,資料導入結束
------------------------------------
Log Entry : 2016年12月15日 18:00:02
2016/12/15 下午 06:00:02,開始導入資料...
------------------------------------
Log Entry : 2016年12月15日 18:00:02
2016/12/15 下午 06:00:02,資料導入結束
------------------------------------
Log Entry : 2016年12月15日 19:00:03
2016/12/15 下午 07:00:03,開始導入資料...
------------------------------------
Log Entry : 2016年12月15日 19:00:03
2016/12/15 下午 07:00:03,資料導入結束
------------------------------------
Log Entry : 2016年12月15日 20:00:10
2016/12/15 下午 08:00:10,開始導入資料...
------------------------------------
Log Entry : 2016年12月15日 20:00:10
2016/12/15 下午 08:00:10,資料導入結束
------------------------------------
Log Entry : 2016年12月15日 21:00:02
2016/12/15 下午 09:00:02,開始導入資料...
------------------------------------
Log Entry : 2016年12月15日 21:00:02
2016/12/15 下午 09:00:02,資料導入結束
------------------------------------
Log Entry : 2016年12月15日 22:00:01
2016/12/15 下午 10:00:01,開始導入資料...
------------------------------------
Log Entry : 2016年12月15日 22:00:01
2016/12/15 下午 10:00:01,資料導入結束
------------------------------------
Log Entry : 2016年12月15日 23:00:02
2016/12/15 下午 11:00:02,開始導入資料...
------------------------------------
Log Entry : 2016年12月15日 23:00:02
2016/12/15 下午 11:00:02,資料導入結束
------------------------------------
